ERROR - 2024-04-23 16:50:45 --> mysqli_sql_exception: Table 'biblioteca.autores' doesn't exist in /opt/lampp/htdocs/ci4_biblioteca/system/Database/MySQLi/Connection.php:306
Stack trace:
#0 /opt/lampp/htdocs/ci4_biblioteca/system/Database/MySQLi/Connection.php(306): mysqli->query()
#1 /opt/lampp/htdocs/ci4_biblioteca/system/Database/BaseConnection.php(693): CodeIgniter\Database\MySQLi\Connection->execute()
#2 /opt/lampp/htdocs/ci4_biblioteca/system/Database/BaseConnection.php(607): CodeIgniter\Database\BaseConnection->simpleQuery()
#3 /opt/lampp/htdocs/ci4_biblioteca/system/Database/BaseBuilder.php(1616): CodeIgniter\Database\BaseConnection->query()
#4 /opt/lampp/htdocs/ci4_biblioteca/system/Model.php(242): CodeIgniter\Database\BaseBuilder->get()
#5 /opt/lampp/htdocs/ci4_biblioteca/system/BaseModel.php(638): CodeIgniter\Model->doFindAll()
#6 /opt/lampp/htdocs/ci4_biblioteca/app/Controllers/Autor.php(17): CodeIgniter\BaseModel->findAll()
#7 /opt/lampp/htdocs/ci4_biblioteca/system/CodeIgniter.php(941): App\Controllers\Autor->index()
#8 /opt/lampp/htdocs/ci4_biblioteca/system/CodeIgniter.php(502): CodeIgniter\CodeIgniter->runController()
#9 /opt/lampp/htdocs/ci4_biblioteca/system/CodeIgniter.php(361): CodeIgniter\CodeIgniter->handleRequest()
#10 /opt/lampp/htdocs/ci4_biblioteca/public/index.php(79): CodeIgniter\CodeIgniter->run()
#11 /opt/lampp/htdocs/ci4_biblioteca/system/Commands/Server/rewrite.php(47): require_once('...')
#12 {main}
CRITICAL - 2024-04-23 16:50:45 --> CodeIgniter\Database\Exceptions\DatabaseException: Table 'biblioteca.autores' doesn't exist
in SYSTEMPATH/Database/BaseConnection.php on line 647.
 1 SYSTEMPATH/Database/BaseBuilder.php(1616): CodeIgniter\Database\BaseConnection->query()
 2 SYSTEMPATH/Model.php(242): CodeIgniter\Database\BaseBuilder->get()
 3 SYSTEMPATH/BaseModel.php(638): CodeIgniter\Model->doFindAll()
 4 APPPATH/Controllers/Autor.php(17): CodeIgniter\BaseModel->findAll()
 5 SYSTEMPATH/CodeIgniter.php(941): App\Controllers\Autor->index()
 6 SYSTEMPATH/CodeIgniter.php(502): CodeIgniter\CodeIgniter->runController()
 7 SYSTEMPATH/CodeIgniter.php(361): CodeIgniter\CodeIgniter->handleRequest()
 8 FCPATH/index.php(79): CodeIgniter\CodeIgniter->run()
 9 SYSTEMPATH/Commands/Server/rewrite.php(47): require_once('/opt/lampp/htdocs/ci4_biblioteca/public/index.php')
CRITICAL - 2024-04-23 16:50:45 --> [Caused by] CodeIgniter\Database\Exceptions\DatabaseException: Table 'biblioteca.autores' doesn't exist
in SYSTEMPATH/Database/MySQLi/Connection.php on line 311.
 1 SYSTEMPATH/Database/BaseConnection.php(693): CodeIgniter\Database\MySQLi\Connection->execute()
 2 SYSTEMPATH/Database/BaseConnection.php(607): CodeIgniter\Database\BaseConnection->simpleQuery()
 3 SYSTEMPATH/Database/BaseBuilder.php(1616): CodeIgniter\Database\BaseConnection->query()
 4 SYSTEMPATH/Model.php(242): CodeIgniter\Database\BaseBuilder->get()
 5 SYSTEMPATH/BaseModel.php(638): CodeIgniter\Model->doFindAll()
 6 APPPATH/Controllers/Autor.php(17): CodeIgniter\BaseModel->findAll()
 7 SYSTEMPATH/CodeIgniter.php(941): App\Controllers\Autor->index()
 8 SYSTEMPATH/CodeIgniter.php(502): CodeIgniter\CodeIgniter->runController()
 9 SYSTEMPATH/CodeIgniter.php(361): CodeIgniter\CodeIgniter->handleRequest()
10 FCPATH/index.php(79): CodeIgniter\CodeIgniter->run()
11 SYSTEMPATH/Commands/Server/rewrite.php(47): require_once('/opt/lampp/htdocs/ci4_biblioteca/public/index.php')
CRITICAL - 2024-04-23 16:50:45 --> [Caused by] mysqli_sql_exception: Table 'biblioteca.autores' doesn't exist
in SYSTEMPATH/Database/MySQLi/Connection.php on line 306.
 1 SYSTEMPATH/Database/MySQLi/Connection.php(306): mysqli->query()
 2 SYSTEMPATH/Database/BaseConnection.php(693): CodeIgniter\Database\MySQLi\Connection->execute()
 3 SYSTEMPATH/Database/BaseConnection.php(607): CodeIgniter\Database\BaseConnection->simpleQuery()
 4 SYSTEMPATH/Database/BaseBuilder.php(1616): CodeIgniter\Database\BaseConnection->query()
 5 SYSTEMPATH/Model.php(242): CodeIgniter\Database\BaseBuilder->get()
 6 SYSTEMPATH/BaseModel.php(638): CodeIgniter\Model->doFindAll()
 7 APPPATH/Controllers/Autor.php(17): CodeIgniter\BaseModel->findAll()
 8 SYSTEMPATH/CodeIgniter.php(941): App\Controllers\Autor->index()
 9 SYSTEMPATH/CodeIgniter.php(502): CodeIgniter\CodeIgniter->runController()
10 SYSTEMPATH/CodeIgniter.php(361): CodeIgniter\CodeIgniter->handleRequest()
11 FCPATH/index.php(79): CodeIgniter\CodeIgniter->run()
12 SYSTEMPATH/Commands/Server/rewrite.php(47): require_once('/opt/lampp/htdocs/ci4_biblioteca/public/index.php')
ERROR - 2024-04-23 16:51:00 --> mysqli_sql_exception: Table 'biblioteca.autores' doesn't exist in /opt/lampp/htdocs/ci4_biblioteca/system/Database/MySQLi/Connection.php:306
Stack trace:
#0 /opt/lampp/htdocs/ci4_biblioteca/system/Database/MySQLi/Connection.php(306): mysqli->query()
#1 /opt/lampp/htdocs/ci4_biblioteca/system/Database/BaseConnection.php(693): CodeIgniter\Database\MySQLi\Connection->execute()
#2 /opt/lampp/htdocs/ci4_biblioteca/system/Database/BaseConnection.php(607): CodeIgniter\Database\BaseConnection->simpleQuery()
#3 /opt/lampp/htdocs/ci4_biblioteca/system/Database/BaseBuilder.php(1616): CodeIgniter\Database\BaseConnection->query()
#4 /opt/lampp/htdocs/ci4_biblioteca/system/Model.php(242): CodeIgniter\Database\BaseBuilder->get()
#5 /opt/lampp/htdocs/ci4_biblioteca/system/BaseModel.php(638): CodeIgniter\Model->doFindAll()
#6 /opt/lampp/htdocs/ci4_biblioteca/app/Controllers/Autor.php(17): CodeIgniter\BaseModel->findAll()
#7 /opt/lampp/htdocs/ci4_biblioteca/system/CodeIgniter.php(941): App\Controllers\Autor->index()
#8 /opt/lampp/htdocs/ci4_biblioteca/system/CodeIgniter.php(502): CodeIgniter\CodeIgniter->runController()
#9 /opt/lampp/htdocs/ci4_biblioteca/system/CodeIgniter.php(361): CodeIgniter\CodeIgniter->handleRequest()
#10 /opt/lampp/htdocs/ci4_biblioteca/public/index.php(79): CodeIgniter\CodeIgniter->run()
#11 /opt/lampp/htdocs/ci4_biblioteca/system/Commands/Server/rewrite.php(47): require_once('...')
#12 {main}
CRITICAL - 2024-04-23 16:51:00 --> CodeIgniter\Database\Exceptions\DatabaseException: Table 'biblioteca.autores' doesn't exist
in SYSTEMPATH/Database/BaseConnection.php on line 647.
 1 SYSTEMPATH/Database/BaseBuilder.php(1616): CodeIgniter\Database\BaseConnection->query()
 2 SYSTEMPATH/Model.php(242): CodeIgniter\Database\BaseBuilder->get()
 3 SYSTEMPATH/BaseModel.php(638): CodeIgniter\Model->doFindAll()
 4 APPPATH/Controllers/Autor.php(17): CodeIgniter\BaseModel->findAll()
 5 SYSTEMPATH/CodeIgniter.php(941): App\Controllers\Autor->index()
 6 SYSTEMPATH/CodeIgniter.php(502): CodeIgniter\CodeIgniter->runController()
 7 SYSTEMPATH/CodeIgniter.php(361): CodeIgniter\CodeIgniter->handleRequest()
 8 FCPATH/index.php(79): CodeIgniter\CodeIgniter->run()
 9 SYSTEMPATH/Commands/Server/rewrite.php(47): require_once('/opt/lampp/htdocs/ci4_biblioteca/public/index.php')
CRITICAL - 2024-04-23 16:51:00 --> [Caused by] CodeIgniter\Database\Exceptions\DatabaseException: Table 'biblioteca.autores' doesn't exist
in SYSTEMPATH/Database/MySQLi/Connection.php on line 311.
 1 SYSTEMPATH/Database/BaseConnection.php(693): CodeIgniter\Database\MySQLi\Connection->execute()
 2 SYSTEMPATH/Database/BaseConnection.php(607): CodeIgniter\Database\BaseConnection->simpleQuery()
 3 SYSTEMPATH/Database/BaseBuilder.php(1616): CodeIgniter\Database\BaseConnection->query()
 4 SYSTEMPATH/Model.php(242): CodeIgniter\Database\BaseBuilder->get()
 5 SYSTEMPATH/BaseModel.php(638): CodeIgniter\Model->doFindAll()
 6 APPPATH/Controllers/Autor.php(17): CodeIgniter\BaseModel->findAll()
 7 SYSTEMPATH/CodeIgniter.php(941): App\Controllers\Autor->index()
 8 SYSTEMPATH/CodeIgniter.php(502): CodeIgniter\CodeIgniter->runController()
 9 SYSTEMPATH/CodeIgniter.php(361): CodeIgniter\CodeIgniter->handleRequest()
10 FCPATH/index.php(79): CodeIgniter\CodeIgniter->run()
11 SYSTEMPATH/Commands/Server/rewrite.php(47): require_once('/opt/lampp/htdocs/ci4_biblioteca/public/index.php')
CRITICAL - 2024-04-23 16:51:00 --> [Caused by] mysqli_sql_exception: Table 'biblioteca.autores' doesn't exist
in SYSTEMPATH/Database/MySQLi/Connection.php on line 306.
 1 SYSTEMPATH/Database/MySQLi/Connection.php(306): mysqli->query()
 2 SYSTEMPATH/Database/BaseConnection.php(693): CodeIgniter\Database\MySQLi\Connection->execute()
 3 SYSTEMPATH/Database/BaseConnection.php(607): CodeIgniter\Database\BaseConnection->simpleQuery()
 4 SYSTEMPATH/Database/BaseBuilder.php(1616): CodeIgniter\Database\BaseConnection->query()
 5 SYSTEMPATH/Model.php(242): CodeIgniter\Database\BaseBuilder->get()
 6 SYSTEMPATH/BaseModel.php(638): CodeIgniter\Model->doFindAll()
 7 APPPATH/Controllers/Autor.php(17): CodeIgniter\BaseModel->findAll()
 8 SYSTEMPATH/CodeIgniter.php(941): App\Controllers\Autor->index()
 9 SYSTEMPATH/CodeIgniter.php(502): CodeIgniter\CodeIgniter->runController()
10 SYSTEMPATH/CodeIgniter.php(361): CodeIgniter\CodeIgniter->handleRequest()
11 FCPATH/index.php(79): CodeIgniter\CodeIgniter->run()
12 SYSTEMPATH/Commands/Server/rewrite.php(47): require_once('/opt/lampp/htdocs/ci4_biblioteca/public/index.php')
ERROR - 2024-04-23 16:51:34 --> mysqli_sql_exception: Table 'biblioteca.autores' doesn't exist in /opt/lampp/htdocs/ci4_biblioteca/system/Database/MySQLi/Connection.php:306
Stack trace:
#0 /opt/lampp/htdocs/ci4_biblioteca/system/Database/MySQLi/Connection.php(306): mysqli->query()
#1 /opt/lampp/htdocs/ci4_biblioteca/system/Database/BaseConnection.php(693): CodeIgniter\Database\MySQLi\Connection->execute()
#2 /opt/lampp/htdocs/ci4_biblioteca/system/Database/BaseConnection.php(607): CodeIgniter\Database\BaseConnection->simpleQuery()
#3 /opt/lampp/htdocs/ci4_biblioteca/system/Database/BaseBuilder.php(1616): CodeIgniter\Database\BaseConnection->query()
#4 /opt/lampp/htdocs/ci4_biblioteca/system/Model.php(242): CodeIgniter\Database\BaseBuilder->get()
#5 /opt/lampp/htdocs/ci4_biblioteca/system/BaseModel.php(638): CodeIgniter\Model->doFindAll()
#6 /opt/lampp/htdocs/ci4_biblioteca/app/Controllers/Autor.php(17): CodeIgniter\BaseModel->findAll()
#7 /opt/lampp/htdocs/ci4_biblioteca/system/CodeIgniter.php(941): App\Controllers\Autor->index()
#8 /opt/lampp/htdocs/ci4_biblioteca/system/CodeIgniter.php(502): CodeIgniter\CodeIgniter->runController()
#9 /opt/lampp/htdocs/ci4_biblioteca/system/CodeIgniter.php(361): CodeIgniter\CodeIgniter->handleRequest()
#10 /opt/lampp/htdocs/ci4_biblioteca/public/index.php(79): CodeIgniter\CodeIgniter->run()
#11 /opt/lampp/htdocs/ci4_biblioteca/system/Commands/Server/rewrite.php(47): require_once('...')
#12 {main}
CRITICAL - 2024-04-23 16:51:34 --> CodeIgniter\Database\Exceptions\DatabaseException: Table 'biblioteca.autores' doesn't exist
in SYSTEMPATH/Database/BaseConnection.php on line 647.
 1 SYSTEMPATH/Database/BaseBuilder.php(1616): CodeIgniter\Database\BaseConnection->query()
 2 SYSTEMPATH/Model.php(242): CodeIgniter\Database\BaseBuilder->get()
 3 SYSTEMPATH/BaseModel.php(638): CodeIgniter\Model->doFindAll()
 4 APPPATH/Controllers/Autor.php(17): CodeIgniter\BaseModel->findAll()
 5 SYSTEMPATH/CodeIgniter.php(941): App\Controllers\Autor->index()
 6 SYSTEMPATH/CodeIgniter.php(502): CodeIgniter\CodeIgniter->runController()
 7 SYSTEMPATH/CodeIgniter.php(361): CodeIgniter\CodeIgniter->handleRequest()
 8 FCPATH/index.php(79): CodeIgniter\CodeIgniter->run()
 9 SYSTEMPATH/Commands/Server/rewrite.php(47): require_once('/opt/lampp/htdocs/ci4_biblioteca/public/index.php')
CRITICAL - 2024-04-23 16:51:34 --> [Caused by] CodeIgniter\Database\Exceptions\DatabaseException: Table 'biblioteca.autores' doesn't exist
in SYSTEMPATH/Database/MySQLi/Connection.php on line 311.
 1 SYSTEMPATH/Database/BaseConnection.php(693): CodeIgniter\Database\MySQLi\Connection->execute()
 2 SYSTEMPATH/Database/BaseConnection.php(607): CodeIgniter\Database\BaseConnection->simpleQuery()
 3 SYSTEMPATH/Database/BaseBuilder.php(1616): CodeIgniter\Database\BaseConnection->query()
 4 SYSTEMPATH/Model.php(242): CodeIgniter\Database\BaseBuilder->get()
 5 SYSTEMPATH/BaseModel.php(638): CodeIgniter\Model->doFindAll()
 6 APPPATH/Controllers/Autor.php(17): CodeIgniter\BaseModel->findAll()
 7 SYSTEMPATH/CodeIgniter.php(941): App\Controllers\Autor->index()
 8 SYSTEMPATH/CodeIgniter.php(502): CodeIgniter\CodeIgniter->runController()
 9 SYSTEMPATH/CodeIgniter.php(361): CodeIgniter\CodeIgniter->handleRequest()
10 FCPATH/index.php(79): CodeIgniter\CodeIgniter->run()
11 SYSTEMPATH/Commands/Server/rewrite.php(47): require_once('/opt/lampp/htdocs/ci4_biblioteca/public/index.php')
CRITICAL - 2024-04-23 16:51:34 --> [Caused by] mysqli_sql_exception: Table 'biblioteca.autores' doesn't exist
in SYSTEMPATH/Database/MySQLi/Connection.php on line 306.
 1 SYSTEMPATH/Database/MySQLi/Connection.php(306): mysqli->query()
 2 SYSTEMPATH/Database/BaseConnection.php(693): CodeIgniter\Database\MySQLi\Connection->execute()
 3 SYSTEMPATH/Database/BaseConnection.php(607): CodeIgniter\Database\BaseConnection->simpleQuery()
 4 SYSTEMPATH/Database/BaseBuilder.php(1616): CodeIgniter\Database\BaseConnection->query()
 5 SYSTEMPATH/Model.php(242): CodeIgniter\Database\BaseBuilder->get()
 6 SYSTEMPATH/BaseModel.php(638): CodeIgniter\Model->doFindAll()
 7 APPPATH/Controllers/Autor.php(17): CodeIgniter\BaseModel->findAll()
 8 SYSTEMPATH/CodeIgniter.php(941): App\Controllers\Autor->index()
 9 SYSTEMPATH/CodeIgniter.php(502): CodeIgniter\CodeIgniter->runController()
10 SYSTEMPATH/CodeIgniter.php(361): CodeIgniter\CodeIgniter->handleRequest()
11 FCPATH/index.php(79): CodeIgniter\CodeIgniter->run()
12 SYSTEMPATH/Commands/Server/rewrite.php(47): require_once('/opt/lampp/htdocs/ci4_biblioteca/public/index.php')
ERROR - 2024-04-23 16:57:01 --> mysqli_sql_exception: Table 'biblioteca.autores' doesn't exist in /opt/lampp/htdocs/ci4_biblioteca/system/Database/MySQLi/Connection.php:306
Stack trace:
#0 /opt/lampp/htdocs/ci4_biblioteca/system/Database/MySQLi/Connection.php(306): mysqli->query()
#1 /opt/lampp/htdocs/ci4_biblioteca/system/Database/BaseConnection.php(693): CodeIgniter\Database\MySQLi\Connection->execute()
#2 /opt/lampp/htdocs/ci4_biblioteca/system/Database/BaseConnection.php(607): CodeIgniter\Database\BaseConnection->simpleQuery()
#3 /opt/lampp/htdocs/ci4_biblioteca/system/Database/BaseBuilder.php(1616): CodeIgniter\Database\BaseConnection->query()
#4 /opt/lampp/htdocs/ci4_biblioteca/system/Model.php(242): CodeIgniter\Database\BaseBuilder->get()
#5 /opt/lampp/htdocs/ci4_biblioteca/system/BaseModel.php(638): CodeIgniter\Model->doFindAll()
#6 /opt/lampp/htdocs/ci4_biblioteca/app/Controllers/Autor.php(17): CodeIgniter\BaseModel->findAll()
#7 /opt/lampp/htdocs/ci4_biblioteca/system/CodeIgniter.php(941): App\Controllers\Autor->index()
#8 /opt/lampp/htdocs/ci4_biblioteca/system/CodeIgniter.php(502): CodeIgniter\CodeIgniter->runController()
#9 /opt/lampp/htdocs/ci4_biblioteca/system/CodeIgniter.php(361): CodeIgniter\CodeIgniter->handleRequest()
#10 /opt/lampp/htdocs/ci4_biblioteca/public/index.php(79): CodeIgniter\CodeIgniter->run()
#11 /opt/lampp/htdocs/ci4_biblioteca/system/Commands/Server/rewrite.php(47): require_once('...')
#12 {main}
CRITICAL - 2024-04-23 16:57:01 --> CodeIgniter\Database\Exceptions\DatabaseException: Table 'biblioteca.autores' doesn't exist
in SYSTEMPATH/Database/BaseConnection.php on line 647.
 1 SYSTEMPATH/Database/BaseBuilder.php(1616): CodeIgniter\Database\BaseConnection->query()
 2 SYSTEMPATH/Model.php(242): CodeIgniter\Database\BaseBuilder->get()
 3 SYSTEMPATH/BaseModel.php(638): CodeIgniter\Model->doFindAll()
 4 APPPATH/Controllers/Autor.php(17): CodeIgniter\BaseModel->findAll()
 5 SYSTEMPATH/CodeIgniter.php(941): App\Controllers\Autor->index()
 6 SYSTEMPATH/CodeIgniter.php(502): CodeIgniter\CodeIgniter->runController()
 7 SYSTEMPATH/CodeIgniter.php(361): CodeIgniter\CodeIgniter->handleRequest()
 8 FCPATH/index.php(79): CodeIgniter\CodeIgniter->run()
 9 SYSTEMPATH/Commands/Server/rewrite.php(47): require_once('/opt/lampp/htdocs/ci4_biblioteca/public/index.php')
CRITICAL - 2024-04-23 16:57:01 --> [Caused by] CodeIgniter\Database\Exceptions\DatabaseException: Table 'biblioteca.autores' doesn't exist
in SYSTEMPATH/Database/MySQLi/Connection.php on line 311.
 1 SYSTEMPATH/Database/BaseConnection.php(693): CodeIgniter\Database\MySQLi\Connection->execute()
 2 SYSTEMPATH/Database/BaseConnection.php(607): CodeIgniter\Database\BaseConnection->simpleQuery()
 3 SYSTEMPATH/Database/BaseBuilder.php(1616): CodeIgniter\Database\BaseConnection->query()
 4 SYSTEMPATH/Model.php(242): CodeIgniter\Database\BaseBuilder->get()
 5 SYSTEMPATH/BaseModel.php(638): CodeIgniter\Model->doFindAll()
 6 APPPATH/Controllers/Autor.php(17): CodeIgniter\BaseModel->findAll()
 7 SYSTEMPATH/CodeIgniter.php(941): App\Controllers\Autor->index()
 8 SYSTEMPATH/CodeIgniter.php(502): CodeIgniter\CodeIgniter->runController()
 9 SYSTEMPATH/CodeIgniter.php(361): CodeIgniter\CodeIgniter->handleRequest()
10 FCPATH/index.php(79): CodeIgniter\CodeIgniter->run()
11 SYSTEMPATH/Commands/Server/rewrite.php(47): require_once('/opt/lampp/htdocs/ci4_biblioteca/public/index.php')
CRITICAL - 2024-04-23 16:57:01 --> [Caused by] mysqli_sql_exception: Table 'biblioteca.autores' doesn't exist
in SYSTEMPATH/Database/MySQLi/Connection.php on line 306.
 1 SYSTEMPATH/Database/MySQLi/Connection.php(306): mysqli->query()
 2 SYSTEMPATH/Database/BaseConnection.php(693): CodeIgniter\Database\MySQLi\Connection->execute()
 3 SYSTEMPATH/Database/BaseConnection.php(607): CodeIgniter\Database\BaseConnection->simpleQuery()
 4 SYSTEMPATH/Database/BaseBuilder.php(1616): CodeIgniter\Database\BaseConnection->query()
 5 SYSTEMPATH/Model.php(242): CodeIgniter\Database\BaseBuilder->get()
 6 SYSTEMPATH/BaseModel.php(638): CodeIgniter\Model->doFindAll()
 7 APPPATH/Controllers/Autor.php(17): CodeIgniter\BaseModel->findAll()
 8 SYSTEMPATH/CodeIgniter.php(941): App\Controllers\Autor->index()
 9 SYSTEMPATH/CodeIgniter.php(502): CodeIgniter\CodeIgniter->runController()
10 SYSTEMPATH/CodeIgniter.php(361): CodeIgniter\CodeIgniter->handleRequest()
11 FCPATH/index.php(79): CodeIgniter\CodeIgniter->run()
12 SYSTEMPATH/Commands/Server/rewrite.php(47): require_once('/opt/lampp/htdocs/ci4_biblioteca/public/index.php')
CRITICAL - 2024-04-23 16:58:02 --> ErrorException: Undefined variable $listaAutores
in APPPATH/Views/autor/index.php on line 15.
 1 APPPATH/Views/autor/index.php(15): CodeIgniter\Debug\Exceptions->errorHandler()
 2 SYSTEMPATH/View/View.php(228): include('/opt/lampp/htdocs/ci4_biblioteca/app/Views/autor/index.php')
 3 SYSTEMPATH/View/View.php(231): CodeIgniter\View\View->CodeIgniter\View\{closure}()
 4 SYSTEMPATH/Common.php(1178): CodeIgniter\View\View->render()
 5 APPPATH/Controllers/Autor.php(20): view()
 6 SYSTEMPATH/CodeIgniter.php(941): App\Controllers\Autor->index()
 7 SYSTEMPATH/CodeIgniter.php(502): CodeIgniter\CodeIgniter->runController()
 8 SYSTEMPATH/CodeIgniter.php(361): CodeIgniter\CodeIgniter->handleRequest()
 9 FCPATH/index.php(79): CodeIgniter\CodeIgniter->run()
10 SYSTEMPATH/Commands/Server/rewrite.php(47): require_once('/opt/lampp/htdocs/ci4_biblioteca/public/index.php')
CRITICAL - 2024-04-23 16:59:11 --> CodeIgniter\Database\Exceptions\DataException: Allowed fields must be specified for model: "App\Models\AutorModel"
in SYSTEMPATH/Model.php on line 766.
 1 SYSTEMPATH/Model.php(766): CodeIgniter\Database\Exceptions\DataException::forInvalidAllowedFields()
 2 SYSTEMPATH/BaseModel.php(783): CodeIgniter\Model->doProtectFieldsForInsert()
 3 SYSTEMPATH/Model.php(744): CodeIgniter\BaseModel->insert()
 4 SYSTEMPATH/BaseModel.php(713): CodeIgniter\Model->insert()
 5 APPPATH/Controllers/Autor.php(25): CodeIgniter\BaseModel->save()
 6 SYSTEMPATH/CodeIgniter.php(941): App\Controllers\Autor->cadastrar()
 7 SYSTEMPATH/CodeIgniter.php(502): CodeIgniter\CodeIgniter->runController()
 8 SYSTEMPATH/CodeIgniter.php(361): CodeIgniter\CodeIgniter->handleRequest()
 9 FCPATH/index.php(79): CodeIgniter\CodeIgniter->run()
10 SYSTEMPATH/Commands/Server/rewrite.php(47): require_once('/opt/lampp/htdocs/ci4_biblioteca/public/index.php')
CRITICAL - 2024-04-23 16:59:47 --> CodeIgniter\View\Exceptions\ViewException: Invalid file: "autor/edit.php"
in SYSTEMPATH/Exceptions/FrameworkException.php on line 39.
 1 SYSTEMPATH/View/View.php(216): CodeIgniter\Exceptions\FrameworkException::forInvalidFile()
 2 SYSTEMPATH/Common.php(1178): CodeIgniter\View\View->render()
 3 APPPATH/Controllers/Autor.php(32): view()
 4 SYSTEMPATH/CodeIgniter.php(941): App\Controllers\Autor->editar()
 5 SYSTEMPATH/CodeIgniter.php(502): CodeIgniter\CodeIgniter->runController()
 6 SYSTEMPATH/CodeIgniter.php(361): CodeIgniter\CodeIgniter->handleRequest()
 7 FCPATH/index.php(79): CodeIgniter\CodeIgniter->run()
 8 SYSTEMPATH/Commands/Server/rewrite.php(47): require_once('/opt/lampp/htdocs/ci4_biblioteca/public/index.php')
CRITICAL - 2024-04-23 16:59:53 --> CodeIgniter\View\Exceptions\ViewException: Invalid file: "autor/edit.php"
in SYSTEMPATH/Exceptions/FrameworkException.php on line 39.
 1 SYSTEMPATH/View/View.php(216): CodeIgniter\Exceptions\FrameworkException::forInvalidFile()
 2 SYSTEMPATH/Common.php(1178): CodeIgniter\View\View->render()
 3 APPPATH/Controllers/Autor.php(32): view()
 4 SYSTEMPATH/CodeIgniter.php(941): App\Controllers\Autor->editar()
 5 SYSTEMPATH/CodeIgniter.php(502): CodeIgniter\CodeIgniter->runController()
 6 SYSTEMPATH/CodeIgniter.php(361): CodeIgniter\CodeIgniter->handleRequest()
 7 FCPATH/index.php(79): CodeIgniter\CodeIgniter->run()
 8 SYSTEMPATH/Commands/Server/rewrite.php(47): require_once('/opt/lampp/htdocs/ci4_biblioteca/public/index.php')
CRITICAL - 2024-04-23 17:06:07 --> CodeIgniter\View\Exceptions\ViewException: Invalid file: "autor/edit_autor.php"
in SYSTEMPATH/Exceptions/FrameworkException.php on line 39.
 1 SYSTEMPATH/View/View.php(216): CodeIgniter\Exceptions\FrameworkException::forInvalidFile()
 2 SYSTEMPATH/Common.php(1178): CodeIgniter\View\View->render()
 3 APPPATH/Controllers/Autor.php(32): view()
 4 SYSTEMPATH/CodeIgniter.php(941): App\Controllers\Autor->editar()
 5 SYSTEMPATH/CodeIgniter.php(502): CodeIgniter\CodeIgniter->runController()
 6 SYSTEMPATH/CodeIgniter.php(361): CodeIgniter\CodeIgniter->handleRequest()
 7 FCPATH/index.php(79): CodeIgniter\CodeIgniter->run()
 8 SYSTEMPATH/Commands/Server/rewrite.php(47): require_once('/opt/lampp/htdocs/ci4_biblioteca/public/index.php')
CRITICAL - 2024-04-23 17:06:13 --> CodeIgniter\View\Exceptions\ViewException: Invalid file: "autor/edit_autor.php"
in SYSTEMPATH/Exceptions/FrameworkException.php on line 39.
 1 SYSTEMPATH/View/View.php(216): CodeIgniter\Exceptions\FrameworkException::forInvalidFile()
 2 SYSTEMPATH/Common.php(1178): CodeIgniter\View\View->render()
 3 APPPATH/Controllers/Autor.php(32): view()
 4 SYSTEMPATH/CodeIgniter.php(941): App\Controllers\Autor->editar()
 5 SYSTEMPATH/CodeIgniter.php(502): CodeIgniter\CodeIgniter->runController()
 6 SYSTEMPATH/CodeIgniter.php(361): CodeIgniter\CodeIgniter->handleRequest()
 7 FCPATH/index.php(79): CodeIgniter\CodeIgniter->run()
 8 SYSTEMPATH/Commands/Server/rewrite.php(47): require_once('/opt/lampp/htdocs/ci4_biblioteca/public/index.php')
ERROR - 2024-04-23 17:19:28 --> mysqli_sql_exception: Table 'biblioteca.editoras' doesn't exist in /opt/lampp/htdocs/ci4_biblioteca/system/Database/MySQLi/Connection.php:306
Stack trace:
#0 /opt/lampp/htdocs/ci4_biblioteca/system/Database/MySQLi/Connection.php(306): mysqli->query()
#1 /opt/lampp/htdocs/ci4_biblioteca/system/Database/BaseConnection.php(693): CodeIgniter\Database\MySQLi\Connection->execute()
#2 /opt/lampp/htdocs/ci4_biblioteca/system/Database/BaseConnection.php(607): CodeIgniter\Database\BaseConnection->simpleQuery()
#3 /opt/lampp/htdocs/ci4_biblioteca/system/Database/BaseBuilder.php(1616): CodeIgniter\Database\BaseConnection->query()
#4 /opt/lampp/htdocs/ci4_biblioteca/system/Model.php(242): CodeIgniter\Database\BaseBuilder->get()
#5 /opt/lampp/htdocs/ci4_biblioteca/system/BaseModel.php(638): CodeIgniter\Model->doFindAll()
#6 /opt/lampp/htdocs/ci4_biblioteca/app/Controllers/Editora.php(17): CodeIgniter\BaseModel->findAll()
#7 /opt/lampp/htdocs/ci4_biblioteca/system/CodeIgniter.php(941): App\Controllers\Editora->index()
#8 /opt/lampp/htdocs/ci4_biblioteca/system/CodeIgniter.php(502): CodeIgniter\CodeIgniter->runController()
#9 /opt/lampp/htdocs/ci4_biblioteca/system/CodeIgniter.php(361): CodeIgniter\CodeIgniter->handleRequest()
#10 /opt/lampp/htdocs/ci4_biblioteca/public/index.php(79): CodeIgniter\CodeIgniter->run()
#11 /opt/lampp/htdocs/ci4_biblioteca/system/Commands/Server/rewrite.php(47): require_once('...')
#12 {main}
CRITICAL - 2024-04-23 17:19:28 --> CodeIgniter\Database\Exceptions\DatabaseException: Table 'biblioteca.editoras' doesn't exist
in SYSTEMPATH/Database/BaseConnection.php on line 647.
 1 SYSTEMPATH/Database/BaseBuilder.php(1616): CodeIgniter\Database\BaseConnection->query()
 2 SYSTEMPATH/Model.php(242): CodeIgniter\Database\BaseBuilder->get()
 3 SYSTEMPATH/BaseModel.php(638): CodeIgniter\Model->doFindAll()
 4 APPPATH/Controllers/Editora.php(17): CodeIgniter\BaseModel->findAll()
 5 SYSTEMPATH/CodeIgniter.php(941): App\Controllers\Editora->index()
 6 SYSTEMPATH/CodeIgniter.php(502): CodeIgniter\CodeIgniter->runController()
 7 SYSTEMPATH/CodeIgniter.php(361): CodeIgniter\CodeIgniter->handleRequest()
 8 FCPATH/index.php(79): CodeIgniter\CodeIgniter->run()
 9 SYSTEMPATH/Commands/Server/rewrite.php(47): require_once('/opt/lampp/htdocs/ci4_biblioteca/public/index.php')
CRITICAL - 2024-04-23 17:19:28 --> [Caused by] CodeIgniter\Database\Exceptions\DatabaseException: Table 'biblioteca.editoras' doesn't exist
in SYSTEMPATH/Database/MySQLi/Connection.php on line 311.
 1 SYSTEMPATH/Database/BaseConnection.php(693): CodeIgniter\Database\MySQLi\Connection->execute()
 2 SYSTEMPATH/Database/BaseConnection.php(607): CodeIgniter\Database\BaseConnection->simpleQuery()
 3 SYSTEMPATH/Database/BaseBuilder.php(1616): CodeIgniter\Database\BaseConnection->query()
 4 SYSTEMPATH/Model.php(242): CodeIgniter\Database\BaseBuilder->get()
 5 SYSTEMPATH/BaseModel.php(638): CodeIgniter\Model->doFindAll()
 6 APPPATH/Controllers/Editora.php(17): CodeIgniter\BaseModel->findAll()
 7 SYSTEMPATH/CodeIgniter.php(941): App\Controllers\Editora->index()
 8 SYSTEMPATH/CodeIgniter.php(502): CodeIgniter\CodeIgniter->runController()
 9 SYSTEMPATH/CodeIgniter.php(361): CodeIgniter\CodeIgniter->handleRequest()
10 FCPATH/index.php(79): CodeIgniter\CodeIgniter->run()
11 SYSTEMPATH/Commands/Server/rewrite.php(47): require_once('/opt/lampp/htdocs/ci4_biblioteca/public/index.php')
CRITICAL - 2024-04-23 17:19:28 --> [Caused by] mysqli_sql_exception: Table 'biblioteca.editoras' doesn't exist
in SYSTEMPATH/Database/MySQLi/Connection.php on line 306.
 1 SYSTEMPATH/Database/MySQLi/Connection.php(306): mysqli->query()
 2 SYSTEMPATH/Database/BaseConnection.php(693): CodeIgniter\Database\MySQLi\Connection->execute()
 3 SYSTEMPATH/Database/BaseConnection.php(607): CodeIgniter\Database\BaseConnection->simpleQuery()
 4 SYSTEMPATH/Database/BaseBuilder.php(1616): CodeIgniter\Database\BaseConnection->query()
 5 SYSTEMPATH/Model.php(242): CodeIgniter\Database\BaseBuilder->get()
 6 SYSTEMPATH/BaseModel.php(638): CodeIgniter\Model->doFindAll()
 7 APPPATH/Controllers/Editora.php(17): CodeIgniter\BaseModel->findAll()
 8 SYSTEMPATH/CodeIgniter.php(941): App\Controllers\Editora->index()
 9 SYSTEMPATH/CodeIgniter.php(502): CodeIgniter\CodeIgniter->runController()
10 SYSTEMPATH/CodeIgniter.php(361): CodeIgniter\CodeIgniter->handleRequest()
11 FCPATH/index.php(79): CodeIgniter\CodeIgniter->run()
12 SYSTEMPATH/Commands/Server/rewrite.php(47): require_once('/opt/lampp/htdocs/ci4_biblioteca/public/index.php')
ERROR - 2024-04-23 17:20:24 --> mysqli_sql_exception: Table 'biblioteca.editoras' doesn't exist in /opt/lampp/htdocs/ci4_biblioteca/system/Database/MySQLi/Connection.php:306
Stack trace:
#0 /opt/lampp/htdocs/ci4_biblioteca/system/Database/MySQLi/Connection.php(306): mysqli->query()
#1 /opt/lampp/htdocs/ci4_biblioteca/system/Database/BaseConnection.php(693): CodeIgniter\Database\MySQLi\Connection->execute()
#2 /opt/lampp/htdocs/ci4_biblioteca/system/Database/BaseConnection.php(607): CodeIgniter\Database\BaseConnection->simpleQuery()
#3 /opt/lampp/htdocs/ci4_biblioteca/system/Database/BaseBuilder.php(1616): CodeIgniter\Database\BaseConnection->query()
#4 /opt/lampp/htdocs/ci4_biblioteca/system/Model.php(242): CodeIgniter\Database\BaseBuilder->get()
#5 /opt/lampp/htdocs/ci4_biblioteca/system/BaseModel.php(638): CodeIgniter\Model->doFindAll()
#6 /opt/lampp/htdocs/ci4_biblioteca/app/Controllers/Editora.php(17): CodeIgniter\BaseModel->findAll()
#7 /opt/lampp/htdocs/ci4_biblioteca/system/CodeIgniter.php(941): App\Controllers\Editora->index()
#8 /opt/lampp/htdocs/ci4_biblioteca/system/CodeIgniter.php(502): CodeIgniter\CodeIgniter->runController()
#9 /opt/lampp/htdocs/ci4_biblioteca/system/CodeIgniter.php(361): CodeIgniter\CodeIgniter->handleRequest()
#10 /opt/lampp/htdocs/ci4_biblioteca/public/index.php(79): CodeIgniter\CodeIgniter->run()
#11 /opt/lampp/htdocs/ci4_biblioteca/system/Commands/Server/rewrite.php(47): require_once('...')
#12 {main}
CRITICAL - 2024-04-23 17:20:24 --> CodeIgniter\Database\Exceptions\DatabaseException: Table 'biblioteca.editoras' doesn't exist
in SYSTEMPATH/Database/BaseConnection.php on line 647.
 1 SYSTEMPATH/Database/BaseBuilder.php(1616): CodeIgniter\Database\BaseConnection->query()
 2 SYSTEMPATH/Model.php(242): CodeIgniter\Database\BaseBuilder->get()
 3 SYSTEMPATH/BaseModel.php(638): CodeIgniter\Model->doFindAll()
 4 APPPATH/Controllers/Editora.php(17): CodeIgniter\BaseModel->findAll()
 5 SYSTEMPATH/CodeIgniter.php(941): App\Controllers\Editora->index()
 6 SYSTEMPATH/CodeIgniter.php(502): CodeIgniter\CodeIgniter->runController()
 7 SYSTEMPATH/CodeIgniter.php(361): CodeIgniter\CodeIgniter->handleRequest()
 8 FCPATH/index.php(79): CodeIgniter\CodeIgniter->run()
 9 SYSTEMPATH/Commands/Server/rewrite.php(47): require_once('/opt/lampp/htdocs/ci4_biblioteca/public/index.php')
CRITICAL - 2024-04-23 17:20:24 --> [Caused by] CodeIgniter\Database\Exceptions\DatabaseException: Table 'biblioteca.editoras' doesn't exist
in SYSTEMPATH/Database/MySQLi/Connection.php on line 311.
 1 SYSTEMPATH/Database/BaseConnection.php(693): CodeIgniter\Database\MySQLi\Connection->execute()
 2 SYSTEMPATH/Database/BaseConnection.php(607): CodeIgniter\Database\BaseConnection->simpleQuery()
 3 SYSTEMPATH/Database/BaseBuilder.php(1616): CodeIgniter\Database\BaseConnection->query()
 4 SYSTEMPATH/Model.php(242): CodeIgniter\Database\BaseBuilder->get()
 5 SYSTEMPATH/BaseModel.php(638): CodeIgniter\Model->doFindAll()
 6 APPPATH/Controllers/Editora.php(17): CodeIgniter\BaseModel->findAll()
 7 SYSTEMPATH/CodeIgniter.php(941): App\Controllers\Editora->index()
 8 SYSTEMPATH/CodeIgniter.php(502): CodeIgniter\CodeIgniter->runController()
 9 SYSTEMPATH/CodeIgniter.php(361): CodeIgniter\CodeIgniter->handleRequest()
10 FCPATH/index.php(79): CodeIgniter\CodeIgniter->run()
11 SYSTEMPATH/Commands/Server/rewrite.php(47): require_once('/opt/lampp/htdocs/ci4_biblioteca/public/index.php')
CRITICAL - 2024-04-23 17:20:24 --> [Caused by] mysqli_sql_exception: Table 'biblioteca.editoras' doesn't exist
in SYSTEMPATH/Database/MySQLi/Connection.php on line 306.
 1 SYSTEMPATH/Database/MySQLi/Connection.php(306): mysqli->query()
 2 SYSTEMPATH/Database/BaseConnection.php(693): CodeIgniter\Database\MySQLi\Connection->execute()
 3 SYSTEMPATH/Database/BaseConnection.php(607): CodeIgniter\Database\BaseConnection->simpleQuery()
 4 SYSTEMPATH/Database/BaseBuilder.php(1616): CodeIgniter\Database\BaseConnection->query()
 5 SYSTEMPATH/Model.php(242): CodeIgniter\Database\BaseBuilder->get()
 6 SYSTEMPATH/BaseModel.php(638): CodeIgniter\Model->doFindAll()
 7 APPPATH/Controllers/Editora.php(17): CodeIgniter\BaseModel->findAll()
 8 SYSTEMPATH/CodeIgniter.php(941): App\Controllers\Editora->index()
 9 SYSTEMPATH/CodeIgniter.php(502): CodeIgniter\CodeIgniter->runController()
10 SYSTEMPATH/CodeIgniter.php(361): CodeIgniter\CodeIgniter->handleRequest()
11 FCPATH/index.php(79): CodeIgniter\CodeIgniter->run()
12 SYSTEMPATH/Commands/Server/rewrite.php(47): require_once('/opt/lampp/htdocs/ci4_biblioteca/public/index.php')
ERROR - 2024-04-23 17:20:24 --> mysqli_sql_exception: Table 'biblioteca.editoras' doesn't exist in /opt/lampp/htdocs/ci4_biblioteca/system/Database/MySQLi/Connection.php:306
Stack trace:
#0 /opt/lampp/htdocs/ci4_biblioteca/system/Database/MySQLi/Connection.php(306): mysqli->query()
#1 /opt/lampp/htdocs/ci4_biblioteca/system/Database/BaseConnection.php(693): CodeIgniter\Database\MySQLi\Connection->execute()
#2 /opt/lampp/htdocs/ci4_biblioteca/system/Database/BaseConnection.php(607): CodeIgniter\Database\BaseConnection->simpleQuery()
#3 /opt/lampp/htdocs/ci4_biblioteca/system/Database/BaseBuilder.php(1616): CodeIgniter\Database\BaseConnection->query()
#4 /opt/lampp/htdocs/ci4_biblioteca/system/Model.php(242): CodeIgniter\Database\BaseBuilder->get()
#5 /opt/lampp/htdocs/ci4_biblioteca/system/BaseModel.php(638): CodeIgniter\Model->doFindAll()
#6 /opt/lampp/htdocs/ci4_biblioteca/app/Controllers/Editora.php(17): CodeIgniter\BaseModel->findAll()
#7 /opt/lampp/htdocs/ci4_biblioteca/system/CodeIgniter.php(941): App\Controllers\Editora->index()
#8 /opt/lampp/htdocs/ci4_biblioteca/system/CodeIgniter.php(502): CodeIgniter\CodeIgniter->runController()
#9 /opt/lampp/htdocs/ci4_biblioteca/system/CodeIgniter.php(361): CodeIgniter\CodeIgniter->handleRequest()
#10 /opt/lampp/htdocs/ci4_biblioteca/public/index.php(79): CodeIgniter\CodeIgniter->run()
#11 /opt/lampp/htdocs/ci4_biblioteca/system/Commands/Server/rewrite.php(47): require_once('...')
#12 {main}
CRITICAL - 2024-04-23 17:20:24 --> CodeIgniter\Database\Exceptions\DatabaseException: Table 'biblioteca.editoras' doesn't exist
in SYSTEMPATH/Database/BaseConnection.php on line 647.
 1 SYSTEMPATH/Database/BaseBuilder.php(1616): CodeIgniter\Database\BaseConnection->query()
 2 SYSTEMPATH/Model.php(242): CodeIgniter\Database\BaseBuilder->get()
 3 SYSTEMPATH/BaseModel.php(638): CodeIgniter\Model->doFindAll()
 4 APPPATH/Controllers/Editora.php(17): CodeIgniter\BaseModel->findAll()
 5 SYSTEMPATH/CodeIgniter.php(941): App\Controllers\Editora->index()
 6 SYSTEMPATH/CodeIgniter.php(502): CodeIgniter\CodeIgniter->runController()
 7 SYSTEMPATH/CodeIgniter.php(361): CodeIgniter\CodeIgniter->handleRequest()
 8 FCPATH/index.php(79): CodeIgniter\CodeIgniter->run()
 9 SYSTEMPATH/Commands/Server/rewrite.php(47): require_once('/opt/lampp/htdocs/ci4_biblioteca/public/index.php')
CRITICAL - 2024-04-23 17:20:24 --> [Caused by] CodeIgniter\Database\Exceptions\DatabaseException: Table 'biblioteca.editoras' doesn't exist
in SYSTEMPATH/Database/MySQLi/Connection.php on line 311.
 1 SYSTEMPATH/Database/BaseConnection.php(693): CodeIgniter\Database\MySQLi\Connection->execute()
 2 SYSTEMPATH/Database/BaseConnection.php(607): CodeIgniter\Database\BaseConnection->simpleQuery()
 3 SYSTEMPATH/Database/BaseBuilder.php(1616): CodeIgniter\Database\BaseConnection->query()
 4 SYSTEMPATH/Model.php(242): CodeIgniter\Database\BaseBuilder->get()
 5 SYSTEMPATH/BaseModel.php(638): CodeIgniter\Model->doFindAll()
 6 APPPATH/Controllers/Editora.php(17): CodeIgniter\BaseModel->findAll()
 7 SYSTEMPATH/CodeIgniter.php(941): App\Controllers\Editora->index()
 8 SYSTEMPATH/CodeIgniter.php(502): CodeIgniter\CodeIgniter->runController()
 9 SYSTEMPATH/CodeIgniter.php(361): CodeIgniter\CodeIgniter->handleRequest()
10 FCPATH/index.php(79): CodeIgniter\CodeIgniter->run()
11 SYSTEMPATH/Commands/Server/rewrite.php(47): require_once('/opt/lampp/htdocs/ci4_biblioteca/public/index.php')
CRITICAL - 2024-04-23 17:20:24 --> [Caused by] mysqli_sql_exception: Table 'biblioteca.editoras' doesn't exist
in SYSTEMPATH/Database/MySQLi/Connection.php on line 306.
 1 SYSTEMPATH/Database/MySQLi/Connection.php(306): mysqli->query()
 2 SYSTEMPATH/Database/BaseConnection.php(693): CodeIgniter\Database\MySQLi\Connection->execute()
 3 SYSTEMPATH/Database/BaseConnection.php(607): CodeIgniter\Database\BaseConnection->simpleQuery()
 4 SYSTEMPATH/Database/BaseBuilder.php(1616): CodeIgniter\Database\BaseConnection->query()
 5 SYSTEMPATH/Model.php(242): CodeIgniter\Database\BaseBuilder->get()
 6 SYSTEMPATH/BaseModel.php(638): CodeIgniter\Model->doFindAll()
 7 APPPATH/Controllers/Editora.php(17): CodeIgniter\BaseModel->findAll()
 8 SYSTEMPATH/CodeIgniter.php(941): App\Controllers\Editora->index()
 9 SYSTEMPATH/CodeIgniter.php(502): CodeIgniter\CodeIgniter->runController()
10 SYSTEMPATH/CodeIgniter.php(361): CodeIgniter\CodeIgniter->handleRequest()
11 FCPATH/index.php(79): CodeIgniter\CodeIgniter->run()
12 SYSTEMPATH/Commands/Server/rewrite.php(47): require_once('/opt/lampp/htdocs/ci4_biblioteca/public/index.php')
ERROR - 2024-04-23 17:20:24 --> mysqli_sql_exception: Table 'biblioteca.editoras' doesn't exist in /opt/lampp/htdocs/ci4_biblioteca/system/Database/MySQLi/Connection.php:306
Stack trace:
#0 /opt/lampp/htdocs/ci4_biblioteca/system/Database/MySQLi/Connection.php(306): mysqli->query()
#1 /opt/lampp/htdocs/ci4_biblioteca/system/Database/BaseConnection.php(693): CodeIgniter\Database\MySQLi\Connection->execute()
#2 /opt/lampp/htdocs/ci4_biblioteca/system/Database/BaseConnection.php(607): CodeIgniter\Database\BaseConnection->simpleQuery()
#3 /opt/lampp/htdocs/ci4_biblioteca/system/Database/BaseBuilder.php(1616): CodeIgniter\Database\BaseConnection->query()
#4 /opt/lampp/htdocs/ci4_biblioteca/system/Model.php(242): CodeIgniter\Database\BaseBuilder->get()
#5 /opt/lampp/htdocs/ci4_biblioteca/system/BaseModel.php(638): CodeIgniter\Model->doFindAll()
#6 /opt/lampp/htdocs/ci4_biblioteca/app/Controllers/Editora.php(17): CodeIgniter\BaseModel->findAll()
#7 /opt/lampp/htdocs/ci4_biblioteca/system/CodeIgniter.php(941): App\Controllers\Editora->index()
#8 /opt/lampp/htdocs/ci4_biblioteca/system/CodeIgniter.php(502): CodeIgniter\CodeIgniter->runController()
#9 /opt/lampp/htdocs/ci4_biblioteca/system/CodeIgniter.php(361): CodeIgniter\CodeIgniter->handleRequest()
#10 /opt/lampp/htdocs/ci4_biblioteca/public/index.php(79): CodeIgniter\CodeIgniter->run()
#11 /opt/lampp/htdocs/ci4_biblioteca/system/Commands/Server/rewrite.php(47): require_once('...')
#12 {main}
CRITICAL - 2024-04-23 17:20:24 --> CodeIgniter\Database\Exceptions\DatabaseException: Table 'biblioteca.editoras' doesn't exist
in SYSTEMPATH/Database/BaseConnection.php on line 647.
 1 SYSTEMPATH/Database/BaseBuilder.php(1616): CodeIgniter\Database\BaseConnection->query()
 2 SYSTEMPATH/Model.php(242): CodeIgniter\Database\BaseBuilder->get()
 3 SYSTEMPATH/BaseModel.php(638): CodeIgniter\Model->doFindAll()
 4 APPPATH/Controllers/Editora.php(17): CodeIgniter\BaseModel->findAll()
 5 SYSTEMPATH/CodeIgniter.php(941): App\Controllers\Editora->index()
 6 SYSTEMPATH/CodeIgniter.php(502): CodeIgniter\CodeIgniter->runController()
 7 SYSTEMPATH/CodeIgniter.php(361): CodeIgniter\CodeIgniter->handleRequest()
 8 FCPATH/index.php(79): CodeIgniter\CodeIgniter->run()
 9 SYSTEMPATH/Commands/Server/rewrite.php(47): require_once('/opt/lampp/htdocs/ci4_biblioteca/public/index.php')
CRITICAL - 2024-04-23 17:20:24 --> [Caused by] CodeIgniter\Database\Exceptions\DatabaseException: Table 'biblioteca.editoras' doesn't exist
in SYSTEMPATH/Database/MySQLi/Connection.php on line 311.
 1 SYSTEMPATH/Database/BaseConnection.php(693): CodeIgniter\Database\MySQLi\Connection->execute()
 2 SYSTEMPATH/Database/BaseConnection.php(607): CodeIgniter\Database\BaseConnection->simpleQuery()
 3 SYSTEMPATH/Database/BaseBuilder.php(1616): CodeIgniter\Database\BaseConnection->query()
 4 SYSTEMPATH/Model.php(242): CodeIgniter\Database\BaseBuilder->get()
 5 SYSTEMPATH/BaseModel.php(638): CodeIgniter\Model->doFindAll()
 6 APPPATH/Controllers/Editora.php(17): CodeIgniter\BaseModel->findAll()
 7 SYSTEMPATH/CodeIgniter.php(941): App\Controllers\Editora->index()
 8 SYSTEMPATH/CodeIgniter.php(502): CodeIgniter\CodeIgniter->runController()
 9 SYSTEMPATH/CodeIgniter.php(361): CodeIgniter\CodeIgniter->handleRequest()
10 FCPATH/index.php(79): CodeIgniter\CodeIgniter->run()
11 SYSTEMPATH/Commands/Server/rewrite.php(47): require_once('/opt/lampp/htdocs/ci4_biblioteca/public/index.php')
CRITICAL - 2024-04-23 17:20:24 --> [Caused by] mysqli_sql_exception: Table 'biblioteca.editoras' doesn't exist
in SYSTEMPATH/Database/MySQLi/Connection.php on line 306.
 1 SYSTEMPATH/Database/MySQLi/Connection.php(306): mysqli->query()
 2 SYSTEMPATH/Database/BaseConnection.php(693): CodeIgniter\Database\MySQLi\Connection->execute()
 3 SYSTEMPATH/Database/BaseConnection.php(607): CodeIgniter\Database\BaseConnection->simpleQuery()
 4 SYSTEMPATH/Database/BaseBuilder.php(1616): CodeIgniter\Database\BaseConnection->query()
 5 SYSTEMPATH/Model.php(242): CodeIgniter\Database\BaseBuilder->get()
 6 SYSTEMPATH/BaseModel.php(638): CodeIgniter\Model->doFindAll()
 7 APPPATH/Controllers/Editora.php(17): CodeIgniter\BaseModel->findAll()
 8 SYSTEMPATH/CodeIgniter.php(941): App\Controllers\Editora->index()
 9 SYSTEMPATH/CodeIgniter.php(502): CodeIgniter\CodeIgniter->runController()
10 SYSTEMPATH/CodeIgniter.php(361): CodeIgniter\CodeIgniter->handleRequest()
11 FCPATH/index.php(79): CodeIgniter\CodeIgniter->run()
12 SYSTEMPATH/Commands/Server/rewrite.php(47): require_once('/opt/lampp/htdocs/ci4_biblioteca/public/index.php')
ERROR - 2024-04-23 17:20:25 --> mysqli_sql_exception: Table 'biblioteca.editoras' doesn't exist in /opt/lampp/htdocs/ci4_biblioteca/system/Database/MySQLi/Connection.php:306
Stack trace:
#0 /opt/lampp/htdocs/ci4_biblioteca/system/Database/MySQLi/Connection.php(306): mysqli->query()
#1 /opt/lampp/htdocs/ci4_biblioteca/system/Database/BaseConnection.php(693): CodeIgniter\Database\MySQLi\Connection->execute()
#2 /opt/lampp/htdocs/ci4_biblioteca/system/Database/BaseConnection.php(607): CodeIgniter\Database\BaseConnection->simpleQuery()
#3 /opt/lampp/htdocs/ci4_biblioteca/system/Database/BaseBuilder.php(1616): CodeIgniter\Database\BaseConnection->query()
#4 /opt/lampp/htdocs/ci4_biblioteca/system/Model.php(242): CodeIgniter\Database\BaseBuilder->get()
#5 /opt/lampp/htdocs/ci4_biblioteca/system/BaseModel.php(638): CodeIgniter\Model->doFindAll()
#6 /opt/lampp/htdocs/ci4_biblioteca/app/Controllers/Editora.php(17): CodeIgniter\BaseModel->findAll()
#7 /opt/lampp/htdocs/ci4_biblioteca/system/CodeIgniter.php(941): App\Controllers\Editora->index()
#8 /opt/lampp/htdocs/ci4_biblioteca/system/CodeIgniter.php(502): CodeIgniter\CodeIgniter->runController()
#9 /opt/lampp/htdocs/ci4_biblioteca/system/CodeIgniter.php(361): CodeIgniter\CodeIgniter->handleRequest()
#10 /opt/lampp/htdocs/ci4_biblioteca/public/index.php(79): CodeIgniter\CodeIgniter->run()
#11 /opt/lampp/htdocs/ci4_biblioteca/system/Commands/Server/rewrite.php(47): require_once('...')
#12 {main}
CRITICAL - 2024-04-23 17:20:25 --> CodeIgniter\Database\Exceptions\DatabaseException: Table 'biblioteca.editoras' doesn't exist
in SYSTEMPATH/Database/BaseConnection.php on line 647.
 1 SYSTEMPATH/Database/BaseBuilder.php(1616): CodeIgniter\Database\BaseConnection->query()
 2 SYSTEMPATH/Model.php(242): CodeIgniter\Database\BaseBuilder->get()
 3 SYSTEMPATH/BaseModel.php(638): CodeIgniter\Model->doFindAll()
 4 APPPATH/Controllers/Editora.php(17): CodeIgniter\BaseModel->findAll()
 5 SYSTEMPATH/CodeIgniter.php(941): App\Controllers\Editora->index()
 6 SYSTEMPATH/CodeIgniter.php(502): CodeIgniter\CodeIgniter->runController()
 7 SYSTEMPATH/CodeIgniter.php(361): CodeIgniter\CodeIgniter->handleRequest()
 8 FCPATH/index.php(79): CodeIgniter\CodeIgniter->run()
 9 SYSTEMPATH/Commands/Server/rewrite.php(47): require_once('/opt/lampp/htdocs/ci4_biblioteca/public/index.php')
CRITICAL - 2024-04-23 17:20:25 --> [Caused by] CodeIgniter\Database\Exceptions\DatabaseException: Table 'biblioteca.editoras' doesn't exist
in SYSTEMPATH/Database/MySQLi/Connection.php on line 311.
 1 SYSTEMPATH/Database/BaseConnection.php(693): CodeIgniter\Database\MySQLi\Connection->execute()
 2 SYSTEMPATH/Database/BaseConnection.php(607): CodeIgniter\Database\BaseConnection->simpleQuery()
 3 SYSTEMPATH/Database/BaseBuilder.php(1616): CodeIgniter\Database\BaseConnection->query()
 4 SYSTEMPATH/Model.php(242): CodeIgniter\Database\BaseBuilder->get()
 5 SYSTEMPATH/BaseModel.php(638): CodeIgniter\Model->doFindAll()
 6 APPPATH/Controllers/Editora.php(17): CodeIgniter\BaseModel->findAll()
 7 SYSTEMPATH/CodeIgniter.php(941): App\Controllers\Editora->index()
 8 SYSTEMPATH/CodeIgniter.php(502): CodeIgniter\CodeIgniter->runController()
 9 SYSTEMPATH/CodeIgniter.php(361): CodeIgniter\CodeIgniter->handleRequest()
10 FCPATH/index.php(79): CodeIgniter\CodeIgniter->run()
11 SYSTEMPATH/Commands/Server/rewrite.php(47): require_once('/opt/lampp/htdocs/ci4_biblioteca/public/index.php')
CRITICAL - 2024-04-23 17:20:25 --> [Caused by] mysqli_sql_exception: Table 'biblioteca.editoras' doesn't exist
in SYSTEMPATH/Database/MySQLi/Connection.php on line 306.
 1 SYSTEMPATH/Database/MySQLi/Connection.php(306): mysqli->query()
 2 SYSTEMPATH/Database/BaseConnection.php(693): CodeIgniter\Database\MySQLi\Connection->execute()
 3 SYSTEMPATH/Database/BaseConnection.php(607): CodeIgniter\Database\BaseConnection->simpleQuery()
 4 SYSTEMPATH/Database/BaseBuilder.php(1616): CodeIgniter\Database\BaseConnection->query()
 5 SYSTEMPATH/Model.php(242): CodeIgniter\Database\BaseBuilder->get()
 6 SYSTEMPATH/BaseModel.php(638): CodeIgniter\Model->doFindAll()
 7 APPPATH/Controllers/Editora.php(17): CodeIgniter\BaseModel->findAll()
 8 SYSTEMPATH/CodeIgniter.php(941): App\Controllers\Editora->index()
 9 SYSTEMPATH/CodeIgniter.php(502): CodeIgniter\CodeIgniter->runController()
10 SYSTEMPATH/CodeIgniter.php(361): CodeIgniter\CodeIgniter->handleRequest()
11 FCPATH/index.php(79): CodeIgniter\CodeIgniter->run()
12 SYSTEMPATH/Commands/Server/rewrite.php(47): require_once('/opt/lampp/htdocs/ci4_biblioteca/public/index.php')
ERROR - 2024-04-23 17:20:25 --> mysqli_sql_exception: Table 'biblioteca.editoras' doesn't exist in /opt/lampp/htdocs/ci4_biblioteca/system/Database/MySQLi/Connection.php:306
Stack trace:
#0 /opt/lampp/htdocs/ci4_biblioteca/system/Database/MySQLi/Connection.php(306): mysqli->query()
#1 /opt/lampp/htdocs/ci4_biblioteca/system/Database/BaseConnection.php(693): CodeIgniter\Database\MySQLi\Connection->execute()
#2 /opt/lampp/htdocs/ci4_biblioteca/system/Database/BaseConnection.php(607): CodeIgniter\Database\BaseConnection->simpleQuery()
#3 /opt/lampp/htdocs/ci4_biblioteca/system/Database/BaseBuilder.php(1616): CodeIgniter\Database\BaseConnection->query()
#4 /opt/lampp/htdocs/ci4_biblioteca/system/Model.php(242): CodeIgniter\Database\BaseBuilder->get()
#5 /opt/lampp/htdocs/ci4_biblioteca/system/BaseModel.php(638): CodeIgniter\Model->doFindAll()
#6 /opt/lampp/htdocs/ci4_biblioteca/app/Controllers/Editora.php(17): CodeIgniter\BaseModel->findAll()
#7 /opt/lampp/htdocs/ci4_biblioteca/system/CodeIgniter.php(941): App\Controllers\Editora->index()
#8 /opt/lampp/htdocs/ci4_biblioteca/system/CodeIgniter.php(502): CodeIgniter\CodeIgniter->runController()
#9 /opt/lampp/htdocs/ci4_biblioteca/system/CodeIgniter.php(361): CodeIgniter\CodeIgniter->handleRequest()
#10 /opt/lampp/htdocs/ci4_biblioteca/public/index.php(79): CodeIgniter\CodeIgniter->run()
#11 /opt/lampp/htdocs/ci4_biblioteca/system/Commands/Server/rewrite.php(47): require_once('...')
#12 {main}
CRITICAL - 2024-04-23 17:20:25 --> CodeIgniter\Database\Exceptions\DatabaseException: Table 'biblioteca.editoras' doesn't exist
in SYSTEMPATH/Database/BaseConnection.php on line 647.
 1 SYSTEMPATH/Database/BaseBuilder.php(1616): CodeIgniter\Database\BaseConnection->query()
 2 SYSTEMPATH/Model.php(242): CodeIgniter\Database\BaseBuilder->get()
 3 SYSTEMPATH/BaseModel.php(638): CodeIgniter\Model->doFindAll()
 4 APPPATH/Controllers/Editora.php(17): CodeIgniter\BaseModel->findAll()
 5 SYSTEMPATH/CodeIgniter.php(941): App\Controllers\Editora->index()
 6 SYSTEMPATH/CodeIgniter.php(502): CodeIgniter\CodeIgniter->runController()
 7 SYSTEMPATH/CodeIgniter.php(361): CodeIgniter\CodeIgniter->handleRequest()
 8 FCPATH/index.php(79): CodeIgniter\CodeIgniter->run()
 9 SYSTEMPATH/Commands/Server/rewrite.php(47): require_once('/opt/lampp/htdocs/ci4_biblioteca/public/index.php')
CRITICAL - 2024-04-23 17:20:25 --> [Caused by] CodeIgniter\Database\Exceptions\DatabaseException: Table 'biblioteca.editoras' doesn't exist
in SYSTEMPATH/Database/MySQLi/Connection.php on line 311.
 1 SYSTEMPATH/Database/BaseConnection.php(693): CodeIgniter\Database\MySQLi\Connection->execute()
 2 SYSTEMPATH/Database/BaseConnection.php(607): CodeIgniter\Database\BaseConnection->simpleQuery()
 3 SYSTEMPATH/Database/BaseBuilder.php(1616): CodeIgniter\Database\BaseConnection->query()
 4 SYSTEMPATH/Model.php(242): CodeIgniter\Database\BaseBuilder->get()
 5 SYSTEMPATH/BaseModel.php(638): CodeIgniter\Model->doFindAll()
 6 APPPATH/Controllers/Editora.php(17): CodeIgniter\BaseModel->findAll()
 7 SYSTEMPATH/CodeIgniter.php(941): App\Controllers\Editora->index()
 8 SYSTEMPATH/CodeIgniter.php(502): CodeIgniter\CodeIgniter->runController()
 9 SYSTEMPATH/CodeIgniter.php(361): CodeIgniter\CodeIgniter->handleRequest()
10 FCPATH/index.php(79): CodeIgniter\CodeIgniter->run()
11 SYSTEMPATH/Commands/Server/rewrite.php(47): require_once('/opt/lampp/htdocs/ci4_biblioteca/public/index.php')
CRITICAL - 2024-04-23 17:20:25 --> [Caused by] mysqli_sql_exception: Table 'biblioteca.editoras' doesn't exist
in SYSTEMPATH/Database/MySQLi/Connection.php on line 306.
 1 SYSTEMPATH/Database/MySQLi/Connection.php(306): mysqli->query()
 2 SYSTEMPATH/Database/BaseConnection.php(693): CodeIgniter\Database\MySQLi\Connection->execute()
 3 SYSTEMPATH/Database/BaseConnection.php(607): CodeIgniter\Database\BaseConnection->simpleQuery()
 4 SYSTEMPATH/Database/BaseBuilder.php(1616): CodeIgniter\Database\BaseConnection->query()
 5 SYSTEMPATH/Model.php(242): CodeIgniter\Database\BaseBuilder->get()
 6 SYSTEMPATH/BaseModel.php(638): CodeIgniter\Model->doFindAll()
 7 APPPATH/Controllers/Editora.php(17): CodeIgniter\BaseModel->findAll()
 8 SYSTEMPATH/CodeIgniter.php(941): App\Controllers\Editora->index()
 9 SYSTEMPATH/CodeIgniter.php(502): CodeIgniter\CodeIgniter->runController()
10 SYSTEMPATH/CodeIgniter.php(361): CodeIgniter\CodeIgniter->handleRequest()
11 FCPATH/index.php(79): CodeIgniter\CodeIgniter->run()
12 SYSTEMPATH/Commands/Server/rewrite.php(47): require_once('/opt/lampp/htdocs/ci4_biblioteca/public/index.php')
ERROR - 2024-04-23 17:21:54 --> mysqli_sql_exception: Table 'biblioteca.editoras' doesn't exist in /opt/lampp/htdocs/ci4_biblioteca/system/Database/MySQLi/Connection.php:306
Stack trace:
#0 /opt/lampp/htdocs/ci4_biblioteca/system/Database/MySQLi/Connection.php(306): mysqli->query()
#1 /opt/lampp/htdocs/ci4_biblioteca/system/Database/BaseConnection.php(693): CodeIgniter\Database\MySQLi\Connection->execute()
#2 /opt/lampp/htdocs/ci4_biblioteca/system/Database/BaseConnection.php(607): CodeIgniter\Database\BaseConnection->simpleQuery()
#3 /opt/lampp/htdocs/ci4_biblioteca/system/Database/BaseBuilder.php(1616): CodeIgniter\Database\BaseConnection->query()
#4 /opt/lampp/htdocs/ci4_biblioteca/system/Model.php(242): CodeIgniter\Database\BaseBuilder->get()
#5 /opt/lampp/htdocs/ci4_biblioteca/system/BaseModel.php(638): CodeIgniter\Model->doFindAll()
#6 /opt/lampp/htdocs/ci4_biblioteca/app/Controllers/Editora.php(17): CodeIgniter\BaseModel->findAll()
#7 /opt/lampp/htdocs/ci4_biblioteca/system/CodeIgniter.php(941): App\Controllers\Editora->index()
#8 /opt/lampp/htdocs/ci4_biblioteca/system/CodeIgniter.php(502): CodeIgniter\CodeIgniter->runController()
#9 /opt/lampp/htdocs/ci4_biblioteca/system/CodeIgniter.php(361): CodeIgniter\CodeIgniter->handleRequest()
#10 /opt/lampp/htdocs/ci4_biblioteca/public/index.php(79): CodeIgniter\CodeIgniter->run()
#11 /opt/lampp/htdocs/ci4_biblioteca/system/Commands/Server/rewrite.php(47): require_once('...')
#12 {main}
CRITICAL - 2024-04-23 17:21:54 --> CodeIgniter\Database\Exceptions\DatabaseException: Table 'biblioteca.editoras' doesn't exist
in SYSTEMPATH/Database/BaseConnection.php on line 647.
 1 SYSTEMPATH/Database/BaseBuilder.php(1616): CodeIgniter\Database\BaseConnection->query()
 2 SYSTEMPATH/Model.php(242): CodeIgniter\Database\BaseBuilder->get()
 3 SYSTEMPATH/BaseModel.php(638): CodeIgniter\Model->doFindAll()
 4 APPPATH/Controllers/Editora.php(17): CodeIgniter\BaseModel->findAll()
 5 SYSTEMPATH/CodeIgniter.php(941): App\Controllers\Editora->index()
 6 SYSTEMPATH/CodeIgniter.php(502): CodeIgniter\CodeIgniter->runController()
 7 SYSTEMPATH/CodeIgniter.php(361): CodeIgniter\CodeIgniter->handleRequest()
 8 FCPATH/index.php(79): CodeIgniter\CodeIgniter->run()
 9 SYSTEMPATH/Commands/Server/rewrite.php(47): require_once('/opt/lampp/htdocs/ci4_biblioteca/public/index.php')
CRITICAL - 2024-04-23 17:21:54 --> [Caused by] CodeIgniter\Database\Exceptions\DatabaseException: Table 'biblioteca.editoras' doesn't exist
in SYSTEMPATH/Database/MySQLi/Connection.php on line 311.
 1 SYSTEMPATH/Database/BaseConnection.php(693): CodeIgniter\Database\MySQLi\Connection->execute()
 2 SYSTEMPATH/Database/BaseConnection.php(607): CodeIgniter\Database\BaseConnection->simpleQuery()
 3 SYSTEMPATH/Database/BaseBuilder.php(1616): CodeIgniter\Database\BaseConnection->query()
 4 SYSTEMPATH/Model.php(242): CodeIgniter\Database\BaseBuilder->get()
 5 SYSTEMPATH/BaseModel.php(638): CodeIgniter\Model->doFindAll()
 6 APPPATH/Controllers/Editora.php(17): CodeIgniter\BaseModel->findAll()
 7 SYSTEMPATH/CodeIgniter.php(941): App\Controllers\Editora->index()
 8 SYSTEMPATH/CodeIgniter.php(502): CodeIgniter\CodeIgniter->runController()
 9 SYSTEMPATH/CodeIgniter.php(361): CodeIgniter\CodeIgniter->handleRequest()
10 FCPATH/index.php(79): CodeIgniter\CodeIgniter->run()
11 SYSTEMPATH/Commands/Server/rewrite.php(47): require_once('/opt/lampp/htdocs/ci4_biblioteca/public/index.php')
CRITICAL - 2024-04-23 17:21:54 --> [Caused by] mysqli_sql_exception: Table 'biblioteca.editoras' doesn't exist
in SYSTEMPATH/Database/MySQLi/Connection.php on line 306.
 1 SYSTEMPATH/Database/MySQLi/Connection.php(306): mysqli->query()
 2 SYSTEMPATH/Database/BaseConnection.php(693): CodeIgniter\Database\MySQLi\Connection->execute()
 3 SYSTEMPATH/Database/BaseConnection.php(607): CodeIgniter\Database\BaseConnection->simpleQuery()
 4 SYSTEMPATH/Database/BaseBuilder.php(1616): CodeIgniter\Database\BaseConnection->query()
 5 SYSTEMPATH/Model.php(242): CodeIgniter\Database\BaseBuilder->get()
 6 SYSTEMPATH/BaseModel.php(638): CodeIgniter\Model->doFindAll()
 7 APPPATH/Controllers/Editora.php(17): CodeIgniter\BaseModel->findAll()
 8 SYSTEMPATH/CodeIgniter.php(941): App\Controllers\Editora->index()
 9 SYSTEMPATH/CodeIgniter.php(502): CodeIgniter\CodeIgniter->runController()
10 SYSTEMPATH/CodeIgniter.php(361): CodeIgniter\CodeIgniter->handleRequest()
11 FCPATH/index.php(79): CodeIgniter\CodeIgniter->run()
12 SYSTEMPATH/Commands/Server/rewrite.php(47): require_once('/opt/lampp/htdocs/ci4_biblioteca/public/index.php')
ERROR - 2024-04-23 17:21:54 --> mysqli_sql_exception: Table 'biblioteca.editoras' doesn't exist in /opt/lampp/htdocs/ci4_biblioteca/system/Database/MySQLi/Connection.php:306
Stack trace:
#0 /opt/lampp/htdocs/ci4_biblioteca/system/Database/MySQLi/Connection.php(306): mysqli->query()
#1 /opt/lampp/htdocs/ci4_biblioteca/system/Database/BaseConnection.php(693): CodeIgniter\Database\MySQLi\Connection->execute()
#2 /opt/lampp/htdocs/ci4_biblioteca/system/Database/BaseConnection.php(607): CodeIgniter\Database\BaseConnection->simpleQuery()
#3 /opt/lampp/htdocs/ci4_biblioteca/system/Database/BaseBuilder.php(1616): CodeIgniter\Database\BaseConnection->query()
#4 /opt/lampp/htdocs/ci4_biblioteca/system/Model.php(242): CodeIgniter\Database\BaseBuilder->get()
#5 /opt/lampp/htdocs/ci4_biblioteca/system/BaseModel.php(638): CodeIgniter\Model->doFindAll()
#6 /opt/lampp/htdocs/ci4_biblioteca/app/Controllers/Editora.php(17): CodeIgniter\BaseModel->findAll()
#7 /opt/lampp/htdocs/ci4_biblioteca/system/CodeIgniter.php(941): App\Controllers\Editora->index()
#8 /opt/lampp/htdocs/ci4_biblioteca/system/CodeIgniter.php(502): CodeIgniter\CodeIgniter->runController()
#9 /opt/lampp/htdocs/ci4_biblioteca/system/CodeIgniter.php(361): CodeIgniter\CodeIgniter->handleRequest()
#10 /opt/lampp/htdocs/ci4_biblioteca/public/index.php(79): CodeIgniter\CodeIgniter->run()
#11 /opt/lampp/htdocs/ci4_biblioteca/system/Commands/Server/rewrite.php(47): require_once('...')
#12 {main}
CRITICAL - 2024-04-23 17:21:54 --> CodeIgniter\Database\Exceptions\DatabaseException: Table 'biblioteca.editoras' doesn't exist
in SYSTEMPATH/Database/BaseConnection.php on line 647.
 1 SYSTEMPATH/Database/BaseBuilder.php(1616): CodeIgniter\Database\BaseConnection->query()
 2 SYSTEMPATH/Model.php(242): CodeIgniter\Database\BaseBuilder->get()
 3 SYSTEMPATH/BaseModel.php(638): CodeIgniter\Model->doFindAll()
 4 APPPATH/Controllers/Editora.php(17): CodeIgniter\BaseModel->findAll()
 5 SYSTEMPATH/CodeIgniter.php(941): App\Controllers\Editora->index()
 6 SYSTEMPATH/CodeIgniter.php(502): CodeIgniter\CodeIgniter->runController()
 7 SYSTEMPATH/CodeIgniter.php(361): CodeIgniter\CodeIgniter->handleRequest()
 8 FCPATH/index.php(79): CodeIgniter\CodeIgniter->run()
 9 SYSTEMPATH/Commands/Server/rewrite.php(47): require_once('/opt/lampp/htdocs/ci4_biblioteca/public/index.php')
CRITICAL - 2024-04-23 17:21:54 --> [Caused by] CodeIgniter\Database\Exceptions\DatabaseException: Table 'biblioteca.editoras' doesn't exist
in SYSTEMPATH/Database/MySQLi/Connection.php on line 311.
 1 SYSTEMPATH/Database/BaseConnection.php(693): CodeIgniter\Database\MySQLi\Connection->execute()
 2 SYSTEMPATH/Database/BaseConnection.php(607): CodeIgniter\Database\BaseConnection->simpleQuery()
 3 SYSTEMPATH/Database/BaseBuilder.php(1616): CodeIgniter\Database\BaseConnection->query()
 4 SYSTEMPATH/Model.php(242): CodeIgniter\Database\BaseBuilder->get()
 5 SYSTEMPATH/BaseModel.php(638): CodeIgniter\Model->doFindAll()
 6 APPPATH/Controllers/Editora.php(17): CodeIgniter\BaseModel->findAll()
 7 SYSTEMPATH/CodeIgniter.php(941): App\Controllers\Editora->index()
 8 SYSTEMPATH/CodeIgniter.php(502): CodeIgniter\CodeIgniter->runController()
 9 SYSTEMPATH/CodeIgniter.php(361): CodeIgniter\CodeIgniter->handleRequest()
10 FCPATH/index.php(79): CodeIgniter\CodeIgniter->run()
11 SYSTEMPATH/Commands/Server/rewrite.php(47): require_once('/opt/lampp/htdocs/ci4_biblioteca/public/index.php')
CRITICAL - 2024-04-23 17:21:54 --> [Caused by] mysqli_sql_exception: Table 'biblioteca.editoras' doesn't exist
in SYSTEMPATH/Database/MySQLi/Connection.php on line 306.
 1 SYSTEMPATH/Database/MySQLi/Connection.php(306): mysqli->query()
 2 SYSTEMPATH/Database/BaseConnection.php(693): CodeIgniter\Database\MySQLi\Connection->execute()
 3 SYSTEMPATH/Database/BaseConnection.php(607): CodeIgniter\Database\BaseConnection->simpleQuery()
 4 SYSTEMPATH/Database/BaseBuilder.php(1616): CodeIgniter\Database\BaseConnection->query()
 5 SYSTEMPATH/Model.php(242): CodeIgniter\Database\BaseBuilder->get()
 6 SYSTEMPATH/BaseModel.php(638): CodeIgniter\Model->doFindAll()
 7 APPPATH/Controllers/Editora.php(17): CodeIgniter\BaseModel->findAll()
 8 SYSTEMPATH/CodeIgniter.php(941): App\Controllers\Editora->index()
 9 SYSTEMPATH/CodeIgniter.php(502): CodeIgniter\CodeIgniter->runController()
10 SYSTEMPATH/CodeIgniter.php(361): CodeIgniter\CodeIgniter->handleRequest()
11 FCPATH/index.php(79): CodeIgniter\CodeIgniter->run()
12 SYSTEMPATH/Commands/Server/rewrite.php(47): require_once('/opt/lampp/htdocs/ci4_biblioteca/public/index.php')
ERROR - 2024-04-23 17:21:55 --> mysqli_sql_exception: Table 'biblioteca.editoras' doesn't exist in /opt/lampp/htdocs/ci4_biblioteca/system/Database/MySQLi/Connection.php:306
Stack trace:
#0 /opt/lampp/htdocs/ci4_biblioteca/system/Database/MySQLi/Connection.php(306): mysqli->query()
#1 /opt/lampp/htdocs/ci4_biblioteca/system/Database/BaseConnection.php(693): CodeIgniter\Database\MySQLi\Connection->execute()
#2 /opt/lampp/htdocs/ci4_biblioteca/system/Database/BaseConnection.php(607): CodeIgniter\Database\BaseConnection->simpleQuery()
#3 /opt/lampp/htdocs/ci4_biblioteca/system/Database/BaseBuilder.php(1616): CodeIgniter\Database\BaseConnection->query()
#4 /opt/lampp/htdocs/ci4_biblioteca/system/Model.php(242): CodeIgniter\Database\BaseBuilder->get()
#5 /opt/lampp/htdocs/ci4_biblioteca/system/BaseModel.php(638): CodeIgniter\Model->doFindAll()
#6 /opt/lampp/htdocs/ci4_biblioteca/app/Controllers/Editora.php(17): CodeIgniter\BaseModel->findAll()
#7 /opt/lampp/htdocs/ci4_biblioteca/system/CodeIgniter.php(941): App\Controllers\Editora->index()
#8 /opt/lampp/htdocs/ci4_biblioteca/system/CodeIgniter.php(502): CodeIgniter\CodeIgniter->runController()
#9 /opt/lampp/htdocs/ci4_biblioteca/system/CodeIgniter.php(361): CodeIgniter\CodeIgniter->handleRequest()
#10 /opt/lampp/htdocs/ci4_biblioteca/public/index.php(79): CodeIgniter\CodeIgniter->run()
#11 /opt/lampp/htdocs/ci4_biblioteca/system/Commands/Server/rewrite.php(47): require_once('...')
#12 {main}
CRITICAL - 2024-04-23 17:21:55 --> CodeIgniter\Database\Exceptions\DatabaseException: Table 'biblioteca.editoras' doesn't exist
in SYSTEMPATH/Database/BaseConnection.php on line 647.
 1 SYSTEMPATH/Database/BaseBuilder.php(1616): CodeIgniter\Database\BaseConnection->query()
 2 SYSTEMPATH/Model.php(242): CodeIgniter\Database\BaseBuilder->get()
 3 SYSTEMPATH/BaseModel.php(638): CodeIgniter\Model->doFindAll()
 4 APPPATH/Controllers/Editora.php(17): CodeIgniter\BaseModel->findAll()
 5 SYSTEMPATH/CodeIgniter.php(941): App\Controllers\Editora->index()
 6 SYSTEMPATH/CodeIgniter.php(502): CodeIgniter\CodeIgniter->runController()
 7 SYSTEMPATH/CodeIgniter.php(361): CodeIgniter\CodeIgniter->handleRequest()
 8 FCPATH/index.php(79): CodeIgniter\CodeIgniter->run()
 9 SYSTEMPATH/Commands/Server/rewrite.php(47): require_once('/opt/lampp/htdocs/ci4_biblioteca/public/index.php')
CRITICAL - 2024-04-23 17:21:55 --> [Caused by] CodeIgniter\Database\Exceptions\DatabaseException: Table 'biblioteca.editoras' doesn't exist
in SYSTEMPATH/Database/MySQLi/Connection.php on line 311.
 1 SYSTEMPATH/Database/BaseConnection.php(693): CodeIgniter\Database\MySQLi\Connection->execute()
 2 SYSTEMPATH/Database/BaseConnection.php(607): CodeIgniter\Database\BaseConnection->simpleQuery()
 3 SYSTEMPATH/Database/BaseBuilder.php(1616): CodeIgniter\Database\BaseConnection->query()
 4 SYSTEMPATH/Model.php(242): CodeIgniter\Database\BaseBuilder->get()
 5 SYSTEMPATH/BaseModel.php(638): CodeIgniter\Model->doFindAll()
 6 APPPATH/Controllers/Editora.php(17): CodeIgniter\BaseModel->findAll()
 7 SYSTEMPATH/CodeIgniter.php(941): App\Controllers\Editora->index()
 8 SYSTEMPATH/CodeIgniter.php(502): CodeIgniter\CodeIgniter->runController()
 9 SYSTEMPATH/CodeIgniter.php(361): CodeIgniter\CodeIgniter->handleRequest()
10 FCPATH/index.php(79): CodeIgniter\CodeIgniter->run()
11 SYSTEMPATH/Commands/Server/rewrite.php(47): require_once('/opt/lampp/htdocs/ci4_biblioteca/public/index.php')
CRITICAL - 2024-04-23 17:21:55 --> [Caused by] mysqli_sql_exception: Table 'biblioteca.editoras' doesn't exist
in SYSTEMPATH/Database/MySQLi/Connection.php on line 306.
 1 SYSTEMPATH/Database/MySQLi/Connection.php(306): mysqli->query()
 2 SYSTEMPATH/Database/BaseConnection.php(693): CodeIgniter\Database\MySQLi\Connection->execute()
 3 SYSTEMPATH/Database/BaseConnection.php(607): CodeIgniter\Database\BaseConnection->simpleQuery()
 4 SYSTEMPATH/Database/BaseBuilder.php(1616): CodeIgniter\Database\BaseConnection->query()
 5 SYSTEMPATH/Model.php(242): CodeIgniter\Database\BaseBuilder->get()
 6 SYSTEMPATH/BaseModel.php(638): CodeIgniter\Model->doFindAll()
 7 APPPATH/Controllers/Editora.php(17): CodeIgniter\BaseModel->findAll()
 8 SYSTEMPATH/CodeIgniter.php(941): App\Controllers\Editora->index()
 9 SYSTEMPATH/CodeIgniter.php(502): CodeIgniter\CodeIgniter->runController()
10 SYSTEMPATH/CodeIgniter.php(361): CodeIgniter\CodeIgniter->handleRequest()
11 FCPATH/index.php(79): CodeIgniter\CodeIgniter->run()
12 SYSTEMPATH/Commands/Server/rewrite.php(47): require_once('/opt/lampp/htdocs/ci4_biblioteca/public/index.php')
ERROR - 2024-04-23 17:22:00 --> mysqli_sql_exception: Table 'biblioteca.editoras' doesn't exist in /opt/lampp/htdocs/ci4_biblioteca/system/Database/MySQLi/Connection.php:306
Stack trace:
#0 /opt/lampp/htdocs/ci4_biblioteca/system/Database/MySQLi/Connection.php(306): mysqli->query()
#1 /opt/lampp/htdocs/ci4_biblioteca/system/Database/BaseConnection.php(693): CodeIgniter\Database\MySQLi\Connection->execute()
#2 /opt/lampp/htdocs/ci4_biblioteca/system/Database/BaseConnection.php(607): CodeIgniter\Database\BaseConnection->simpleQuery()
#3 /opt/lampp/htdocs/ci4_biblioteca/system/Database/BaseBuilder.php(1616): CodeIgniter\Database\BaseConnection->query()
#4 /opt/lampp/htdocs/ci4_biblioteca/system/Model.php(242): CodeIgniter\Database\BaseBuilder->get()
#5 /opt/lampp/htdocs/ci4_biblioteca/system/BaseModel.php(638): CodeIgniter\Model->doFindAll()
#6 /opt/lampp/htdocs/ci4_biblioteca/app/Controllers/Editora.php(17): CodeIgniter\BaseModel->findAll()
#7 /opt/lampp/htdocs/ci4_biblioteca/system/CodeIgniter.php(941): App\Controllers\Editora->index()
#8 /opt/lampp/htdocs/ci4_biblioteca/system/CodeIgniter.php(502): CodeIgniter\CodeIgniter->runController()
#9 /opt/lampp/htdocs/ci4_biblioteca/system/CodeIgniter.php(361): CodeIgniter\CodeIgniter->handleRequest()
#10 /opt/lampp/htdocs/ci4_biblioteca/public/index.php(79): CodeIgniter\CodeIgniter->run()
#11 /opt/lampp/htdocs/ci4_biblioteca/system/Commands/Server/rewrite.php(47): require_once('...')
#12 {main}
CRITICAL - 2024-04-23 17:22:00 --> CodeIgniter\Database\Exceptions\DatabaseException: Table 'biblioteca.editoras' doesn't exist
in SYSTEMPATH/Database/BaseConnection.php on line 647.
 1 SYSTEMPATH/Database/BaseBuilder.php(1616): CodeIgniter\Database\BaseConnection->query()
 2 SYSTEMPATH/Model.php(242): CodeIgniter\Database\BaseBuilder->get()
 3 SYSTEMPATH/BaseModel.php(638): CodeIgniter\Model->doFindAll()
 4 APPPATH/Controllers/Editora.php(17): CodeIgniter\BaseModel->findAll()
 5 SYSTEMPATH/CodeIgniter.php(941): App\Controllers\Editora->index()
 6 SYSTEMPATH/CodeIgniter.php(502): CodeIgniter\CodeIgniter->runController()
 7 SYSTEMPATH/CodeIgniter.php(361): CodeIgniter\CodeIgniter->handleRequest()
 8 FCPATH/index.php(79): CodeIgniter\CodeIgniter->run()
 9 SYSTEMPATH/Commands/Server/rewrite.php(47): require_once('/opt/lampp/htdocs/ci4_biblioteca/public/index.php')
CRITICAL - 2024-04-23 17:22:00 --> [Caused by] CodeIgniter\Database\Exceptions\DatabaseException: Table 'biblioteca.editoras' doesn't exist
in SYSTEMPATH/Database/MySQLi/Connection.php on line 311.
 1 SYSTEMPATH/Database/BaseConnection.php(693): CodeIgniter\Database\MySQLi\Connection->execute()
 2 SYSTEMPATH/Database/BaseConnection.php(607): CodeIgniter\Database\BaseConnection->simpleQuery()
 3 SYSTEMPATH/Database/BaseBuilder.php(1616): CodeIgniter\Database\BaseConnection->query()
 4 SYSTEMPATH/Model.php(242): CodeIgniter\Database\BaseBuilder->get()
 5 SYSTEMPATH/BaseModel.php(638): CodeIgniter\Model->doFindAll()
 6 APPPATH/Controllers/Editora.php(17): CodeIgniter\BaseModel->findAll()
 7 SYSTEMPATH/CodeIgniter.php(941): App\Controllers\Editora->index()
 8 SYSTEMPATH/CodeIgniter.php(502): CodeIgniter\CodeIgniter->runController()
 9 SYSTEMPATH/CodeIgniter.php(361): CodeIgniter\CodeIgniter->handleRequest()
10 FCPATH/index.php(79): CodeIgniter\CodeIgniter->run()
11 SYSTEMPATH/Commands/Server/rewrite.php(47): require_once('/opt/lampp/htdocs/ci4_biblioteca/public/index.php')
CRITICAL - 2024-04-23 17:22:00 --> [Caused by] mysqli_sql_exception: Table 'biblioteca.editoras' doesn't exist
in SYSTEMPATH/Database/MySQLi/Connection.php on line 306.
 1 SYSTEMPATH/Database/MySQLi/Connection.php(306): mysqli->query()
 2 SYSTEMPATH/Database/BaseConnection.php(693): CodeIgniter\Database\MySQLi\Connection->execute()
 3 SYSTEMPATH/Database/BaseConnection.php(607): CodeIgniter\Database\BaseConnection->simpleQuery()
 4 SYSTEMPATH/Database/BaseBuilder.php(1616): CodeIgniter\Database\BaseConnection->query()
 5 SYSTEMPATH/Model.php(242): CodeIgniter\Database\BaseBuilder->get()
 6 SYSTEMPATH/BaseModel.php(638): CodeIgniter\Model->doFindAll()
 7 APPPATH/Controllers/Editora.php(17): CodeIgniter\BaseModel->findAll()
 8 SYSTEMPATH/CodeIgniter.php(941): App\Controllers\Editora->index()
 9 SYSTEMPATH/CodeIgniter.php(502): CodeIgniter\CodeIgniter->runController()
10 SYSTEMPATH/CodeIgniter.php(361): CodeIgniter\CodeIgniter->handleRequest()
11 FCPATH/index.php(79): CodeIgniter\CodeIgniter->run()
12 SYSTEMPATH/Commands/Server/rewrite.php(47): require_once('/opt/lampp/htdocs/ci4_biblioteca/public/index.php')
CRITICAL - 2024-04-23 17:33:48 --> Error: Call to a member function findAll() on null
in APPPATH/Controllers/Aluno.php on line 17.
 1 SYSTEMPATH/CodeIgniter.php(941): App\Controllers\Aluno->index()
 2 SYSTEMPATH/CodeIgniter.php(502): CodeIgniter\CodeIgniter->runController()
 3 SYSTEMPATH/CodeIgniter.php(361): CodeIgniter\CodeIgniter->handleRequest()
 4 FCPATH/index.php(79): CodeIgniter\CodeIgniter->run()
 5 SYSTEMPATH/Commands/Server/rewrite.php(47): require_once('/opt/lampp/htdocs/ci4_biblioteca/public/index.php')
CRITICAL - 2024-04-23 17:38:54 --> Error: Call to a member function findAll() on null
in APPPATH/Controllers/Aluno.php on line 17.
 1 SYSTEMPATH/CodeIgniter.php(941): App\Controllers\Aluno->index()
 2 SYSTEMPATH/CodeIgniter.php(502): CodeIgniter\CodeIgniter->runController()
 3 SYSTEMPATH/CodeIgniter.php(361): CodeIgniter\CodeIgniter->handleRequest()
 4 FCPATH/index.php(79): CodeIgniter\CodeIgniter->run()
 5 SYSTEMPATH/Commands/Server/rewrite.php(47): require_once('/opt/lampp/htdocs/ci4_biblioteca/public/index.php')
CRITICAL - 2024-04-23 18:09:22 --> Error: Call to a member function findAll() on null
in APPPATH/Controllers/Aluno.php on line 17.
 1 SYSTEMPATH/CodeIgniter.php(941): App\Controllers\Aluno->index()
 2 SYSTEMPATH/CodeIgniter.php(502): CodeIgniter\CodeIgniter->runController()
 3 SYSTEMPATH/CodeIgniter.php(361): CodeIgniter\CodeIgniter->handleRequest()
 4 FCPATH/index.php(79): CodeIgniter\CodeIgniter->run()
 5 SYSTEMPATH/Commands/Server/rewrite.php(47): require_once('/opt/lampp/htdocs/ci4_biblioteca/public/index.php')
CRITICAL - 2024-04-23 18:11:12 --> Error: Call to a member function findAll() on null
in APPPATH/Controllers/Aluno.php on line 17.
 1 SYSTEMPATH/CodeIgniter.php(941): App\Controllers\Aluno->index()
 2 SYSTEMPATH/CodeIgniter.php(502): CodeIgniter\CodeIgniter->runController()
 3 SYSTEMPATH/CodeIgniter.php(361): CodeIgniter\CodeIgniter->handleRequest()
 4 FCPATH/index.php(79): CodeIgniter\CodeIgniter->run()
 5 SYSTEMPATH/Commands/Server/rewrite.php(47): require_once('/opt/lampp/htdocs/ci4_biblioteca/public/index.php')
CRITICAL - 2024-04-23 18:11:15 --> Error: Call to a member function findAll() on null
in APPPATH/Controllers/Aluno.php on line 17.
 1 SYSTEMPATH/CodeIgniter.php(941): App\Controllers\Aluno->index()
 2 SYSTEMPATH/CodeIgniter.php(502): CodeIgniter\CodeIgniter->runController()
 3 SYSTEMPATH/CodeIgniter.php(361): CodeIgniter\CodeIgniter->handleRequest()
 4 FCPATH/index.php(79): CodeIgniter\CodeIgniter->run()
 5 SYSTEMPATH/Commands/Server/rewrite.php(47): require_once('/opt/lampp/htdocs/ci4_biblioteca/public/index.php')
CRITICAL - 2024-04-23 18:11:51 --> ErrorException: Undefined variable $listaAutor
in APPPATH/Views/aluno/index.php on line 76.
 1 APPPATH/Views/aluno/index.php(76): CodeIgniter\Debug\Exceptions->errorHandler()
 2 SYSTEMPATH/View/View.php(228): include('/opt/lampp/htdocs/ci4_biblioteca/app/Views/aluno/index.php')
 3 SYSTEMPATH/View/View.php(231): CodeIgniter\View\View->CodeIgniter\View\{closure}()
 4 SYSTEMPATH/Common.php(1178): CodeIgniter\View\View->render()
 5 APPPATH/Controllers/Aluno.php(20): view()
 6 SYSTEMPATH/CodeIgniter.php(941): App\Controllers\Aluno->index()
 7 SYSTEMPATH/CodeIgniter.php(502): CodeIgniter\CodeIgniter->runController()
 8 SYSTEMPATH/CodeIgniter.php(361): CodeIgniter\CodeIgniter->handleRequest()
 9 FCPATH/index.php(79): CodeIgniter\CodeIgniter->run()
10 SYSTEMPATH/Commands/Server/rewrite.php(47): require_once('/opt/lampp/htdocs/ci4_biblioteca/public/index.php')
CRITICAL - 2024-04-23 18:14:08 --> ErrorException: Undefined variable $listaAutor
in APPPATH/Views/aluno/index.php on line 76.
 1 APPPATH/Views/aluno/index.php(76): CodeIgniter\Debug\Exceptions->errorHandler()
 2 SYSTEMPATH/View/View.php(228): include('/opt/lampp/htdocs/ci4_biblioteca/app/Views/aluno/index.php')
 3 SYSTEMPATH/View/View.php(231): CodeIgniter\View\View->CodeIgniter\View\{closure}()
 4 SYSTEMPATH/Common.php(1178): CodeIgniter\View\View->render()
 5 APPPATH/Controllers/Aluno.php(20): view()
 6 SYSTEMPATH/CodeIgniter.php(941): App\Controllers\Aluno->index()
 7 SYSTEMPATH/CodeIgniter.php(502): CodeIgniter\CodeIgniter->runController()
 8 SYSTEMPATH/CodeIgniter.php(361): CodeIgniter\CodeIgniter->handleRequest()
 9 FCPATH/index.php(79): CodeIgniter\CodeIgniter->run()
10 SYSTEMPATH/Commands/Server/rewrite.php(47): require_once('/opt/lampp/htdocs/ci4_biblioteca/public/index.php')
CRITICAL - 2024-04-23 18:15:49 --> ErrorException: Undefined variable $listaAutor
in APPPATH/Views/aluno/index.php on line 76.
 1 APPPATH/Views/aluno/index.php(76): CodeIgniter\Debug\Exceptions->errorHandler()
 2 SYSTEMPATH/View/View.php(228): include('/opt/lampp/htdocs/ci4_biblioteca/app/Views/aluno/index.php')
 3 SYSTEMPATH/View/View.php(231): CodeIgniter\View\View->CodeIgniter\View\{closure}()
 4 SYSTEMPATH/Common.php(1178): CodeIgniter\View\View->render()
 5 APPPATH/Controllers/Aluno.php(20): view()
 6 SYSTEMPATH/CodeIgniter.php(941): App\Controllers\Aluno->index()
 7 SYSTEMPATH/CodeIgniter.php(502): CodeIgniter\CodeIgniter->runController()
 8 SYSTEMPATH/CodeIgniter.php(361): CodeIgniter\CodeIgniter->handleRequest()
 9 FCPATH/index.php(79): CodeIgniter\CodeIgniter->run()
10 SYSTEMPATH/Commands/Server/rewrite.php(47): require_once('/opt/lampp/htdocs/ci4_biblioteca/public/index.php')
CRITICAL - 2024-04-23 18:16:15 --> ErrorException: Undefined variable $listaAutor
in APPPATH/Views/aluno/index.php on line 76.
 1 APPPATH/Views/aluno/index.php(76): CodeIgniter\Debug\Exceptions->errorHandler()
 2 SYSTEMPATH/View/View.php(228): include('/opt/lampp/htdocs/ci4_biblioteca/app/Views/aluno/index.php')
 3 SYSTEMPATH/View/View.php(231): CodeIgniter\View\View->CodeIgniter\View\{closure}()
 4 SYSTEMPATH/Common.php(1178): CodeIgniter\View\View->render()
 5 APPPATH/Controllers/Aluno.php(20): view()
 6 SYSTEMPATH/CodeIgniter.php(941): App\Controllers\Aluno->index()
 7 SYSTEMPATH/CodeIgniter.php(502): CodeIgniter\CodeIgniter->runController()
 8 SYSTEMPATH/CodeIgniter.php(361): CodeIgniter\CodeIgniter->handleRequest()
 9 FCPATH/index.php(79): CodeIgniter\CodeIgniter->run()
10 SYSTEMPATH/Commands/Server/rewrite.php(47): require_once('/opt/lampp/htdocs/ci4_biblioteca/public/index.php')
CRITICAL - 2024-04-23 18:16:16 --> ErrorException: Undefined variable $listaAutor
in APPPATH/Views/aluno/index.php on line 76.
 1 APPPATH/Views/aluno/index.php(76): CodeIgniter\Debug\Exceptions->errorHandler()
 2 SYSTEMPATH/View/View.php(228): include('/opt/lampp/htdocs/ci4_biblioteca/app/Views/aluno/index.php')
 3 SYSTEMPATH/View/View.php(231): CodeIgniter\View\View->CodeIgniter\View\{closure}()
 4 SYSTEMPATH/Common.php(1178): CodeIgniter\View\View->render()
 5 APPPATH/Controllers/Aluno.php(20): view()
 6 SYSTEMPATH/CodeIgniter.php(941): App\Controllers\Aluno->index()
 7 SYSTEMPATH/CodeIgniter.php(502): CodeIgniter\CodeIgniter->runController()
 8 SYSTEMPATH/CodeIgniter.php(361): CodeIgniter\CodeIgniter->handleRequest()
 9 FCPATH/index.php(79): CodeIgniter\CodeIgniter->run()
10 SYSTEMPATH/Commands/Server/rewrite.php(47): require_once('/opt/lampp/htdocs/ci4_biblioteca/public/index.php')
CRITICAL - 2024-04-23 18:18:41 --> ErrorException: Undefined variable $u
in APPPATH/Views/aluno/index.php on line 25.
 1 APPPATH/Views/aluno/index.php(25): CodeIgniter\Debug\Exceptions->errorHandler()
 2 SYSTEMPATH/View/View.php(228): include('/opt/lampp/htdocs/ci4_biblioteca/app/Views/aluno/index.php')
 3 SYSTEMPATH/View/View.php(231): CodeIgniter\View\View->CodeIgniter\View\{closure}()
 4 SYSTEMPATH/Common.php(1178): CodeIgniter\View\View->render()
 5 APPPATH/Controllers/Aluno.php(20): view()
 6 SYSTEMPATH/CodeIgniter.php(941): App\Controllers\Aluno->index()
 7 SYSTEMPATH/CodeIgniter.php(502): CodeIgniter\CodeIgniter->runController()
 8 SYSTEMPATH/CodeIgniter.php(361): CodeIgniter\CodeIgniter->handleRequest()
 9 FCPATH/index.php(79): CodeIgniter\CodeIgniter->run()
10 SYSTEMPATH/Commands/Server/rewrite.php(47): require_once('/opt/lampp/htdocs/ci4_biblioteca/public/index.php')
