CRITICAL - 2024-03-26 16:10:16 --> Error: Call to a member function findAll() on null
in APPPATH/Controllers/Usuario.php on line 17.
 1 SYSTEMPATH/CodeIgniter.php(941): App\Controllers\Usuario->index()
 2 SYSTEMPATH/CodeIgniter.php(502): CodeIgniter\CodeIgniter->runController()
 3 SYSTEMPATH/CodeIgniter.php(361): CodeIgniter\CodeIgniter->handleRequest()
 4 FCPATH/index.php(79): CodeIgniter\CodeIgniter->run()
 5 SYSTEMPATH/Commands/Server/rewrite.php(47): require_once('/opt/lampp/htdocs/ci4_biblioteca/public/index.php')
CRITICAL - 2024-03-26 16:10:28 --> Error: Call to a member function findAll() on null
in APPPATH/Controllers/Usuario.php on line 17.
 1 SYSTEMPATH/CodeIgniter.php(941): App\Controllers\Usuario->index()
 2 SYSTEMPATH/CodeIgniter.php(502): CodeIgniter\CodeIgniter->runController()
 3 SYSTEMPATH/CodeIgniter.php(361): CodeIgniter\CodeIgniter->handleRequest()
 4 FCPATH/index.php(79): CodeIgniter\CodeIgniter->run()
 5 SYSTEMPATH/Commands/Server/rewrite.php(47): require_once('/opt/lampp/htdocs/ci4_biblioteca/public/index.php')
CRITICAL - 2024-03-26 16:16:13 --> Error: Call to a member function findAll() on null
in APPPATH/Controllers/Usuario.php on line 17.
 1 SYSTEMPATH/CodeIgniter.php(941): App\Controllers\Usuario->index()
 2 SYSTEMPATH/CodeIgniter.php(502): CodeIgniter\CodeIgniter->runController()
 3 SYSTEMPATH/CodeIgniter.php(361): CodeIgniter\CodeIgniter->handleRequest()
 4 FCPATH/index.php(79): CodeIgniter\CodeIgniter->run()
 5 SYSTEMPATH/Commands/Server/rewrite.php(47): require_once('/opt/lampp/htdocs/ci4_biblioteca/public/index.php')
CRITICAL - 2024-03-26 16:18:10 --> Error: Call to a member function findAll() on null
in APPPATH/Controllers/Usuario.php on line 17.
 1 SYSTEMPATH/CodeIgniter.php(941): App\Controllers\Usuario->index()
 2 SYSTEMPATH/CodeIgniter.php(502): CodeIgniter\CodeIgniter->runController()
 3 SYSTEMPATH/CodeIgniter.php(361): CodeIgniter\CodeIgniter->handleRequest()
 4 FCPATH/index.php(79): CodeIgniter\CodeIgniter->run()
 5 SYSTEMPATH/Commands/Server/rewrite.php(47): require_once('/opt/lampp/htdocs/ci4_biblioteca/public/index.php')
CRITICAL - 2024-03-26 16:22:04 --> Error: Call to a member function findAll() on null
in APPPATH/Controllers/Usuario.php on line 17.
 1 SYSTEMPATH/CodeIgniter.php(941): App\Controllers\Usuario->index()
 2 SYSTEMPATH/CodeIgniter.php(502): CodeIgniter\CodeIgniter->runController()
 3 SYSTEMPATH/CodeIgniter.php(361): CodeIgniter\CodeIgniter->handleRequest()
 4 FCPATH/index.php(79): CodeIgniter\CodeIgniter->run()
 5 SYSTEMPATH/Commands/Server/rewrite.php(47): require_once('/opt/lampp/htdocs/ci4_biblioteca/public/index.php')
CRITICAL - 2024-03-26 16:22:14 --> Error: Call to a member function findAll() on null
in APPPATH/Controllers/Usuario.php on line 17.
 1 SYSTEMPATH/CodeIgniter.php(941): App\Controllers\Usuario->index()
 2 SYSTEMPATH/CodeIgniter.php(502): CodeIgniter\CodeIgniter->runController()
 3 SYSTEMPATH/CodeIgniter.php(361): CodeIgniter\CodeIgniter->handleRequest()
 4 FCPATH/index.php(79): CodeIgniter\CodeIgniter->run()
 5 SYSTEMPATH/Commands/Server/rewrite.php(47): require_once('/opt/lampp/htdocs/ci4_biblioteca/public/index.php')
CRITICAL - 2024-03-26 16:23:18 --> Error: Call to a member function findAll() on null
in APPPATH/Controllers/Usuario.php on line 17.
 1 SYSTEMPATH/CodeIgniter.php(941): App\Controllers\Usuario->index()
 2 SYSTEMPATH/CodeIgniter.php(502): CodeIgniter\CodeIgniter->runController()
 3 SYSTEMPATH/CodeIgniter.php(361): CodeIgniter\CodeIgniter->handleRequest()
 4 FCPATH/index.php(79): CodeIgniter\CodeIgniter->run()
 5 SYSTEMPATH/Commands/Server/rewrite.php(47): require_once('/opt/lampp/htdocs/ci4_biblioteca/public/index.php')
CRITICAL - 2024-03-26 16:23:21 --> Error: Call to a member function findAll() on null
in APPPATH/Controllers/Usuario.php on line 17.
 1 SYSTEMPATH/CodeIgniter.php(941): App\Controllers\Usuario->index()
 2 SYSTEMPATH/CodeIgniter.php(502): CodeIgniter\CodeIgniter->runController()
 3 SYSTEMPATH/CodeIgniter.php(361): CodeIgniter\CodeIgniter->handleRequest()
 4 FCPATH/index.php(79): CodeIgniter\CodeIgniter->run()
 5 SYSTEMPATH/Commands/Server/rewrite.php(47): require_once('/opt/lampp/htdocs/ci4_biblioteca/public/index.php')
CRITICAL - 2024-03-26 16:26:48 --> Error: Call to a member function findAll() on null
in APPPATH/Controllers/Usuario.php on line 17.
 1 SYSTEMPATH/CodeIgniter.php(941): App\Controllers\Usuario->index()
 2 SYSTEMPATH/CodeIgniter.php(502): CodeIgniter\CodeIgniter->runController()
 3 SYSTEMPATH/CodeIgniter.php(361): CodeIgniter\CodeIgniter->handleRequest()
 4 FCPATH/index.php(79): CodeIgniter\CodeIgniter->run()
 5 SYSTEMPATH/Commands/Server/rewrite.php(47): require_once('/opt/lampp/htdocs/ci4_biblioteca/public/index.php')
CRITICAL - 2024-03-26 16:29:05 --> Error: Call to a member function findAll() on null
in APPPATH/Controllers/Usuario.php on line 17.
 1 SYSTEMPATH/CodeIgniter.php(941): App\Controllers\Usuario->index()
 2 SYSTEMPATH/CodeIgniter.php(502): CodeIgniter\CodeIgniter->runController()
 3 SYSTEMPATH/CodeIgniter.php(361): CodeIgniter\CodeIgniter->handleRequest()
 4 FCPATH/index.php(79): CodeIgniter\CodeIgniter->run()
 5 SYSTEMPATH/Commands/Server/rewrite.php(47): require_once('/opt/lampp/htdocs/ci4_biblioteca/public/index.php')
CRITICAL - 2024-03-26 16:33:08 --> Error: Call to a member function findAll() on null
in APPPATH/Controllers/Usuario.php on line 17.
 1 SYSTEMPATH/CodeIgniter.php(941): App\Controllers\Usuario->index()
 2 SYSTEMPATH/CodeIgniter.php(502): CodeIgniter\CodeIgniter->runController()
 3 SYSTEMPATH/CodeIgniter.php(361): CodeIgniter\CodeIgniter->handleRequest()
 4 FCPATH/index.php(79): CodeIgniter\CodeIgniter->run()
 5 SYSTEMPATH/Commands/Server/rewrite.php(47): require_once('/opt/lampp/htdocs/ci4_biblioteca/public/index.php')
CRITICAL - 2024-03-26 16:33:10 --> Error: Call to a member function findAll() on null
in APPPATH/Controllers/Usuario.php on line 17.
 1 SYSTEMPATH/CodeIgniter.php(941): App\Controllers\Usuario->index()
 2 SYSTEMPATH/CodeIgniter.php(502): CodeIgniter\CodeIgniter->runController()
 3 SYSTEMPATH/CodeIgniter.php(361): CodeIgniter\CodeIgniter->handleRequest()
 4 FCPATH/index.php(79): CodeIgniter\CodeIgniter->run()
 5 SYSTEMPATH/Commands/Server/rewrite.php(47): require_once('/opt/lampp/htdocs/ci4_biblioteca/public/index.php')
CRITICAL - 2024-03-26 16:35:22 --> Error: Call to a member function findAll() on null
in APPPATH/Controllers/Usuario.php on line 17.
 1 SYSTEMPATH/CodeIgniter.php(941): App\Controllers\Usuario->index()
 2 SYSTEMPATH/CodeIgniter.php(502): CodeIgniter\CodeIgniter->runController()
 3 SYSTEMPATH/CodeIgniter.php(361): CodeIgniter\CodeIgniter->handleRequest()
 4 FCPATH/index.php(79): CodeIgniter\CodeIgniter->run()
 5 SYSTEMPATH/Commands/Server/rewrite.php(47): require_once('/opt/lampp/htdocs/ci4_biblioteca/public/index.php')
CRITICAL - 2024-03-26 16:35:31 --> Error: Call to a member function findAll() on null
in APPPATH/Controllers/Usuario.php on line 17.
 1 SYSTEMPATH/CodeIgniter.php(941): App\Controllers\Usuario->index()
 2 SYSTEMPATH/CodeIgniter.php(502): CodeIgniter\CodeIgniter->runController()
 3 SYSTEMPATH/CodeIgniter.php(361): CodeIgniter\CodeIgniter->handleRequest()
 4 FCPATH/index.php(79): CodeIgniter\CodeIgniter->run()
 5 SYSTEMPATH/Commands/Server/rewrite.php(47): require_once('/opt/lampp/htdocs/ci4_biblioteca/public/index.php')
CRITICAL - 2024-03-26 16:36:54 --> Error: Call to a member function findAll() on null
in APPPATH/Controllers/Usuario.php on line 17.
 1 SYSTEMPATH/CodeIgniter.php(941): App\Controllers\Usuario->index()
 2 SYSTEMPATH/CodeIgniter.php(502): CodeIgniter\CodeIgniter->runController()
 3 SYSTEMPATH/CodeIgniter.php(361): CodeIgniter\CodeIgniter->handleRequest()
 4 FCPATH/index.php(79): CodeIgniter\CodeIgniter->run()
 5 SYSTEMPATH/Commands/Server/rewrite.php(47): require_once('/opt/lampp/htdocs/ci4_biblioteca/public/index.php')
