INFO - 2024-06-20 12:04:16 --> Session: Class initialized using 'CodeIgniter\Session\Handlers\FileHandler' driver.
INFO - 2024-06-20 12:04:16 --> Session: Class initialized using 'CodeIgniter\Session\Handlers\FileHandler' driver.
INFO - 2024-06-20 12:04:41 --> Session: Class initialized using 'CodeIgniter\Session\Handlers\FileHandler' driver.
INFO - 2024-06-20 12:04:41 --> Session: Class initialized using 'CodeIgniter\Session\Handlers\FileHandler' driver.
INFO - 2024-06-20 12:04:48 --> Session: Class initialized using 'CodeIgniter\Session\Handlers\FileHandler' driver.
INFO - 2024-06-20 12:04:48 --> Session: Class initialized using 'CodeIgniter\Session\Handlers\FileHandler' driver.
INFO - 2024-06-20 12:04:58 --> Session: Class initialized using 'CodeIgniter\Session\Handlers\FileHandler' driver.
INFO - 2024-06-20 12:04:58 --> Session: Class initialized using 'CodeIgniter\Session\Handlers\FileHandler' driver.
INFO - 2024-06-20 12:05:20 --> Session: Class initialized using 'CodeIgniter\Session\Handlers\FileHandler' driver.
INFO - 2024-06-20 12:05:20 --> Session: Class initialized using 'CodeIgniter\Session\Handlers\FileHandler' driver.
INFO - 2024-06-20 12:05:35 --> Session: Class initialized using 'CodeIgniter\Session\Handlers\FileHandler' driver.
INFO - 2024-06-20 12:05:35 --> Session: Class initialized using 'CodeIgniter\Session\Handlers\FileHandler' driver.
INFO - 2024-06-20 12:06:06 --> Session: Class initialized using 'CodeIgniter\Session\Handlers\FileHandler' driver.
ERROR - 2024-06-20 12:07:15 --> mysqli_sql_exception: Cannot delete or update a parent row: a foreign key constraint fails (`biblioteca`.`autor_obra`, CONSTRAINT `autor_obra_ibfk_2` FOREIGN KEY (`id_obra`) REFERENCES `obra` (`id`)) in /opt/lampp/htdocs/ci4_biblioteca/system/Database/MySQLi/Connection.php:306
Stack trace:
#0 /opt/lampp/htdocs/ci4_biblioteca/system/Database/MySQLi/Connection.php(306): mysqli->query()
#1 /opt/lampp/htdocs/ci4_biblioteca/system/Database/BaseConnection.php(693): CodeIgniter\Database\MySQLi\Connection->execute()
#2 /opt/lampp/htdocs/ci4_biblioteca/system/Database/BaseConnection.php(607): CodeIgniter\Database\BaseConnection->simpleQuery()
#3 /opt/lampp/htdocs/ci4_biblioteca/system/Database/BaseBuilder.php(2787): CodeIgniter\Database\BaseConnection->query()
#4 /opt/lampp/htdocs/ci4_biblioteca/system/Model.php(453): CodeIgniter\Database\BaseBuilder->delete()
#5 /opt/lampp/htdocs/ci4_biblioteca/system/BaseModel.php(1117): CodeIgniter\Model->doDelete()
#6 /opt/lampp/htdocs/ci4_biblioteca/app/Controllers/Obra.php(61): CodeIgniter\BaseModel->delete()
#7 /opt/lampp/htdocs/ci4_biblioteca/system/CodeIgniter.php(941): App\Controllers\Obra->excluir()
#8 /opt/lampp/htdocs/ci4_biblioteca/system/CodeIgniter.php(502): CodeIgniter\CodeIgniter->runController()
#9 /opt/lampp/htdocs/ci4_biblioteca/system/CodeIgniter.php(361): CodeIgniter\CodeIgniter->handleRequest()
#10 /opt/lampp/htdocs/ci4_biblioteca/public/index.php(79): CodeIgniter\CodeIgniter->run()
#11 /opt/lampp/htdocs/ci4_biblioteca/system/Commands/Server/rewrite.php(47): require_once('...')
#12 {main}
CRITICAL - 2024-06-20 12:07:15 --> CodeIgniter\Database\Exceptions\DatabaseException: Cannot delete or update a parent row: a foreign key constraint fails (`biblioteca`.`autor_obra`, CONSTRAINT `autor_obra_ibfk_2` FOREIGN KEY (`id_obra`) REFERENCES `obra` (`id`))
in SYSTEMPATH/Database/BaseConnection.php on line 647.
 1 SYSTEMPATH/Database/BaseBuilder.php(2787): CodeIgniter\Database\BaseConnection->query()
 2 SYSTEMPATH/Model.php(453): CodeIgniter\Database\BaseBuilder->delete()
 3 SYSTEMPATH/BaseModel.php(1117): CodeIgniter\Model->doDelete()
 4 APPPATH/Controllers/Obra.php(61): CodeIgniter\BaseModel->delete()
 5 SYSTEMPATH/CodeIgniter.php(941): App\Controllers\Obra->excluir()
 6 SYSTEMPATH/CodeIgniter.php(502): CodeIgniter\CodeIgniter->runController()
 7 SYSTEMPATH/CodeIgniter.php(361): CodeIgniter\CodeIgniter->handleRequest()
 8 FCPATH/index.php(79): CodeIgniter\CodeIgniter->run()
 9 SYSTEMPATH/Commands/Server/rewrite.php(47): require_once('/opt/lampp/htdocs/ci4_biblioteca/public/index.php')
CRITICAL - 2024-06-20 12:07:15 --> [Caused by] CodeIgniter\Database\Exceptions\DatabaseException: Cannot delete or update a parent row: a foreign key constraint fails (`biblioteca`.`autor_obra`, CONSTRAINT `autor_obra_ibfk_2` FOREIGN KEY (`id_obra`) REFERENCES `obra` (`id`))
in SYSTEMPATH/Database/MySQLi/Connection.php on line 311.
 1 SYSTEMPATH/Database/BaseConnection.php(693): CodeIgniter\Database\MySQLi\Connection->execute()
 2 SYSTEMPATH/Database/BaseConnection.php(607): CodeIgniter\Database\BaseConnection->simpleQuery()
 3 SYSTEMPATH/Database/BaseBuilder.php(2787): CodeIgniter\Database\BaseConnection->query()
 4 SYSTEMPATH/Model.php(453): CodeIgniter\Database\BaseBuilder->delete()
 5 SYSTEMPATH/BaseModel.php(1117): CodeIgniter\Model->doDelete()
 6 APPPATH/Controllers/Obra.php(61): CodeIgniter\BaseModel->delete()
 7 SYSTEMPATH/CodeIgniter.php(941): App\Controllers\Obra->excluir()
 8 SYSTEMPATH/CodeIgniter.php(502): CodeIgniter\CodeIgniter->runController()
 9 SYSTEMPATH/CodeIgniter.php(361): CodeIgniter\CodeIgniter->handleRequest()
10 FCPATH/index.php(79): CodeIgniter\CodeIgniter->run()
11 SYSTEMPATH/Commands/Server/rewrite.php(47): require_once('/opt/lampp/htdocs/ci4_biblioteca/public/index.php')
CRITICAL - 2024-06-20 12:07:15 --> [Caused by] mysqli_sql_exception: Cannot delete or update a parent row: a foreign key constraint fails (`biblioteca`.`autor_obra`, CONSTRAINT `autor_obra_ibfk_2` FOREIGN KEY (`id_obra`) REFERENCES `obra` (`id`))
in SYSTEMPATH/Database/MySQLi/Connection.php on line 306.
 1 SYSTEMPATH/Database/MySQLi/Connection.php(306): mysqli->query()
 2 SYSTEMPATH/Database/BaseConnection.php(693): CodeIgniter\Database\MySQLi\Connection->execute()
 3 SYSTEMPATH/Database/BaseConnection.php(607): CodeIgniter\Database\BaseConnection->simpleQuery()
 4 SYSTEMPATH/Database/BaseBuilder.php(2787): CodeIgniter\Database\BaseConnection->query()
 5 SYSTEMPATH/Model.php(453): CodeIgniter\Database\BaseBuilder->delete()
 6 SYSTEMPATH/BaseModel.php(1117): CodeIgniter\Model->doDelete()
 7 APPPATH/Controllers/Obra.php(61): CodeIgniter\BaseModel->delete()
 8 SYSTEMPATH/CodeIgniter.php(941): App\Controllers\Obra->excluir()
 9 SYSTEMPATH/CodeIgniter.php(502): CodeIgniter\CodeIgniter->runController()
10 SYSTEMPATH/CodeIgniter.php(361): CodeIgniter\CodeIgniter->handleRequest()
11 FCPATH/index.php(79): CodeIgniter\CodeIgniter->run()
12 SYSTEMPATH/Commands/Server/rewrite.php(47): require_once('/opt/lampp/htdocs/ci4_biblioteca/public/index.php')
CRITICAL - 2024-06-20 12:07:21 --> CodeIgniter\Database\Exceptions\DatabaseException: Deletes are not allowed unless they contain a "where" or "like" clause.
in SYSTEMPATH/Database/BaseBuilder.php on line 2763.
 1 SYSTEMPATH/Model.php(453): CodeIgniter\Database\BaseBuilder->delete()
 2 SYSTEMPATH/BaseModel.php(1117): CodeIgniter\Model->doDelete()
 3 APPPATH/Controllers/Autor.php(48): CodeIgniter\BaseModel->delete()
 4 SYSTEMPATH/CodeIgniter.php(941): App\Controllers\Autor->excluir()
 5 SYSTEMPATH/CodeIgniter.php(502): CodeIgniter\CodeIgniter->runController()
 6 SYSTEMPATH/CodeIgniter.php(361): CodeIgniter\CodeIgniter->handleRequest()
 7 FCPATH/index.php(79): CodeIgniter\CodeIgniter->run()
 8 SYSTEMPATH/Commands/Server/rewrite.php(47): require_once('/opt/lampp/htdocs/ci4_biblioteca/public/index.php')
CRITICAL - 2024-06-20 12:07:27 --> CodeIgniter\Database\Exceptions\DatabaseException: Deletes are not allowed unless they contain a "where" or "like" clause.
in SYSTEMPATH/Database/BaseBuilder.php on line 2763.
 1 SYSTEMPATH/Model.php(453): CodeIgniter\Database\BaseBuilder->delete()
 2 SYSTEMPATH/BaseModel.php(1117): CodeIgniter\Model->doDelete()
 3 APPPATH/Controllers/Editora.php(48): CodeIgniter\BaseModel->delete()
 4 SYSTEMPATH/CodeIgniter.php(941): App\Controllers\Editora->excluir()
 5 SYSTEMPATH/CodeIgniter.php(502): CodeIgniter\CodeIgniter->runController()
 6 SYSTEMPATH/CodeIgniter.php(361): CodeIgniter\CodeIgniter->handleRequest()
 7 FCPATH/index.php(79): CodeIgniter\CodeIgniter->run()
 8 SYSTEMPATH/Commands/Server/rewrite.php(47): require_once('/opt/lampp/htdocs/ci4_biblioteca/public/index.php')
CRITICAL - 2024-06-20 12:07:37 --> CodeIgniter\Database\Exceptions\DatabaseException: Deletes are not allowed unless they contain a "where" or "like" clause.
in SYSTEMPATH/Database/BaseBuilder.php on line 2763.
 1 SYSTEMPATH/Model.php(453): CodeIgniter\Database\BaseBuilder->delete()
 2 SYSTEMPATH/BaseModel.php(1117): CodeIgniter\Model->doDelete()
 3 APPPATH/Controllers/Editora.php(48): CodeIgniter\BaseModel->delete()
 4 SYSTEMPATH/CodeIgniter.php(941): App\Controllers\Editora->excluir()
 5 SYSTEMPATH/CodeIgniter.php(502): CodeIgniter\CodeIgniter->runController()
 6 SYSTEMPATH/CodeIgniter.php(361): CodeIgniter\CodeIgniter->handleRequest()
 7 FCPATH/index.php(79): CodeIgniter\CodeIgniter->run()
 8 SYSTEMPATH/Commands/Server/rewrite.php(47): require_once('/opt/lampp/htdocs/ci4_biblioteca/public/index.php')
INFO - 2024-06-20 12:08:55 --> Session: Class initialized using 'CodeIgniter\Session\Handlers\FileHandler' driver.
INFO - 2024-06-20 12:08:55 --> Session: Class initialized using 'CodeIgniter\Session\Handlers\FileHandler' driver.
INFO - 2024-06-20 12:09:04 --> Session: Class initialized using 'CodeIgniter\Session\Handlers\FileHandler' driver.
INFO - 2024-06-20 12:11:11 --> Session: Class initialized using 'CodeIgniter\Session\Handlers\FileHandler' driver.
INFO - 2024-06-20 12:11:11 --> Session: Class initialized using 'CodeIgniter\Session\Handlers\FileHandler' driver.
INFO - 2024-06-20 12:11:19 --> Session: Class initialized using 'CodeIgniter\Session\Handlers\FileHandler' driver.
INFO - 2024-06-20 12:12:05 --> Session: Class initialized using 'CodeIgniter\Session\Handlers\FileHandler' driver.
INFO - 2024-06-20 12:12:05 --> Session: Class initialized using 'CodeIgniter\Session\Handlers\FileHandler' driver.
INFO - 2024-06-20 12:12:11 --> Session: Class initialized using 'CodeIgniter\Session\Handlers\FileHandler' driver.
INFO - 2024-06-20 12:12:17 --> Session: Class initialized using 'CodeIgniter\Session\Handlers\FileHandler' driver.
INFO - 2024-06-20 12:12:17 --> Session: Class initialized using 'CodeIgniter\Session\Handlers\FileHandler' driver.
INFO - 2024-06-20 12:18:18 --> Session: Class initialized using 'CodeIgniter\Session\Handlers\FileHandler' driver.
INFO - 2024-06-20 12:18:18 --> Session: Class initialized using 'CodeIgniter\Session\Handlers\FileHandler' driver.
INFO - 2024-06-20 12:18:22 --> Session: Class initialized using 'CodeIgniter\Session\Handlers\FileHandler' driver.
INFO - 2024-06-20 12:19:31 --> Session: Class initialized using 'CodeIgniter\Session\Handlers\FileHandler' driver.
INFO - 2024-06-20 12:19:31 --> Session: Class initialized using 'CodeIgniter\Session\Handlers\FileHandler' driver.
INFO - 2024-06-20 12:25:26 --> Session: Class initialized using 'CodeIgniter\Session\Handlers\FileHandler' driver.
INFO - 2024-06-20 12:26:54 --> Session: Class initialized using 'CodeIgniter\Session\Handlers\FileHandler' driver.
INFO - 2024-06-20 12:26:54 --> Session: Class initialized using 'CodeIgniter\Session\Handlers\FileHandler' driver.
INFO - 2024-06-20 12:27:01 --> Session: Class initialized using 'CodeIgniter\Session\Handlers\FileHandler' driver.
CRITICAL - 2024-06-20 13:07:36 --> CodeIgniter\Database\Exceptions\DataException: There is no data to update.
in SYSTEMPATH/BaseModel.php on line 1778.
 1 SYSTEMPATH/BaseModel.php(1778): CodeIgniter\Database\Exceptions\DataException::forEmptyDataset()
 2 SYSTEMPATH/BaseModel.php(956): CodeIgniter\BaseModel->transformDataToArray()
 3 SYSTEMPATH/Model.php(807): CodeIgniter\BaseModel->update()
 4 APPPATH/Controllers/Emprestimo.php(59): CodeIgniter\Model->update()
 5 SYSTEMPATH/CodeIgniter.php(941): App\Controllers\Emprestimo->salvar()
 6 SYSTEMPATH/CodeIgniter.php(502): CodeIgniter\CodeIgniter->runController()
 7 SYSTEMPATH/CodeIgniter.php(361): CodeIgniter\CodeIgniter->handleRequest()
 8 FCPATH/index.php(79): CodeIgniter\CodeIgniter->run()
 9 SYSTEMPATH/Commands/Server/rewrite.php(47): require_once('/opt/lampp/htdocs/ci4_biblioteca/public/index.php')
CRITICAL - 2024-06-20 13:07:40 --> CodeIgniter\Database\Exceptions\DataException: There is no data to update.
in SYSTEMPATH/BaseModel.php on line 1778.
 1 SYSTEMPATH/BaseModel.php(1778): CodeIgniter\Database\Exceptions\DataException::forEmptyDataset()
 2 SYSTEMPATH/BaseModel.php(956): CodeIgniter\BaseModel->transformDataToArray()
 3 SYSTEMPATH/Model.php(807): CodeIgniter\BaseModel->update()
 4 APPPATH/Controllers/Emprestimo.php(59): CodeIgniter\Model->update()
 5 SYSTEMPATH/CodeIgniter.php(941): App\Controllers\Emprestimo->salvar()
 6 SYSTEMPATH/CodeIgniter.php(502): CodeIgniter\CodeIgniter->runController()
 7 SYSTEMPATH/CodeIgniter.php(361): CodeIgniter\CodeIgniter->handleRequest()
 8 FCPATH/index.php(79): CodeIgniter\CodeIgniter->run()
 9 SYSTEMPATH/Commands/Server/rewrite.php(47): require_once('/opt/lampp/htdocs/ci4_biblioteca/public/index.php')
CRITICAL - 2024-06-20 13:07:52 --> CodeIgniter\Database\Exceptions\DataException: There is no data to update.
in SYSTEMPATH/BaseModel.php on line 1778.
 1 SYSTEMPATH/BaseModel.php(1778): CodeIgniter\Database\Exceptions\DataException::forEmptyDataset()
 2 SYSTEMPATH/BaseModel.php(956): CodeIgniter\BaseModel->transformDataToArray()
 3 SYSTEMPATH/Model.php(807): CodeIgniter\BaseModel->update()
 4 APPPATH/Controllers/Emprestimo.php(59): CodeIgniter\Model->update()
 5 SYSTEMPATH/CodeIgniter.php(941): App\Controllers\Emprestimo->salvar()
 6 SYSTEMPATH/CodeIgniter.php(502): CodeIgniter\CodeIgniter->runController()
 7 SYSTEMPATH/CodeIgniter.php(361): CodeIgniter\CodeIgniter->handleRequest()
 8 FCPATH/index.php(79): CodeIgniter\CodeIgniter->run()
 9 SYSTEMPATH/Commands/Server/rewrite.php(47): require_once('/opt/lampp/htdocs/ci4_biblioteca/public/index.php')
INFO - 2024-06-20 13:08:55 --> Session: Class initialized using 'CodeIgniter\Session\Handlers\FileHandler' driver.
CRITICAL - 2024-06-20 13:09:03 --> CodeIgniter\Database\Exceptions\DataException: There is no data to update.
in SYSTEMPATH/BaseModel.php on line 1778.
 1 SYSTEMPATH/BaseModel.php(1778): CodeIgniter\Database\Exceptions\DataException::forEmptyDataset()
 2 SYSTEMPATH/BaseModel.php(956): CodeIgniter\BaseModel->transformDataToArray()
 3 SYSTEMPATH/Model.php(807): CodeIgniter\BaseModel->update()
 4 APPPATH/Controllers/Emprestimo.php(59): CodeIgniter\Model->update()
 5 SYSTEMPATH/CodeIgniter.php(941): App\Controllers\Emprestimo->salvar()
 6 SYSTEMPATH/CodeIgniter.php(502): CodeIgniter\CodeIgniter->runController()
 7 SYSTEMPATH/CodeIgniter.php(361): CodeIgniter\CodeIgniter->handleRequest()
 8 FCPATH/index.php(79): CodeIgniter\CodeIgniter->run()
 9 SYSTEMPATH/Commands/Server/rewrite.php(47): require_once('/opt/lampp/htdocs/ci4_biblioteca/public/index.php')
CRITICAL - 2024-06-20 13:10:07 --> CodeIgniter\Database\Exceptions\DataException: There is no data to update.
in SYSTEMPATH/BaseModel.php on line 1778.
 1 SYSTEMPATH/BaseModel.php(1778): CodeIgniter\Database\Exceptions\DataException::forEmptyDataset()
 2 SYSTEMPATH/BaseModel.php(956): CodeIgniter\BaseModel->transformDataToArray()
 3 SYSTEMPATH/Model.php(807): CodeIgniter\BaseModel->update()
 4 APPPATH/Controllers/Emprestimo.php(59): CodeIgniter\Model->update()
 5 SYSTEMPATH/CodeIgniter.php(941): App\Controllers\Emprestimo->salvar()
 6 SYSTEMPATH/CodeIgniter.php(502): CodeIgniter\CodeIgniter->runController()
 7 SYSTEMPATH/CodeIgniter.php(361): CodeIgniter\CodeIgniter->handleRequest()
 8 FCPATH/index.php(79): CodeIgniter\CodeIgniter->run()
 9 SYSTEMPATH/Commands/Server/rewrite.php(47): require_once('/opt/lampp/htdocs/ci4_biblioteca/public/index.php')
CRITICAL - 2024-06-20 13:11:52 --> CodeIgniter\Database\Exceptions\DataException: There is no data to update.
in SYSTEMPATH/BaseModel.php on line 1778.
 1 SYSTEMPATH/BaseModel.php(1778): CodeIgniter\Database\Exceptions\DataException::forEmptyDataset()
 2 SYSTEMPATH/BaseModel.php(956): CodeIgniter\BaseModel->transformDataToArray()
 3 SYSTEMPATH/Model.php(807): CodeIgniter\BaseModel->update()
 4 APPPATH/Controllers/Emprestimo.php(59): CodeIgniter\Model->update()
 5 SYSTEMPATH/CodeIgniter.php(941): App\Controllers\Emprestimo->salvar()
 6 SYSTEMPATH/CodeIgniter.php(502): CodeIgniter\CodeIgniter->runController()
 7 SYSTEMPATH/CodeIgniter.php(361): CodeIgniter\CodeIgniter->handleRequest()
 8 FCPATH/index.php(79): CodeIgniter\CodeIgniter->run()
 9 SYSTEMPATH/Commands/Server/rewrite.php(47): require_once('/opt/lampp/htdocs/ci4_biblioteca/public/index.php')
CRITICAL - 2024-06-20 13:12:57 --> ErrorException: Trying to access array offset on value of type null
in APPPATH/Views/emprestimo/edit.php on line 3.
 1 APPPATH/Views/emprestimo/edit.php(3): CodeIgniter\Debug\Exceptions->errorHandler()
 2 SYSTEMPATH/View/View.php(228): include('/opt/lampp/htdocs/ci4_biblioteca/app/Views/emprestimo/edit.php')
 3 SYSTEMPATH/View/View.php(231): CodeIgniter\View\View->CodeIgniter\View\{closure}()
 4 SYSTEMPATH/Common.php(1178): CodeIgniter\View\View->render()
 5 APPPATH/Controllers/Emprestimo.php(53): view()
 6 SYSTEMPATH/CodeIgniter.php(941): App\Controllers\Emprestimo->editar()
 7 SYSTEMPATH/CodeIgniter.php(502): CodeIgniter\CodeIgniter->runController()
 8 SYSTEMPATH/CodeIgniter.php(361): CodeIgniter\CodeIgniter->handleRequest()
 9 FCPATH/index.php(79): CodeIgniter\CodeIgniter->run()
10 SYSTEMPATH/Commands/Server/rewrite.php(47): require_once('/opt/lampp/htdocs/ci4_biblioteca/public/index.php')
CRITICAL - 2024-06-20 13:13:02 --> ErrorException: Trying to access array offset on value of type null
in APPPATH/Views/emprestimo/edit.php on line 3.
 1 APPPATH/Views/emprestimo/edit.php(3): CodeIgniter\Debug\Exceptions->errorHandler()
 2 SYSTEMPATH/View/View.php(228): include('/opt/lampp/htdocs/ci4_biblioteca/app/Views/emprestimo/edit.php')
 3 SYSTEMPATH/View/View.php(231): CodeIgniter\View\View->CodeIgniter\View\{closure}()
 4 SYSTEMPATH/Common.php(1178): CodeIgniter\View\View->render()
 5 APPPATH/Controllers/Emprestimo.php(53): view()
 6 SYSTEMPATH/CodeIgniter.php(941): App\Controllers\Emprestimo->editar()
 7 SYSTEMPATH/CodeIgniter.php(502): CodeIgniter\CodeIgniter->runController()
 8 SYSTEMPATH/CodeIgniter.php(361): CodeIgniter\CodeIgniter->handleRequest()
 9 FCPATH/index.php(79): CodeIgniter\CodeIgniter->run()
10 SYSTEMPATH/Commands/Server/rewrite.php(47): require_once('/opt/lampp/htdocs/ci4_biblioteca/public/index.php')
CRITICAL - 2024-06-20 13:19:40 --> ErrorException: Trying to access array offset on value of type null
in APPPATH/Views/emprestimo/edit.php on line 3.
 1 APPPATH/Views/emprestimo/edit.php(3): CodeIgniter\Debug\Exceptions->errorHandler()
 2 SYSTEMPATH/View/View.php(228): include('/opt/lampp/htdocs/ci4_biblioteca/app/Views/emprestimo/edit.php')
 3 SYSTEMPATH/View/View.php(231): CodeIgniter\View\View->CodeIgniter\View\{closure}()
 4 SYSTEMPATH/Common.php(1178): CodeIgniter\View\View->render()
 5 APPPATH/Controllers/Emprestimo.php(53): view()
 6 SYSTEMPATH/CodeIgniter.php(941): App\Controllers\Emprestimo->editar()
 7 SYSTEMPATH/CodeIgniter.php(502): CodeIgniter\CodeIgniter->runController()
 8 SYSTEMPATH/CodeIgniter.php(361): CodeIgniter\CodeIgniter->handleRequest()
 9 FCPATH/index.php(79): CodeIgniter\CodeIgniter->run()
10 SYSTEMPATH/Commands/Server/rewrite.php(47): require_once('/opt/lampp/htdocs/ci4_biblioteca/public/index.php')
CRITICAL - 2024-06-20 13:23:51 --> CodeIgniter\View\Exceptions\ViewException: Invalid file: "devolução/index.php"
in SYSTEMPATH/Exceptions/FrameworkException.php on line 39.
 1 SYSTEMPATH/View/View.php(216): CodeIgniter\Exceptions\FrameworkException::forInvalidFile()
 2 SYSTEMPATH/Common.php(1178): CodeIgniter\View\View->render()
 3 APPPATH/Controllers/Emprestimo.php(86): view()
 4 SYSTEMPATH/CodeIgniter.php(941): App\Controllers\Emprestimo->devolucao()
 5 SYSTEMPATH/CodeIgniter.php(502): CodeIgniter\CodeIgniter->runController()
 6 SYSTEMPATH/CodeIgniter.php(361): CodeIgniter\CodeIgniter->handleRequest()
 7 FCPATH/index.php(79): CodeIgniter\CodeIgniter->run()
 8 SYSTEMPATH/Commands/Server/rewrite.php(47): require_once('/opt/lampp/htdocs/ci4_biblioteca/public/index.php')
CRITICAL - 2024-06-20 13:24:58 --> ErrorException: Trying to access array offset on value of type null
in APPPATH/Views/emprestimo/edit.php on line 3.
 1 APPPATH/Views/emprestimo/edit.php(3): CodeIgniter\Debug\Exceptions->errorHandler()
 2 SYSTEMPATH/View/View.php(228): include('/opt/lampp/htdocs/ci4_biblioteca/app/Views/emprestimo/edit.php')
 3 SYSTEMPATH/View/View.php(231): CodeIgniter\View\View->CodeIgniter\View\{closure}()
 4 SYSTEMPATH/Common.php(1178): CodeIgniter\View\View->render()
 5 APPPATH/Controllers/Emprestimo.php(57): view()
 6 SYSTEMPATH/CodeIgniter.php(941): App\Controllers\Emprestimo->editar()
 7 SYSTEMPATH/CodeIgniter.php(502): CodeIgniter\CodeIgniter->runController()
 8 SYSTEMPATH/CodeIgniter.php(361): CodeIgniter\CodeIgniter->handleRequest()
 9 FCPATH/index.php(79): CodeIgniter\CodeIgniter->run()
10 SYSTEMPATH/Commands/Server/rewrite.php(47): require_once('/opt/lampp/htdocs/ci4_biblioteca/public/index.php')
CRITICAL - 2024-06-20 13:25:11 --> ErrorException: Trying to access array offset on value of type null
in APPPATH/Views/emprestimo/edit.php on line 3.
 1 APPPATH/Views/emprestimo/edit.php(3): CodeIgniter\Debug\Exceptions->errorHandler()
 2 SYSTEMPATH/View/View.php(228): include('/opt/lampp/htdocs/ci4_biblioteca/app/Views/emprestimo/edit.php')
 3 SYSTEMPATH/View/View.php(231): CodeIgniter\View\View->CodeIgniter\View\{closure}()
 4 SYSTEMPATH/Common.php(1178): CodeIgniter\View\View->render()
 5 APPPATH/Controllers/Emprestimo.php(57): view()
 6 SYSTEMPATH/CodeIgniter.php(941): App\Controllers\Emprestimo->editar()
 7 SYSTEMPATH/CodeIgniter.php(502): CodeIgniter\CodeIgniter->runController()
 8 SYSTEMPATH/CodeIgniter.php(361): CodeIgniter\CodeIgniter->handleRequest()
 9 FCPATH/index.php(79): CodeIgniter\CodeIgniter->run()
10 SYSTEMPATH/Commands/Server/rewrite.php(47): require_once('/opt/lampp/htdocs/ci4_biblioteca/public/index.php')
CRITICAL - 2024-06-20 13:25:12 --> ErrorException: Trying to access array offset on value of type null
in APPPATH/Views/emprestimo/edit.php on line 3.
 1 APPPATH/Views/emprestimo/edit.php(3): CodeIgniter\Debug\Exceptions->errorHandler()
 2 SYSTEMPATH/View/View.php(228): include('/opt/lampp/htdocs/ci4_biblioteca/app/Views/emprestimo/edit.php')
 3 SYSTEMPATH/View/View.php(231): CodeIgniter\View\View->CodeIgniter\View\{closure}()
 4 SYSTEMPATH/Common.php(1178): CodeIgniter\View\View->render()
 5 APPPATH/Controllers/Emprestimo.php(57): view()
 6 SYSTEMPATH/CodeIgniter.php(941): App\Controllers\Emprestimo->editar()
 7 SYSTEMPATH/CodeIgniter.php(502): CodeIgniter\CodeIgniter->runController()
 8 SYSTEMPATH/CodeIgniter.php(361): CodeIgniter\CodeIgniter->handleRequest()
 9 FCPATH/index.php(79): CodeIgniter\CodeIgniter->run()
10 SYSTEMPATH/Commands/Server/rewrite.php(47): require_once('/opt/lampp/htdocs/ci4_biblioteca/public/index.php')
CRITICAL - 2024-06-20 13:25:12 --> ErrorException: Trying to access array offset on value of type null
in APPPATH/Views/emprestimo/edit.php on line 3.
 1 APPPATH/Views/emprestimo/edit.php(3): CodeIgniter\Debug\Exceptions->errorHandler()
 2 SYSTEMPATH/View/View.php(228): include('/opt/lampp/htdocs/ci4_biblioteca/app/Views/emprestimo/edit.php')
 3 SYSTEMPATH/View/View.php(231): CodeIgniter\View\View->CodeIgniter\View\{closure}()
 4 SYSTEMPATH/Common.php(1178): CodeIgniter\View\View->render()
 5 APPPATH/Controllers/Emprestimo.php(57): view()
 6 SYSTEMPATH/CodeIgniter.php(941): App\Controllers\Emprestimo->editar()
 7 SYSTEMPATH/CodeIgniter.php(502): CodeIgniter\CodeIgniter->runController()
 8 SYSTEMPATH/CodeIgniter.php(361): CodeIgniter\CodeIgniter->handleRequest()
 9 FCPATH/index.php(79): CodeIgniter\CodeIgniter->run()
10 SYSTEMPATH/Commands/Server/rewrite.php(47): require_once('/opt/lampp/htdocs/ci4_biblioteca/public/index.php')
CRITICAL - 2024-06-20 13:25:12 --> ErrorException: Trying to access array offset on value of type null
in APPPATH/Views/emprestimo/edit.php on line 3.
 1 APPPATH/Views/emprestimo/edit.php(3): CodeIgniter\Debug\Exceptions->errorHandler()
 2 SYSTEMPATH/View/View.php(228): include('/opt/lampp/htdocs/ci4_biblioteca/app/Views/emprestimo/edit.php')
 3 SYSTEMPATH/View/View.php(231): CodeIgniter\View\View->CodeIgniter\View\{closure}()
 4 SYSTEMPATH/Common.php(1178): CodeIgniter\View\View->render()
 5 APPPATH/Controllers/Emprestimo.php(57): view()
 6 SYSTEMPATH/CodeIgniter.php(941): App\Controllers\Emprestimo->editar()
 7 SYSTEMPATH/CodeIgniter.php(502): CodeIgniter\CodeIgniter->runController()
 8 SYSTEMPATH/CodeIgniter.php(361): CodeIgniter\CodeIgniter->handleRequest()
 9 FCPATH/index.php(79): CodeIgniter\CodeIgniter->run()
10 SYSTEMPATH/Commands/Server/rewrite.php(47): require_once('/opt/lampp/htdocs/ci4_biblioteca/public/index.php')
CRITICAL - 2024-06-20 13:25:13 --> ErrorException: Trying to access array offset on value of type null
in APPPATH/Views/emprestimo/edit.php on line 3.
 1 APPPATH/Views/emprestimo/edit.php(3): CodeIgniter\Debug\Exceptions->errorHandler()
 2 SYSTEMPATH/View/View.php(228): include('/opt/lampp/htdocs/ci4_biblioteca/app/Views/emprestimo/edit.php')
 3 SYSTEMPATH/View/View.php(231): CodeIgniter\View\View->CodeIgniter\View\{closure}()
 4 SYSTEMPATH/Common.php(1178): CodeIgniter\View\View->render()
 5 APPPATH/Controllers/Emprestimo.php(57): view()
 6 SYSTEMPATH/CodeIgniter.php(941): App\Controllers\Emprestimo->editar()
 7 SYSTEMPATH/CodeIgniter.php(502): CodeIgniter\CodeIgniter->runController()
 8 SYSTEMPATH/CodeIgniter.php(361): CodeIgniter\CodeIgniter->handleRequest()
 9 FCPATH/index.php(79): CodeIgniter\CodeIgniter->run()
10 SYSTEMPATH/Commands/Server/rewrite.php(47): require_once('/opt/lampp/htdocs/ci4_biblioteca/public/index.php')
CRITICAL - 2024-06-20 13:25:20 --> ErrorException: Trying to access array offset on value of type null
in APPPATH/Views/emprestimo/edit.php on line 3.
 1 APPPATH/Views/emprestimo/edit.php(3): CodeIgniter\Debug\Exceptions->errorHandler()
 2 SYSTEMPATH/View/View.php(228): include('/opt/lampp/htdocs/ci4_biblioteca/app/Views/emprestimo/edit.php')
 3 SYSTEMPATH/View/View.php(231): CodeIgniter\View\View->CodeIgniter\View\{closure}()
 4 SYSTEMPATH/Common.php(1178): CodeIgniter\View\View->render()
 5 APPPATH/Controllers/Emprestimo.php(57): view()
 6 SYSTEMPATH/CodeIgniter.php(941): App\Controllers\Emprestimo->editar()
 7 SYSTEMPATH/CodeIgniter.php(502): CodeIgniter\CodeIgniter->runController()
 8 SYSTEMPATH/CodeIgniter.php(361): CodeIgniter\CodeIgniter->handleRequest()
 9 FCPATH/index.php(79): CodeIgniter\CodeIgniter->run()
10 SYSTEMPATH/Commands/Server/rewrite.php(47): require_once('/opt/lampp/htdocs/ci4_biblioteca/public/index.php')
ERROR - 2024-06-20 13:25:25 --> mysqli_sql_exception: Cannot add or update a child row: a foreign key constraint fails (`biblioteca`.`emprestimo`, CONSTRAINT `emprestimo_ibfk_1` FOREIGN KEY (`id_livro`) REFERENCES `livro` (`id`)) in /opt/lampp/htdocs/ci4_biblioteca/system/Database/MySQLi/Connection.php:306
Stack trace:
#0 /opt/lampp/htdocs/ci4_biblioteca/system/Database/MySQLi/Connection.php(306): mysqli->query()
#1 /opt/lampp/htdocs/ci4_biblioteca/system/Database/BaseConnection.php(693): CodeIgniter\Database\MySQLi\Connection->execute()
#2 /opt/lampp/htdocs/ci4_biblioteca/system/Database/BaseConnection.php(607): CodeIgniter\Database\BaseConnection->simpleQuery()
#3 /opt/lampp/htdocs/ci4_biblioteca/system/Database/BaseBuilder.php(2474): CodeIgniter\Database\BaseConnection->query()
#4 /opt/lampp/htdocs/ci4_biblioteca/system/Model.php(393): CodeIgniter\Database\BaseBuilder->update()
#5 /opt/lampp/htdocs/ci4_biblioteca/system/BaseModel.php(987): CodeIgniter\Model->doUpdate()
#6 /opt/lampp/htdocs/ci4_biblioteca/system/Model.php(807): CodeIgniter\BaseModel->update()
#7 /opt/lampp/htdocs/ci4_biblioteca/system/BaseModel.php(711): CodeIgniter\Model->update()
#8 /opt/lampp/htdocs/ci4_biblioteca/app/Controllers/Emprestimo.php(62): CodeIgniter\BaseModel->save()
#9 /opt/lampp/htdocs/ci4_biblioteca/system/CodeIgniter.php(941): App\Controllers\Emprestimo->salvar()
#10 /opt/lampp/htdocs/ci4_biblioteca/system/CodeIgniter.php(502): CodeIgniter\CodeIgniter->runController()
#11 /opt/lampp/htdocs/ci4_biblioteca/system/CodeIgniter.php(361): CodeIgniter\CodeIgniter->handleRequest()
#12 /opt/lampp/htdocs/ci4_biblioteca/public/index.php(79): CodeIgniter\CodeIgniter->run()
#13 /opt/lampp/htdocs/ci4_biblioteca/system/Commands/Server/rewrite.php(47): require_once('...')
#14 {main}
CRITICAL - 2024-06-20 13:25:25 --> CodeIgniter\Database\Exceptions\DatabaseException: Cannot add or update a child row: a foreign key constraint fails (`biblioteca`.`emprestimo`, CONSTRAINT `emprestimo_ibfk_1` FOREIGN KEY (`id_livro`) REFERENCES `livro` (`id`))
in SYSTEMPATH/Database/BaseConnection.php on line 647.
 1 SYSTEMPATH/Database/BaseBuilder.php(2474): CodeIgniter\Database\BaseConnection->query()
 2 SYSTEMPATH/Model.php(393): CodeIgniter\Database\BaseBuilder->update()
 3 SYSTEMPATH/BaseModel.php(987): CodeIgniter\Model->doUpdate()
 4 SYSTEMPATH/Model.php(807): CodeIgniter\BaseModel->update()
 5 SYSTEMPATH/BaseModel.php(711): CodeIgniter\Model->update()
 6 APPPATH/Controllers/Emprestimo.php(62): CodeIgniter\BaseModel->save()
 7 SYSTEMPATH/CodeIgniter.php(941): App\Controllers\Emprestimo->salvar()
 8 SYSTEMPATH/CodeIgniter.php(502): CodeIgniter\CodeIgniter->runController()
 9 SYSTEMPATH/CodeIgniter.php(361): CodeIgniter\CodeIgniter->handleRequest()
10 FCPATH/index.php(79): CodeIgniter\CodeIgniter->run()
11 SYSTEMPATH/Commands/Server/rewrite.php(47): require_once('/opt/lampp/htdocs/ci4_biblioteca/public/index.php')
CRITICAL - 2024-06-20 13:25:25 --> [Caused by] CodeIgniter\Database\Exceptions\DatabaseException: Cannot add or update a child row: a foreign key constraint fails (`biblioteca`.`emprestimo`, CONSTRAINT `emprestimo_ibfk_1` FOREIGN KEY (`id_livro`) REFERENCES `livro` (`id`))
in SYSTEMPATH/Database/MySQLi/Connection.php on line 311.
 1 SYSTEMPATH/Database/BaseConnection.php(693): CodeIgniter\Database\MySQLi\Connection->execute()
 2 SYSTEMPATH/Database/BaseConnection.php(607): CodeIgniter\Database\BaseConnection->simpleQuery()
 3 SYSTEMPATH/Database/BaseBuilder.php(2474): CodeIgniter\Database\BaseConnection->query()
 4 SYSTEMPATH/Model.php(393): CodeIgniter\Database\BaseBuilder->update()
 5 SYSTEMPATH/BaseModel.php(987): CodeIgniter\Model->doUpdate()
 6 SYSTEMPATH/Model.php(807): CodeIgniter\BaseModel->update()
 7 SYSTEMPATH/BaseModel.php(711): CodeIgniter\Model->update()
 8 APPPATH/Controllers/Emprestimo.php(62): CodeIgniter\BaseModel->save()
 9 SYSTEMPATH/CodeIgniter.php(941): App\Controllers\Emprestimo->salvar()
10 SYSTEMPATH/CodeIgniter.php(502): CodeIgniter\CodeIgniter->runController()
11 SYSTEMPATH/CodeIgniter.php(361): CodeIgniter\CodeIgniter->handleRequest()
12 FCPATH/index.php(79): CodeIgniter\CodeIgniter->run()
13 SYSTEMPATH/Commands/Server/rewrite.php(47): require_once('/opt/lampp/htdocs/ci4_biblioteca/public/index.php')
CRITICAL - 2024-06-20 13:25:25 --> [Caused by] mysqli_sql_exception: Cannot add or update a child row: a foreign key constraint fails (`biblioteca`.`emprestimo`, CONSTRAINT `emprestimo_ibfk_1` FOREIGN KEY (`id_livro`) REFERENCES `livro` (`id`))
in SYSTEMPATH/Database/MySQLi/Connection.php on line 306.
 1 SYSTEMPATH/Database/MySQLi/Connection.php(306): mysqli->query()
 2 SYSTEMPATH/Database/BaseConnection.php(693): CodeIgniter\Database\MySQLi\Connection->execute()
 3 SYSTEMPATH/Database/BaseConnection.php(607): CodeIgniter\Database\BaseConnection->simpleQuery()
 4 SYSTEMPATH/Database/BaseBuilder.php(2474): CodeIgniter\Database\BaseConnection->query()
 5 SYSTEMPATH/Model.php(393): CodeIgniter\Database\BaseBuilder->update()
 6 SYSTEMPATH/BaseModel.php(987): CodeIgniter\Model->doUpdate()
 7 SYSTEMPATH/Model.php(807): CodeIgniter\BaseModel->update()
 8 SYSTEMPATH/BaseModel.php(711): CodeIgniter\Model->update()
 9 APPPATH/Controllers/Emprestimo.php(62): CodeIgniter\BaseModel->save()
10 SYSTEMPATH/CodeIgniter.php(941): App\Controllers\Emprestimo->salvar()
11 SYSTEMPATH/CodeIgniter.php(502): CodeIgniter\CodeIgniter->runController()
12 SYSTEMPATH/CodeIgniter.php(361): CodeIgniter\CodeIgniter->handleRequest()
13 FCPATH/index.php(79): CodeIgniter\CodeIgniter->run()
14 SYSTEMPATH/Commands/Server/rewrite.php(47): require_once('/opt/lampp/htdocs/ci4_biblioteca/public/index.php')
INFO - 2024-06-20 13:26:39 --> Session: Class initialized using 'CodeIgniter\Session\Handlers\FileHandler' driver.
INFO - 2024-06-20 13:26:39 --> Session: Class initialized using 'CodeIgniter\Session\Handlers\FileHandler' driver.
INFO - 2024-06-20 13:29:40 --> Session: Class initialized using 'CodeIgniter\Session\Handlers\FileHandler' driver.
INFO - 2024-06-20 13:29:40 --> Session: Class initialized using 'CodeIgniter\Session\Handlers\FileHandler' driver.
INFO - 2024-06-20 13:31:03 --> Session: Class initialized using 'CodeIgniter\Session\Handlers\FileHandler' driver.
INFO - 2024-06-20 13:34:04 --> Session: Class initialized using 'CodeIgniter\Session\Handlers\FileHandler' driver.
INFO - 2024-06-20 13:34:10 --> Session: Class initialized using 'CodeIgniter\Session\Handlers\FileHandler' driver.
ERROR - 2024-06-20 13:36:25 --> mysqli_sql_exception: Cannot add or update a child row: a foreign key constraint fails (`biblioteca`.`emprestimo`, CONSTRAINT `emprestimo_ibfk_1` FOREIGN KEY (`id_livro`) REFERENCES `livro` (`id`)) in /opt/lampp/htdocs/ci4_biblioteca/system/Database/MySQLi/Connection.php:306
Stack trace:
#0 /opt/lampp/htdocs/ci4_biblioteca/system/Database/MySQLi/Connection.php(306): mysqli->query()
#1 /opt/lampp/htdocs/ci4_biblioteca/system/Database/BaseConnection.php(693): CodeIgniter\Database\MySQLi\Connection->execute()
#2 /opt/lampp/htdocs/ci4_biblioteca/system/Database/BaseConnection.php(607): CodeIgniter\Database\BaseConnection->simpleQuery()
#3 /opt/lampp/htdocs/ci4_biblioteca/system/Database/BaseBuilder.php(2307): CodeIgniter\Database\BaseConnection->query()
#4 /opt/lampp/htdocs/ci4_biblioteca/system/Model.php(326): CodeIgniter\Database\BaseBuilder->insert()
#5 /opt/lampp/htdocs/ci4_biblioteca/system/BaseModel.php(802): CodeIgniter\Model->doInsert()
#6 /opt/lampp/htdocs/ci4_biblioteca/system/Model.php(744): CodeIgniter\BaseModel->insert()
#7 /opt/lampp/htdocs/ci4_biblioteca/system/BaseModel.php(713): CodeIgniter\Model->insert()
#8 /opt/lampp/htdocs/ci4_biblioteca/app/Controllers/Emprestimo.php(44): CodeIgniter\BaseModel->save()
#9 /opt/lampp/htdocs/ci4_biblioteca/system/CodeIgniter.php(941): App\Controllers\Emprestimo->cadastrar()
#10 /opt/lampp/htdocs/ci4_biblioteca/system/CodeIgniter.php(502): CodeIgniter\CodeIgniter->runController()
#11 /opt/lampp/htdocs/ci4_biblioteca/system/CodeIgniter.php(361): CodeIgniter\CodeIgniter->handleRequest()
#12 /opt/lampp/htdocs/ci4_biblioteca/public/index.php(79): CodeIgniter\CodeIgniter->run()
#13 /opt/lampp/htdocs/ci4_biblioteca/system/Commands/Server/rewrite.php(47): require_once('...')
#14 {main}
CRITICAL - 2024-06-20 13:36:25 --> CodeIgniter\Database\Exceptions\DatabaseException: Cannot add or update a child row: a foreign key constraint fails (`biblioteca`.`emprestimo`, CONSTRAINT `emprestimo_ibfk_1` FOREIGN KEY (`id_livro`) REFERENCES `livro` (`id`))
in SYSTEMPATH/Database/BaseConnection.php on line 647.
 1 SYSTEMPATH/Database/BaseBuilder.php(2307): CodeIgniter\Database\BaseConnection->query()
 2 SYSTEMPATH/Model.php(326): CodeIgniter\Database\BaseBuilder->insert()
 3 SYSTEMPATH/BaseModel.php(802): CodeIgniter\Model->doInsert()
 4 SYSTEMPATH/Model.php(744): CodeIgniter\BaseModel->insert()
 5 SYSTEMPATH/BaseModel.php(713): CodeIgniter\Model->insert()
 6 APPPATH/Controllers/Emprestimo.php(44): CodeIgniter\BaseModel->save()
 7 SYSTEMPATH/CodeIgniter.php(941): App\Controllers\Emprestimo->cadastrar()
 8 SYSTEMPATH/CodeIgniter.php(502): CodeIgniter\CodeIgniter->runController()
 9 SYSTEMPATH/CodeIgniter.php(361): CodeIgniter\CodeIgniter->handleRequest()
10 FCPATH/index.php(79): CodeIgniter\CodeIgniter->run()
11 SYSTEMPATH/Commands/Server/rewrite.php(47): require_once('/opt/lampp/htdocs/ci4_biblioteca/public/index.php')
CRITICAL - 2024-06-20 13:36:25 --> [Caused by] CodeIgniter\Database\Exceptions\DatabaseException: Cannot add or update a child row: a foreign key constraint fails (`biblioteca`.`emprestimo`, CONSTRAINT `emprestimo_ibfk_1` FOREIGN KEY (`id_livro`) REFERENCES `livro` (`id`))
in SYSTEMPATH/Database/MySQLi/Connection.php on line 311.
 1 SYSTEMPATH/Database/BaseConnection.php(693): CodeIgniter\Database\MySQLi\Connection->execute()
 2 SYSTEMPATH/Database/BaseConnection.php(607): CodeIgniter\Database\BaseConnection->simpleQuery()
 3 SYSTEMPATH/Database/BaseBuilder.php(2307): CodeIgniter\Database\BaseConnection->query()
 4 SYSTEMPATH/Model.php(326): CodeIgniter\Database\BaseBuilder->insert()
 5 SYSTEMPATH/BaseModel.php(802): CodeIgniter\Model->doInsert()
 6 SYSTEMPATH/Model.php(744): CodeIgniter\BaseModel->insert()
 7 SYSTEMPATH/BaseModel.php(713): CodeIgniter\Model->insert()
 8 APPPATH/Controllers/Emprestimo.php(44): CodeIgniter\BaseModel->save()
 9 SYSTEMPATH/CodeIgniter.php(941): App\Controllers\Emprestimo->cadastrar()
10 SYSTEMPATH/CodeIgniter.php(502): CodeIgniter\CodeIgniter->runController()
11 SYSTEMPATH/CodeIgniter.php(361): CodeIgniter\CodeIgniter->handleRequest()
12 FCPATH/index.php(79): CodeIgniter\CodeIgniter->run()
13 SYSTEMPATH/Commands/Server/rewrite.php(47): require_once('/opt/lampp/htdocs/ci4_biblioteca/public/index.php')
CRITICAL - 2024-06-20 13:36:25 --> [Caused by] mysqli_sql_exception: Cannot add or update a child row: a foreign key constraint fails (`biblioteca`.`emprestimo`, CONSTRAINT `emprestimo_ibfk_1` FOREIGN KEY (`id_livro`) REFERENCES `livro` (`id`))
in SYSTEMPATH/Database/MySQLi/Connection.php on line 306.
 1 SYSTEMPATH/Database/MySQLi/Connection.php(306): mysqli->query()
 2 SYSTEMPATH/Database/BaseConnection.php(693): CodeIgniter\Database\MySQLi\Connection->execute()
 3 SYSTEMPATH/Database/BaseConnection.php(607): CodeIgniter\Database\BaseConnection->simpleQuery()
 4 SYSTEMPATH/Database/BaseBuilder.php(2307): CodeIgniter\Database\BaseConnection->query()
 5 SYSTEMPATH/Model.php(326): CodeIgniter\Database\BaseBuilder->insert()
 6 SYSTEMPATH/BaseModel.php(802): CodeIgniter\Model->doInsert()
 7 SYSTEMPATH/Model.php(744): CodeIgniter\BaseModel->insert()
 8 SYSTEMPATH/BaseModel.php(713): CodeIgniter\Model->insert()
 9 APPPATH/Controllers/Emprestimo.php(44): CodeIgniter\BaseModel->save()
10 SYSTEMPATH/CodeIgniter.php(941): App\Controllers\Emprestimo->cadastrar()
11 SYSTEMPATH/CodeIgniter.php(502): CodeIgniter\CodeIgniter->runController()
12 SYSTEMPATH/CodeIgniter.php(361): CodeIgniter\CodeIgniter->handleRequest()
13 FCPATH/index.php(79): CodeIgniter\CodeIgniter->run()
14 SYSTEMPATH/Commands/Server/rewrite.php(47): require_once('/opt/lampp/htdocs/ci4_biblioteca/public/index.php')
CRITICAL - 2024-06-20 13:38:06 --> ErrorException: A non-numeric value encountered
in APPPATH/Views/emprestimo/index.php on line 32.
 1 APPPATH/Views/emprestimo/index.php(32): CodeIgniter\Debug\Exceptions->errorHandler()
 2 SYSTEMPATH/View/View.php(228): include('/opt/lampp/htdocs/ci4_biblioteca/app/Views/emprestimo/index.php')
 3 SYSTEMPATH/View/View.php(231): CodeIgniter\View\View->CodeIgniter\View\{closure}()
 4 SYSTEMPATH/Common.php(1178): CodeIgniter\View\View->render()
 5 APPPATH/Controllers/Emprestimo.php(37): view()
 6 SYSTEMPATH/CodeIgniter.php(941): App\Controllers\Emprestimo->index()
 7 SYSTEMPATH/CodeIgniter.php(502): CodeIgniter\CodeIgniter->runController()
 8 SYSTEMPATH/CodeIgniter.php(361): CodeIgniter\CodeIgniter->handleRequest()
 9 FCPATH/index.php(79): CodeIgniter\CodeIgniter->run()
10 SYSTEMPATH/Commands/Server/rewrite.php(47): require_once('/opt/lampp/htdocs/ci4_biblioteca/public/index.php')
INFO - 2024-06-20 13:39:24 --> Session: Class initialized using 'CodeIgniter\Session\Handlers\FileHandler' driver.
INFO - 2024-06-20 13:39:24 --> Session: Class initialized using 'CodeIgniter\Session\Handlers\FileHandler' driver.
INFO - 2024-06-20 13:43:13 --> Session: Class initialized using 'CodeIgniter\Session\Handlers\FileHandler' driver.
INFO - 2024-06-20 13:45:42 --> Session: Class initialized using 'CodeIgniter\Session\Handlers\FileHandler' driver.
INFO - 2024-06-20 13:45:42 --> Session: Class initialized using 'CodeIgniter\Session\Handlers\FileHandler' driver.
INFO - 2024-06-20 13:45:46 --> Session: Class initialized using 'CodeIgniter\Session\Handlers\FileHandler' driver.
INFO - 2024-06-20 13:45:46 --> Session: Class initialized using 'CodeIgniter\Session\Handlers\FileHandler' driver.
INFO - 2024-06-20 13:45:49 --> Session: Class initialized using 'CodeIgniter\Session\Handlers\FileHandler' driver.
INFO - 2024-06-20 13:45:49 --> Session: Class initialized using 'CodeIgniter\Session\Handlers\FileHandler' driver.
INFO - 2024-06-20 13:46:11 --> Session: Class initialized using 'CodeIgniter\Session\Handlers\FileHandler' driver.
INFO - 2024-06-20 13:48:11 --> Session: Class initialized using 'CodeIgniter\Session\Handlers\FileHandler' driver.
INFO - 2024-06-20 13:48:11 --> Session: Class initialized using 'CodeIgniter\Session\Handlers\FileHandler' driver.
INFO - 2024-06-20 13:48:18 --> Session: Class initialized using 'CodeIgniter\Session\Handlers\FileHandler' driver.
ERROR - 2024-06-20 13:48:40 --> mysqli_sql_exception: Cannot delete or update a parent row: a foreign key constraint fails (`biblioteca`.`emprestimo`, CONSTRAINT `emprestimo_ibfk_1` FOREIGN KEY (`id_livro`) REFERENCES `livro` (`id`)) in /opt/lampp/htdocs/ci4_biblioteca/system/Database/MySQLi/Connection.php:306
Stack trace:
#0 /opt/lampp/htdocs/ci4_biblioteca/system/Database/MySQLi/Connection.php(306): mysqli->query()
#1 /opt/lampp/htdocs/ci4_biblioteca/system/Database/BaseConnection.php(693): CodeIgniter\Database\MySQLi\Connection->execute()
#2 /opt/lampp/htdocs/ci4_biblioteca/system/Database/BaseConnection.php(607): CodeIgniter\Database\BaseConnection->simpleQuery()
#3 /opt/lampp/htdocs/ci4_biblioteca/system/Database/BaseBuilder.php(2787): CodeIgniter\Database\BaseConnection->query()
#4 /opt/lampp/htdocs/ci4_biblioteca/system/Model.php(453): CodeIgniter\Database\BaseBuilder->delete()
#5 /opt/lampp/htdocs/ci4_biblioteca/system/BaseModel.php(1117): CodeIgniter\Model->doDelete()
#6 /opt/lampp/htdocs/ci4_biblioteca/app/Controllers/Livro.php(50): CodeIgniter\BaseModel->delete()
#7 /opt/lampp/htdocs/ci4_biblioteca/system/CodeIgniter.php(941): App\Controllers\Livro->excluir()
#8 /opt/lampp/htdocs/ci4_biblioteca/system/CodeIgniter.php(502): CodeIgniter\CodeIgniter->runController()
#9 /opt/lampp/htdocs/ci4_biblioteca/system/CodeIgniter.php(361): CodeIgniter\CodeIgniter->handleRequest()
#10 /opt/lampp/htdocs/ci4_biblioteca/public/index.php(79): CodeIgniter\CodeIgniter->run()
#11 /opt/lampp/htdocs/ci4_biblioteca/system/Commands/Server/rewrite.php(47): require_once('...')
#12 {main}
CRITICAL - 2024-06-20 13:48:40 --> CodeIgniter\Database\Exceptions\DatabaseException: Cannot delete or update a parent row: a foreign key constraint fails (`biblioteca`.`emprestimo`, CONSTRAINT `emprestimo_ibfk_1` FOREIGN KEY (`id_livro`) REFERENCES `livro` (`id`))
in SYSTEMPATH/Database/BaseConnection.php on line 647.
 1 SYSTEMPATH/Database/BaseBuilder.php(2787): CodeIgniter\Database\BaseConnection->query()
 2 SYSTEMPATH/Model.php(453): CodeIgniter\Database\BaseBuilder->delete()
 3 SYSTEMPATH/BaseModel.php(1117): CodeIgniter\Model->doDelete()
 4 APPPATH/Controllers/Livro.php(50): CodeIgniter\BaseModel->delete()
 5 SYSTEMPATH/CodeIgniter.php(941): App\Controllers\Livro->excluir()
 6 SYSTEMPATH/CodeIgniter.php(502): CodeIgniter\CodeIgniter->runController()
 7 SYSTEMPATH/CodeIgniter.php(361): CodeIgniter\CodeIgniter->handleRequest()
 8 FCPATH/index.php(79): CodeIgniter\CodeIgniter->run()
 9 SYSTEMPATH/Commands/Server/rewrite.php(47): require_once('/opt/lampp/htdocs/ci4_biblioteca/public/index.php')
CRITICAL - 2024-06-20 13:48:40 --> [Caused by] CodeIgniter\Database\Exceptions\DatabaseException: Cannot delete or update a parent row: a foreign key constraint fails (`biblioteca`.`emprestimo`, CONSTRAINT `emprestimo_ibfk_1` FOREIGN KEY (`id_livro`) REFERENCES `livro` (`id`))
in SYSTEMPATH/Database/MySQLi/Connection.php on line 311.
 1 SYSTEMPATH/Database/BaseConnection.php(693): CodeIgniter\Database\MySQLi\Connection->execute()
 2 SYSTEMPATH/Database/BaseConnection.php(607): CodeIgniter\Database\BaseConnection->simpleQuery()
 3 SYSTEMPATH/Database/BaseBuilder.php(2787): CodeIgniter\Database\BaseConnection->query()
 4 SYSTEMPATH/Model.php(453): CodeIgniter\Database\BaseBuilder->delete()
 5 SYSTEMPATH/BaseModel.php(1117): CodeIgniter\Model->doDelete()
 6 APPPATH/Controllers/Livro.php(50): CodeIgniter\BaseModel->delete()
 7 SYSTEMPATH/CodeIgniter.php(941): App\Controllers\Livro->excluir()
 8 SYSTEMPATH/CodeIgniter.php(502): CodeIgniter\CodeIgniter->runController()
 9 SYSTEMPATH/CodeIgniter.php(361): CodeIgniter\CodeIgniter->handleRequest()
10 FCPATH/index.php(79): CodeIgniter\CodeIgniter->run()
11 SYSTEMPATH/Commands/Server/rewrite.php(47): require_once('/opt/lampp/htdocs/ci4_biblioteca/public/index.php')
CRITICAL - 2024-06-20 13:48:40 --> [Caused by] mysqli_sql_exception: Cannot delete or update a parent row: a foreign key constraint fails (`biblioteca`.`emprestimo`, CONSTRAINT `emprestimo_ibfk_1` FOREIGN KEY (`id_livro`) REFERENCES `livro` (`id`))
in SYSTEMPATH/Database/MySQLi/Connection.php on line 306.
 1 SYSTEMPATH/Database/MySQLi/Connection.php(306): mysqli->query()
 2 SYSTEMPATH/Database/BaseConnection.php(693): CodeIgniter\Database\MySQLi\Connection->execute()
 3 SYSTEMPATH/Database/BaseConnection.php(607): CodeIgniter\Database\BaseConnection->simpleQuery()
 4 SYSTEMPATH/Database/BaseBuilder.php(2787): CodeIgniter\Database\BaseConnection->query()
 5 SYSTEMPATH/Model.php(453): CodeIgniter\Database\BaseBuilder->delete()
 6 SYSTEMPATH/BaseModel.php(1117): CodeIgniter\Model->doDelete()
 7 APPPATH/Controllers/Livro.php(50): CodeIgniter\BaseModel->delete()
 8 SYSTEMPATH/CodeIgniter.php(941): App\Controllers\Livro->excluir()
 9 SYSTEMPATH/CodeIgniter.php(502): CodeIgniter\CodeIgniter->runController()
10 SYSTEMPATH/CodeIgniter.php(361): CodeIgniter\CodeIgniter->handleRequest()
11 FCPATH/index.php(79): CodeIgniter\CodeIgniter->run()
12 SYSTEMPATH/Commands/Server/rewrite.php(47): require_once('/opt/lampp/htdocs/ci4_biblioteca/public/index.php')
INFO - 2024-06-20 13:49:02 --> Session: Class initialized using 'CodeIgniter\Session\Handlers\FileHandler' driver.
INFO - 2024-06-20 13:49:02 --> Session: Class initialized using 'CodeIgniter\Session\Handlers\FileHandler' driver.
INFO - 2024-06-20 13:51:54 --> Session: Class initialized using 'CodeIgniter\Session\Handlers\FileHandler' driver.
INFO - 2024-06-20 13:51:54 --> Session: Class initialized using 'CodeIgniter\Session\Handlers\FileHandler' driver.
INFO - 2024-06-20 13:52:33 --> Session: Class initialized using 'CodeIgniter\Session\Handlers\FileHandler' driver.
CRITICAL - 2024-06-20 13:52:35 --> ErrorException: A non-numeric value encountered
in APPPATH/Views/emprestimo/index.php on line 32.
 1 APPPATH/Views/emprestimo/index.php(32): CodeIgniter\Debug\Exceptions->errorHandler()
 2 SYSTEMPATH/View/View.php(228): include('/opt/lampp/htdocs/ci4_biblioteca/app/Views/emprestimo/index.php')
 3 SYSTEMPATH/View/View.php(231): CodeIgniter\View\View->CodeIgniter\View\{closure}()
 4 SYSTEMPATH/Common.php(1178): CodeIgniter\View\View->render()
 5 APPPATH/Controllers/Emprestimo.php(37): view()
 6 SYSTEMPATH/CodeIgniter.php(941): App\Controllers\Emprestimo->index()
 7 SYSTEMPATH/CodeIgniter.php(502): CodeIgniter\CodeIgniter->runController()
 8 SYSTEMPATH/CodeIgniter.php(361): CodeIgniter\CodeIgniter->handleRequest()
 9 FCPATH/index.php(79): CodeIgniter\CodeIgniter->run()
10 SYSTEMPATH/Commands/Server/rewrite.php(47): require_once('/opt/lampp/htdocs/ci4_biblioteca/public/index.php')
INFO - 2024-06-20 14:18:37 --> Session: Class initialized using 'CodeIgniter\Session\Handlers\FileHandler' driver.
INFO - 2024-06-20 14:18:41 --> Session: Class initialized using 'CodeIgniter\Session\Handlers\FileHandler' driver.
INFO - 2024-06-20 14:18:41 --> Session: Class initialized using 'CodeIgniter\Session\Handlers\FileHandler' driver.
INFO - 2024-06-20 14:18:54 --> Session: Class initialized using 'CodeIgniter\Session\Handlers\FileHandler' driver.
INFO - 2024-06-20 14:19:21 --> Session: Class initialized using 'CodeIgniter\Session\Handlers\FileHandler' driver.
INFO - 2024-06-20 14:19:23 --> Session: Class initialized using 'CodeIgniter\Session\Handlers\FileHandler' driver.
