CRITICAL - 2024-06-04 16:33:17 --> ErrorException: Undefined variable $listaObra
in APPPATH/Views/livro/index.php on line 63.
 1 APPPATH/Views/livro/index.php(63): CodeIgniter\Debug\Exceptions->errorHandler()
 2 SYSTEMPATH/View/View.php(228): include('/opt/lampp/htdocs/ci4_biblioteca/app/Views/livro/index.php')
 3 SYSTEMPATH/View/View.php(231): CodeIgniter\View\View->CodeIgniter\View\{closure}()
 4 SYSTEMPATH/Common.php(1178): CodeIgniter\View\View->render()
 5 APPPATH/Controllers/Livro.php(24): view()
 6 SYSTEMPATH/CodeIgniter.php(941): App\Controllers\Livro->index()
 7 SYSTEMPATH/CodeIgniter.php(502): CodeIgniter\CodeIgniter->runController()
 8 SYSTEMPATH/CodeIgniter.php(361): CodeIgniter\CodeIgniter->handleRequest()
 9 FCPATH/index.php(79): CodeIgniter\CodeIgniter->run()
10 SYSTEMPATH/Commands/Server/rewrite.php(47): require_once('/opt/lampp/htdocs/ci4_biblioteca/public/index.php')
CRITICAL - 2024-06-04 16:34:03 --> ErrorException: Undefined variable $listaObra
in APPPATH/Views/livro/index.php on line 63.
 1 APPPATH/Views/livro/index.php(63): CodeIgniter\Debug\Exceptions->errorHandler()
 2 SYSTEMPATH/View/View.php(228): include('/opt/lampp/htdocs/ci4_biblioteca/app/Views/livro/index.php')
 3 SYSTEMPATH/View/View.php(231): CodeIgniter\View\View->CodeIgniter\View\{closure}()
 4 SYSTEMPATH/Common.php(1178): CodeIgniter\View\View->render()
 5 APPPATH/Controllers/Livro.php(24): view()
 6 SYSTEMPATH/CodeIgniter.php(941): App\Controllers\Livro->index()
 7 SYSTEMPATH/CodeIgniter.php(502): CodeIgniter\CodeIgniter->runController()
 8 SYSTEMPATH/CodeIgniter.php(361): CodeIgniter\CodeIgniter->handleRequest()
 9 FCPATH/index.php(79): CodeIgniter\CodeIgniter->run()
10 SYSTEMPATH/Commands/Server/rewrite.php(47): require_once('/opt/lampp/htdocs/ci4_biblioteca/public/index.php')
CRITICAL - 2024-06-04 16:40:23 --> ErrorException: Undefined array key "nome"
in APPPATH/Views/livro/index.php on line 64.
 1 APPPATH/Views/livro/index.php(64): CodeIgniter\Debug\Exceptions->errorHandler()
 2 SYSTEMPATH/View/View.php(228): include('/opt/lampp/htdocs/ci4_biblioteca/app/Views/livro/index.php')
 3 SYSTEMPATH/View/View.php(231): CodeIgniter\View\View->CodeIgniter\View\{closure}()
 4 SYSTEMPATH/Common.php(1178): CodeIgniter\View\View->render()
 5 APPPATH/Controllers/Livro.php(25): view()
 6 SYSTEMPATH/CodeIgniter.php(941): App\Controllers\Livro->index()
 7 SYSTEMPATH/CodeIgniter.php(502): CodeIgniter\CodeIgniter->runController()
 8 SYSTEMPATH/CodeIgniter.php(361): CodeIgniter\CodeIgniter->handleRequest()
 9 FCPATH/index.php(79): CodeIgniter\CodeIgniter->run()
10 SYSTEMPATH/Commands/Server/rewrite.php(47): require_once('/opt/lampp/htdocs/ci4_biblioteca/public/index.php')
CRITICAL - 2024-06-04 16:52:08 --> ErrorException: Undefined array key "nome"
in APPPATH/Views/livro/index.php on line 28.
 1 APPPATH/Views/livro/index.php(28): CodeIgniter\Debug\Exceptions->errorHandler()
 2 SYSTEMPATH/View/View.php(228): include('/opt/lampp/htdocs/ci4_biblioteca/app/Views/livro/index.php')
 3 SYSTEMPATH/View/View.php(231): CodeIgniter\View\View->CodeIgniter\View\{closure}()
 4 SYSTEMPATH/Common.php(1178): CodeIgniter\View\View->render()
 5 APPPATH/Controllers/Livro.php(25): view()
 6 SYSTEMPATH/CodeIgniter.php(941): App\Controllers\Livro->index()
 7 SYSTEMPATH/CodeIgniter.php(502): CodeIgniter\CodeIgniter->runController()
 8 SYSTEMPATH/CodeIgniter.php(361): CodeIgniter\CodeIgniter->handleRequest()
 9 FCPATH/index.php(79): CodeIgniter\CodeIgniter->run()
10 SYSTEMPATH/Commands/Server/rewrite.php(47): require_once('/opt/lampp/htdocs/ci4_biblioteca/public/index.php')
ERROR - 2024-06-04 16:52:42 --> mysqli_sql_exception: Cannot add or update a child row: a foreign key constraint fails (`biblioteca`.`livro`, CONSTRAINT `livro_ibfk_1` FOREIGN KEY (`id_obra`) REFERENCES `obra` (`id`)) in /opt/lampp/htdocs/ci4_biblioteca/system/Database/MySQLi/Connection.php:306
Stack trace:
#0 /opt/lampp/htdocs/ci4_biblioteca/system/Database/MySQLi/Connection.php(306): mysqli->query()
#1 /opt/lampp/htdocs/ci4_biblioteca/system/Database/BaseConnection.php(693): CodeIgniter\Database\MySQLi\Connection->execute()
#2 /opt/lampp/htdocs/ci4_biblioteca/system/Database/BaseConnection.php(607): CodeIgniter\Database\BaseConnection->simpleQuery()
#3 /opt/lampp/htdocs/ci4_biblioteca/system/Database/BaseBuilder.php(2307): CodeIgniter\Database\BaseConnection->query()
#4 /opt/lampp/htdocs/ci4_biblioteca/system/Model.php(326): CodeIgniter\Database\BaseBuilder->insert()
#5 /opt/lampp/htdocs/ci4_biblioteca/system/BaseModel.php(802): CodeIgniter\Model->doInsert()
#6 /opt/lampp/htdocs/ci4_biblioteca/system/Model.php(744): CodeIgniter\BaseModel->insert()
#7 /opt/lampp/htdocs/ci4_biblioteca/system/BaseModel.php(713): CodeIgniter\Model->insert()
#8 /opt/lampp/htdocs/ci4_biblioteca/app/Controllers/Livro.php(30): CodeIgniter\BaseModel->save()
#9 /opt/lampp/htdocs/ci4_biblioteca/system/CodeIgniter.php(941): App\Controllers\Livro->cadastrar()
#10 /opt/lampp/htdocs/ci4_biblioteca/system/CodeIgniter.php(502): CodeIgniter\CodeIgniter->runController()
#11 /opt/lampp/htdocs/ci4_biblioteca/system/CodeIgniter.php(361): CodeIgniter\CodeIgniter->handleRequest()
#12 /opt/lampp/htdocs/ci4_biblioteca/public/index.php(79): CodeIgniter\CodeIgniter->run()
#13 /opt/lampp/htdocs/ci4_biblioteca/system/Commands/Server/rewrite.php(47): require_once('...')
#14 {main}
CRITICAL - 2024-06-04 16:52:42 --> CodeIgniter\Database\Exceptions\DatabaseException: Cannot add or update a child row: a foreign key constraint fails (`biblioteca`.`livro`, CONSTRAINT `livro_ibfk_1` FOREIGN KEY (`id_obra`) REFERENCES `obra` (`id`))
in SYSTEMPATH/Database/BaseConnection.php on line 647.
 1 SYSTEMPATH/Database/BaseBuilder.php(2307): CodeIgniter\Database\BaseConnection->query()
 2 SYSTEMPATH/Model.php(326): CodeIgniter\Database\BaseBuilder->insert()
 3 SYSTEMPATH/BaseModel.php(802): CodeIgniter\Model->doInsert()
 4 SYSTEMPATH/Model.php(744): CodeIgniter\BaseModel->insert()
 5 SYSTEMPATH/BaseModel.php(713): CodeIgniter\Model->insert()
 6 APPPATH/Controllers/Livro.php(30): CodeIgniter\BaseModel->save()
 7 SYSTEMPATH/CodeIgniter.php(941): App\Controllers\Livro->cadastrar()
 8 SYSTEMPATH/CodeIgniter.php(502): CodeIgniter\CodeIgniter->runController()
 9 SYSTEMPATH/CodeIgniter.php(361): CodeIgniter\CodeIgniter->handleRequest()
10 FCPATH/index.php(79): CodeIgniter\CodeIgniter->run()
11 SYSTEMPATH/Commands/Server/rewrite.php(47): require_once('/opt/lampp/htdocs/ci4_biblioteca/public/index.php')
CRITICAL - 2024-06-04 16:52:42 --> [Caused by] CodeIgniter\Database\Exceptions\DatabaseException: Cannot add or update a child row: a foreign key constraint fails (`biblioteca`.`livro`, CONSTRAINT `livro_ibfk_1` FOREIGN KEY (`id_obra`) REFERENCES `obra` (`id`))
in SYSTEMPATH/Database/MySQLi/Connection.php on line 311.
 1 SYSTEMPATH/Database/BaseConnection.php(693): CodeIgniter\Database\MySQLi\Connection->execute()
 2 SYSTEMPATH/Database/BaseConnection.php(607): CodeIgniter\Database\BaseConnection->simpleQuery()
 3 SYSTEMPATH/Database/BaseBuilder.php(2307): CodeIgniter\Database\BaseConnection->query()
 4 SYSTEMPATH/Model.php(326): CodeIgniter\Database\BaseBuilder->insert()
 5 SYSTEMPATH/BaseModel.php(802): CodeIgniter\Model->doInsert()
 6 SYSTEMPATH/Model.php(744): CodeIgniter\BaseModel->insert()
 7 SYSTEMPATH/BaseModel.php(713): CodeIgniter\Model->insert()
 8 APPPATH/Controllers/Livro.php(30): CodeIgniter\BaseModel->save()
 9 SYSTEMPATH/CodeIgniter.php(941): App\Controllers\Livro->cadastrar()
10 SYSTEMPATH/CodeIgniter.php(502): CodeIgniter\CodeIgniter->runController()
11 SYSTEMPATH/CodeIgniter.php(361): CodeIgniter\CodeIgniter->handleRequest()
12 FCPATH/index.php(79): CodeIgniter\CodeIgniter->run()
13 SYSTEMPATH/Commands/Server/rewrite.php(47): require_once('/opt/lampp/htdocs/ci4_biblioteca/public/index.php')
CRITICAL - 2024-06-04 16:52:42 --> [Caused by] mysqli_sql_exception: Cannot add or update a child row: a foreign key constraint fails (`biblioteca`.`livro`, CONSTRAINT `livro_ibfk_1` FOREIGN KEY (`id_obra`) REFERENCES `obra` (`id`))
in SYSTEMPATH/Database/MySQLi/Connection.php on line 306.
 1 SYSTEMPATH/Database/MySQLi/Connection.php(306): mysqli->query()
 2 SYSTEMPATH/Database/BaseConnection.php(693): CodeIgniter\Database\MySQLi\Connection->execute()
 3 SYSTEMPATH/Database/BaseConnection.php(607): CodeIgniter\Database\BaseConnection->simpleQuery()
 4 SYSTEMPATH/Database/BaseBuilder.php(2307): CodeIgniter\Database\BaseConnection->query()
 5 SYSTEMPATH/Model.php(326): CodeIgniter\Database\BaseBuilder->insert()
 6 SYSTEMPATH/BaseModel.php(802): CodeIgniter\Model->doInsert()
 7 SYSTEMPATH/Model.php(744): CodeIgniter\BaseModel->insert()
 8 SYSTEMPATH/BaseModel.php(713): CodeIgniter\Model->insert()
 9 APPPATH/Controllers/Livro.php(30): CodeIgniter\BaseModel->save()
10 SYSTEMPATH/CodeIgniter.php(941): App\Controllers\Livro->cadastrar()
11 SYSTEMPATH/CodeIgniter.php(502): CodeIgniter\CodeIgniter->runController()
12 SYSTEMPATH/CodeIgniter.php(361): CodeIgniter\CodeIgniter->handleRequest()
13 FCPATH/index.php(79): CodeIgniter\CodeIgniter->run()
14 SYSTEMPATH/Commands/Server/rewrite.php(47): require_once('/opt/lampp/htdocs/ci4_biblioteca/public/index.php')
CRITICAL - 2024-06-04 16:53:05 --> CodeIgniter\View\Exceptions\ViewException: Invalid file: "livro/edit_editora.php"
in SYSTEMPATH/Exceptions/FrameworkException.php on line 39.
 1 SYSTEMPATH/View/View.php(216): CodeIgniter\Exceptions\FrameworkException::forInvalidFile()
 2 SYSTEMPATH/Common.php(1178): CodeIgniter\View\View->render()
 3 APPPATH/Controllers/Livro.php(37): view()
 4 SYSTEMPATH/CodeIgniter.php(941): App\Controllers\Livro->editar()
 5 SYSTEMPATH/CodeIgniter.php(502): CodeIgniter\CodeIgniter->runController()
 6 SYSTEMPATH/CodeIgniter.php(361): CodeIgniter\CodeIgniter->handleRequest()
 7 FCPATH/index.php(79): CodeIgniter\CodeIgniter->run()
 8 SYSTEMPATH/Commands/Server/rewrite.php(47): require_once('/opt/lampp/htdocs/ci4_biblioteca/public/index.php')
CRITICAL - 2024-06-04 18:13:36 --> CodeIgniter\View\Exceptions\ViewException: Invalid file: "livro/edit_editora.php"
in SYSTEMPATH/Exceptions/FrameworkException.php on line 39.
 1 SYSTEMPATH/View/View.php(216): CodeIgniter\Exceptions\FrameworkException::forInvalidFile()
 2 SYSTEMPATH/Common.php(1178): CodeIgniter\View\View->render()
 3 APPPATH/Controllers/Livro.php(37): view()
 4 SYSTEMPATH/CodeIgniter.php(941): App\Controllers\Livro->editar()
 5 SYSTEMPATH/CodeIgniter.php(502): CodeIgniter\CodeIgniter->runController()
 6 SYSTEMPATH/CodeIgniter.php(361): CodeIgniter\CodeIgniter->handleRequest()
 7 FCPATH/index.php(79): CodeIgniter\CodeIgniter->run()
 8 SYSTEMPATH/Commands/Server/rewrite.php(47): require_once('/opt/lampp/htdocs/ci4_biblioteca/public/index.php')
ERROR - 2024-06-04 18:30:43 --> mysqli_sql_exception: Cannot add or update a child row: a foreign key constraint fails (`biblioteca`.`livro`, CONSTRAINT `livro_ibfk_1` FOREIGN KEY (`id_obra`) REFERENCES `obra` (`id`)) in /opt/lampp/htdocs/ci4_biblioteca/system/Database/MySQLi/Connection.php:306
Stack trace:
#0 /opt/lampp/htdocs/ci4_biblioteca/system/Database/MySQLi/Connection.php(306): mysqli->query()
#1 /opt/lampp/htdocs/ci4_biblioteca/system/Database/BaseConnection.php(693): CodeIgniter\Database\MySQLi\Connection->execute()
#2 /opt/lampp/htdocs/ci4_biblioteca/system/Database/BaseConnection.php(607): CodeIgniter\Database\BaseConnection->simpleQuery()
#3 /opt/lampp/htdocs/ci4_biblioteca/system/Database/BaseBuilder.php(2307): CodeIgniter\Database\BaseConnection->query()
#4 /opt/lampp/htdocs/ci4_biblioteca/system/Model.php(326): CodeIgniter\Database\BaseBuilder->insert()
#5 /opt/lampp/htdocs/ci4_biblioteca/system/BaseModel.php(802): CodeIgniter\Model->doInsert()
#6 /opt/lampp/htdocs/ci4_biblioteca/system/Model.php(744): CodeIgniter\BaseModel->insert()
#7 /opt/lampp/htdocs/ci4_biblioteca/system/BaseModel.php(713): CodeIgniter\Model->insert()
#8 /opt/lampp/htdocs/ci4_biblioteca/app/Controllers/Livro.php(30): CodeIgniter\BaseModel->save()
#9 /opt/lampp/htdocs/ci4_biblioteca/system/CodeIgniter.php(941): App\Controllers\Livro->cadastrar()
#10 /opt/lampp/htdocs/ci4_biblioteca/system/CodeIgniter.php(502): CodeIgniter\CodeIgniter->runController()
#11 /opt/lampp/htdocs/ci4_biblioteca/system/CodeIgniter.php(361): CodeIgniter\CodeIgniter->handleRequest()
#12 /opt/lampp/htdocs/ci4_biblioteca/public/index.php(79): CodeIgniter\CodeIgniter->run()
#13 /opt/lampp/htdocs/ci4_biblioteca/system/Commands/Server/rewrite.php(47): require_once('...')
#14 {main}
CRITICAL - 2024-06-04 18:30:43 --> CodeIgniter\Database\Exceptions\DatabaseException: Cannot add or update a child row: a foreign key constraint fails (`biblioteca`.`livro`, CONSTRAINT `livro_ibfk_1` FOREIGN KEY (`id_obra`) REFERENCES `obra` (`id`))
in SYSTEMPATH/Database/BaseConnection.php on line 647.
 1 SYSTEMPATH/Database/BaseBuilder.php(2307): CodeIgniter\Database\BaseConnection->query()
 2 SYSTEMPATH/Model.php(326): CodeIgniter\Database\BaseBuilder->insert()
 3 SYSTEMPATH/BaseModel.php(802): CodeIgniter\Model->doInsert()
 4 SYSTEMPATH/Model.php(744): CodeIgniter\BaseModel->insert()
 5 SYSTEMPATH/BaseModel.php(713): CodeIgniter\Model->insert()
 6 APPPATH/Controllers/Livro.php(30): CodeIgniter\BaseModel->save()
 7 SYSTEMPATH/CodeIgniter.php(941): App\Controllers\Livro->cadastrar()
 8 SYSTEMPATH/CodeIgniter.php(502): CodeIgniter\CodeIgniter->runController()
 9 SYSTEMPATH/CodeIgniter.php(361): CodeIgniter\CodeIgniter->handleRequest()
10 FCPATH/index.php(79): CodeIgniter\CodeIgniter->run()
11 SYSTEMPATH/Commands/Server/rewrite.php(47): require_once('/opt/lampp/htdocs/ci4_biblioteca/public/index.php')
CRITICAL - 2024-06-04 18:30:43 --> [Caused by] CodeIgniter\Database\Exceptions\DatabaseException: Cannot add or update a child row: a foreign key constraint fails (`biblioteca`.`livro`, CONSTRAINT `livro_ibfk_1` FOREIGN KEY (`id_obra`) REFERENCES `obra` (`id`))
in SYSTEMPATH/Database/MySQLi/Connection.php on line 311.
 1 SYSTEMPATH/Database/BaseConnection.php(693): CodeIgniter\Database\MySQLi\Connection->execute()
 2 SYSTEMPATH/Database/BaseConnection.php(607): CodeIgniter\Database\BaseConnection->simpleQuery()
 3 SYSTEMPATH/Database/BaseBuilder.php(2307): CodeIgniter\Database\BaseConnection->query()
 4 SYSTEMPATH/Model.php(326): CodeIgniter\Database\BaseBuilder->insert()
 5 SYSTEMPATH/BaseModel.php(802): CodeIgniter\Model->doInsert()
 6 SYSTEMPATH/Model.php(744): CodeIgniter\BaseModel->insert()
 7 SYSTEMPATH/BaseModel.php(713): CodeIgniter\Model->insert()
 8 APPPATH/Controllers/Livro.php(30): CodeIgniter\BaseModel->save()
 9 SYSTEMPATH/CodeIgniter.php(941): App\Controllers\Livro->cadastrar()
10 SYSTEMPATH/CodeIgniter.php(502): CodeIgniter\CodeIgniter->runController()
11 SYSTEMPATH/CodeIgniter.php(361): CodeIgniter\CodeIgniter->handleRequest()
12 FCPATH/index.php(79): CodeIgniter\CodeIgniter->run()
13 SYSTEMPATH/Commands/Server/rewrite.php(47): require_once('/opt/lampp/htdocs/ci4_biblioteca/public/index.php')
CRITICAL - 2024-06-04 18:30:43 --> [Caused by] mysqli_sql_exception: Cannot add or update a child row: a foreign key constraint fails (`biblioteca`.`livro`, CONSTRAINT `livro_ibfk_1` FOREIGN KEY (`id_obra`) REFERENCES `obra` (`id`))
in SYSTEMPATH/Database/MySQLi/Connection.php on line 306.
 1 SYSTEMPATH/Database/MySQLi/Connection.php(306): mysqli->query()
 2 SYSTEMPATH/Database/BaseConnection.php(693): CodeIgniter\Database\MySQLi\Connection->execute()
 3 SYSTEMPATH/Database/BaseConnection.php(607): CodeIgniter\Database\BaseConnection->simpleQuery()
 4 SYSTEMPATH/Database/BaseBuilder.php(2307): CodeIgniter\Database\BaseConnection->query()
 5 SYSTEMPATH/Model.php(326): CodeIgniter\Database\BaseBuilder->insert()
 6 SYSTEMPATH/BaseModel.php(802): CodeIgniter\Model->doInsert()
 7 SYSTEMPATH/Model.php(744): CodeIgniter\BaseModel->insert()
 8 SYSTEMPATH/BaseModel.php(713): CodeIgniter\Model->insert()
 9 APPPATH/Controllers/Livro.php(30): CodeIgniter\BaseModel->save()
10 SYSTEMPATH/CodeIgniter.php(941): App\Controllers\Livro->cadastrar()
11 SYSTEMPATH/CodeIgniter.php(502): CodeIgniter\CodeIgniter->runController()
12 SYSTEMPATH/CodeIgniter.php(361): CodeIgniter\CodeIgniter->handleRequest()
13 FCPATH/index.php(79): CodeIgniter\CodeIgniter->run()
14 SYSTEMPATH/Commands/Server/rewrite.php(47): require_once('/opt/lampp/htdocs/ci4_biblioteca/public/index.php')
ERROR - 2024-06-04 18:31:43 --> mysqli_sql_exception: Cannot add or update a child row: a foreign key constraint fails (`biblioteca`.`livro`, CONSTRAINT `livro_ibfk_1` FOREIGN KEY (`id_obra`) REFERENCES `obra` (`id`)) in /opt/lampp/htdocs/ci4_biblioteca/system/Database/MySQLi/Connection.php:306
Stack trace:
#0 /opt/lampp/htdocs/ci4_biblioteca/system/Database/MySQLi/Connection.php(306): mysqli->query()
#1 /opt/lampp/htdocs/ci4_biblioteca/system/Database/BaseConnection.php(693): CodeIgniter\Database\MySQLi\Connection->execute()
#2 /opt/lampp/htdocs/ci4_biblioteca/system/Database/BaseConnection.php(607): CodeIgniter\Database\BaseConnection->simpleQuery()
#3 /opt/lampp/htdocs/ci4_biblioteca/system/Database/BaseBuilder.php(2307): CodeIgniter\Database\BaseConnection->query()
#4 /opt/lampp/htdocs/ci4_biblioteca/system/Model.php(326): CodeIgniter\Database\BaseBuilder->insert()
#5 /opt/lampp/htdocs/ci4_biblioteca/system/BaseModel.php(802): CodeIgniter\Model->doInsert()
#6 /opt/lampp/htdocs/ci4_biblioteca/system/Model.php(744): CodeIgniter\BaseModel->insert()
#7 /opt/lampp/htdocs/ci4_biblioteca/system/BaseModel.php(713): CodeIgniter\Model->insert()
#8 /opt/lampp/htdocs/ci4_biblioteca/app/Controllers/Livro.php(30): CodeIgniter\BaseModel->save()
#9 /opt/lampp/htdocs/ci4_biblioteca/system/CodeIgniter.php(941): App\Controllers\Livro->cadastrar()
#10 /opt/lampp/htdocs/ci4_biblioteca/system/CodeIgniter.php(502): CodeIgniter\CodeIgniter->runController()
#11 /opt/lampp/htdocs/ci4_biblioteca/system/CodeIgniter.php(361): CodeIgniter\CodeIgniter->handleRequest()
#12 /opt/lampp/htdocs/ci4_biblioteca/public/index.php(79): CodeIgniter\CodeIgniter->run()
#13 /opt/lampp/htdocs/ci4_biblioteca/system/Commands/Server/rewrite.php(47): require_once('...')
#14 {main}
CRITICAL - 2024-06-04 18:31:43 --> CodeIgniter\Database\Exceptions\DatabaseException: Cannot add or update a child row: a foreign key constraint fails (`biblioteca`.`livro`, CONSTRAINT `livro_ibfk_1` FOREIGN KEY (`id_obra`) REFERENCES `obra` (`id`))
in SYSTEMPATH/Database/BaseConnection.php on line 647.
 1 SYSTEMPATH/Database/BaseBuilder.php(2307): CodeIgniter\Database\BaseConnection->query()
 2 SYSTEMPATH/Model.php(326): CodeIgniter\Database\BaseBuilder->insert()
 3 SYSTEMPATH/BaseModel.php(802): CodeIgniter\Model->doInsert()
 4 SYSTEMPATH/Model.php(744): CodeIgniter\BaseModel->insert()
 5 SYSTEMPATH/BaseModel.php(713): CodeIgniter\Model->insert()
 6 APPPATH/Controllers/Livro.php(30): CodeIgniter\BaseModel->save()
 7 SYSTEMPATH/CodeIgniter.php(941): App\Controllers\Livro->cadastrar()
 8 SYSTEMPATH/CodeIgniter.php(502): CodeIgniter\CodeIgniter->runController()
 9 SYSTEMPATH/CodeIgniter.php(361): CodeIgniter\CodeIgniter->handleRequest()
10 FCPATH/index.php(79): CodeIgniter\CodeIgniter->run()
11 SYSTEMPATH/Commands/Server/rewrite.php(47): require_once('/opt/lampp/htdocs/ci4_biblioteca/public/index.php')
CRITICAL - 2024-06-04 18:31:43 --> [Caused by] CodeIgniter\Database\Exceptions\DatabaseException: Cannot add or update a child row: a foreign key constraint fails (`biblioteca`.`livro`, CONSTRAINT `livro_ibfk_1` FOREIGN KEY (`id_obra`) REFERENCES `obra` (`id`))
in SYSTEMPATH/Database/MySQLi/Connection.php on line 311.
 1 SYSTEMPATH/Database/BaseConnection.php(693): CodeIgniter\Database\MySQLi\Connection->execute()
 2 SYSTEMPATH/Database/BaseConnection.php(607): CodeIgniter\Database\BaseConnection->simpleQuery()
 3 SYSTEMPATH/Database/BaseBuilder.php(2307): CodeIgniter\Database\BaseConnection->query()
 4 SYSTEMPATH/Model.php(326): CodeIgniter\Database\BaseBuilder->insert()
 5 SYSTEMPATH/BaseModel.php(802): CodeIgniter\Model->doInsert()
 6 SYSTEMPATH/Model.php(744): CodeIgniter\BaseModel->insert()
 7 SYSTEMPATH/BaseModel.php(713): CodeIgniter\Model->insert()
 8 APPPATH/Controllers/Livro.php(30): CodeIgniter\BaseModel->save()
 9 SYSTEMPATH/CodeIgniter.php(941): App\Controllers\Livro->cadastrar()
10 SYSTEMPATH/CodeIgniter.php(502): CodeIgniter\CodeIgniter->runController()
11 SYSTEMPATH/CodeIgniter.php(361): CodeIgniter\CodeIgniter->handleRequest()
12 FCPATH/index.php(79): CodeIgniter\CodeIgniter->run()
13 SYSTEMPATH/Commands/Server/rewrite.php(47): require_once('/opt/lampp/htdocs/ci4_biblioteca/public/index.php')
CRITICAL - 2024-06-04 18:31:43 --> [Caused by] mysqli_sql_exception: Cannot add or update a child row: a foreign key constraint fails (`biblioteca`.`livro`, CONSTRAINT `livro_ibfk_1` FOREIGN KEY (`id_obra`) REFERENCES `obra` (`id`))
in SYSTEMPATH/Database/MySQLi/Connection.php on line 306.
 1 SYSTEMPATH/Database/MySQLi/Connection.php(306): mysqli->query()
 2 SYSTEMPATH/Database/BaseConnection.php(693): CodeIgniter\Database\MySQLi\Connection->execute()
 3 SYSTEMPATH/Database/BaseConnection.php(607): CodeIgniter\Database\BaseConnection->simpleQuery()
 4 SYSTEMPATH/Database/BaseBuilder.php(2307): CodeIgniter\Database\BaseConnection->query()
 5 SYSTEMPATH/Model.php(326): CodeIgniter\Database\BaseBuilder->insert()
 6 SYSTEMPATH/BaseModel.php(802): CodeIgniter\Model->doInsert()
 7 SYSTEMPATH/Model.php(744): CodeIgniter\BaseModel->insert()
 8 SYSTEMPATH/BaseModel.php(713): CodeIgniter\Model->insert()
 9 APPPATH/Controllers/Livro.php(30): CodeIgniter\BaseModel->save()
10 SYSTEMPATH/CodeIgniter.php(941): App\Controllers\Livro->cadastrar()
11 SYSTEMPATH/CodeIgniter.php(502): CodeIgniter\CodeIgniter->runController()
12 SYSTEMPATH/CodeIgniter.php(361): CodeIgniter\CodeIgniter->handleRequest()
13 FCPATH/index.php(79): CodeIgniter\CodeIgniter->run()
14 SYSTEMPATH/Commands/Server/rewrite.php(47): require_once('/opt/lampp/htdocs/ci4_biblioteca/public/index.php')
ERROR - 2024-06-04 18:32:51 --> mysqli_sql_exception: Cannot add or update a child row: a foreign key constraint fails (`biblioteca`.`livro`, CONSTRAINT `livro_ibfk_1` FOREIGN KEY (`id_obra`) REFERENCES `obra` (`id`)) in /opt/lampp/htdocs/ci4_biblioteca/system/Database/MySQLi/Connection.php:306
Stack trace:
#0 /opt/lampp/htdocs/ci4_biblioteca/system/Database/MySQLi/Connection.php(306): mysqli->query()
#1 /opt/lampp/htdocs/ci4_biblioteca/system/Database/BaseConnection.php(693): CodeIgniter\Database\MySQLi\Connection->execute()
#2 /opt/lampp/htdocs/ci4_biblioteca/system/Database/BaseConnection.php(607): CodeIgniter\Database\BaseConnection->simpleQuery()
#3 /opt/lampp/htdocs/ci4_biblioteca/system/Database/BaseBuilder.php(2307): CodeIgniter\Database\BaseConnection->query()
#4 /opt/lampp/htdocs/ci4_biblioteca/system/Model.php(326): CodeIgniter\Database\BaseBuilder->insert()
#5 /opt/lampp/htdocs/ci4_biblioteca/system/BaseModel.php(802): CodeIgniter\Model->doInsert()
#6 /opt/lampp/htdocs/ci4_biblioteca/system/Model.php(744): CodeIgniter\BaseModel->insert()
#7 /opt/lampp/htdocs/ci4_biblioteca/system/BaseModel.php(713): CodeIgniter\Model->insert()
#8 /opt/lampp/htdocs/ci4_biblioteca/app/Controllers/Livro.php(30): CodeIgniter\BaseModel->save()
#9 /opt/lampp/htdocs/ci4_biblioteca/system/CodeIgniter.php(941): App\Controllers\Livro->cadastrar()
#10 /opt/lampp/htdocs/ci4_biblioteca/system/CodeIgniter.php(502): CodeIgniter\CodeIgniter->runController()
#11 /opt/lampp/htdocs/ci4_biblioteca/system/CodeIgniter.php(361): CodeIgniter\CodeIgniter->handleRequest()
#12 /opt/lampp/htdocs/ci4_biblioteca/public/index.php(79): CodeIgniter\CodeIgniter->run()
#13 /opt/lampp/htdocs/ci4_biblioteca/system/Commands/Server/rewrite.php(47): require_once('...')
#14 {main}
CRITICAL - 2024-06-04 18:32:51 --> CodeIgniter\Database\Exceptions\DatabaseException: Cannot add or update a child row: a foreign key constraint fails (`biblioteca`.`livro`, CONSTRAINT `livro_ibfk_1` FOREIGN KEY (`id_obra`) REFERENCES `obra` (`id`))
in SYSTEMPATH/Database/BaseConnection.php on line 647.
 1 SYSTEMPATH/Database/BaseBuilder.php(2307): CodeIgniter\Database\BaseConnection->query()
 2 SYSTEMPATH/Model.php(326): CodeIgniter\Database\BaseBuilder->insert()
 3 SYSTEMPATH/BaseModel.php(802): CodeIgniter\Model->doInsert()
 4 SYSTEMPATH/Model.php(744): CodeIgniter\BaseModel->insert()
 5 SYSTEMPATH/BaseModel.php(713): CodeIgniter\Model->insert()
 6 APPPATH/Controllers/Livro.php(30): CodeIgniter\BaseModel->save()
 7 SYSTEMPATH/CodeIgniter.php(941): App\Controllers\Livro->cadastrar()
 8 SYSTEMPATH/CodeIgniter.php(502): CodeIgniter\CodeIgniter->runController()
 9 SYSTEMPATH/CodeIgniter.php(361): CodeIgniter\CodeIgniter->handleRequest()
10 FCPATH/index.php(79): CodeIgniter\CodeIgniter->run()
11 SYSTEMPATH/Commands/Server/rewrite.php(47): require_once('/opt/lampp/htdocs/ci4_biblioteca/public/index.php')
CRITICAL - 2024-06-04 18:32:51 --> [Caused by] CodeIgniter\Database\Exceptions\DatabaseException: Cannot add or update a child row: a foreign key constraint fails (`biblioteca`.`livro`, CONSTRAINT `livro_ibfk_1` FOREIGN KEY (`id_obra`) REFERENCES `obra` (`id`))
in SYSTEMPATH/Database/MySQLi/Connection.php on line 311.
 1 SYSTEMPATH/Database/BaseConnection.php(693): CodeIgniter\Database\MySQLi\Connection->execute()
 2 SYSTEMPATH/Database/BaseConnection.php(607): CodeIgniter\Database\BaseConnection->simpleQuery()
 3 SYSTEMPATH/Database/BaseBuilder.php(2307): CodeIgniter\Database\BaseConnection->query()
 4 SYSTEMPATH/Model.php(326): CodeIgniter\Database\BaseBuilder->insert()
 5 SYSTEMPATH/BaseModel.php(802): CodeIgniter\Model->doInsert()
 6 SYSTEMPATH/Model.php(744): CodeIgniter\BaseModel->insert()
 7 SYSTEMPATH/BaseModel.php(713): CodeIgniter\Model->insert()
 8 APPPATH/Controllers/Livro.php(30): CodeIgniter\BaseModel->save()
 9 SYSTEMPATH/CodeIgniter.php(941): App\Controllers\Livro->cadastrar()
10 SYSTEMPATH/CodeIgniter.php(502): CodeIgniter\CodeIgniter->runController()
11 SYSTEMPATH/CodeIgniter.php(361): CodeIgniter\CodeIgniter->handleRequest()
12 FCPATH/index.php(79): CodeIgniter\CodeIgniter->run()
13 SYSTEMPATH/Commands/Server/rewrite.php(47): require_once('/opt/lampp/htdocs/ci4_biblioteca/public/index.php')
CRITICAL - 2024-06-04 18:32:51 --> [Caused by] mysqli_sql_exception: Cannot add or update a child row: a foreign key constraint fails (`biblioteca`.`livro`, CONSTRAINT `livro_ibfk_1` FOREIGN KEY (`id_obra`) REFERENCES `obra` (`id`))
in SYSTEMPATH/Database/MySQLi/Connection.php on line 306.
 1 SYSTEMPATH/Database/MySQLi/Connection.php(306): mysqli->query()
 2 SYSTEMPATH/Database/BaseConnection.php(693): CodeIgniter\Database\MySQLi\Connection->execute()
 3 SYSTEMPATH/Database/BaseConnection.php(607): CodeIgniter\Database\BaseConnection->simpleQuery()
 4 SYSTEMPATH/Database/BaseBuilder.php(2307): CodeIgniter\Database\BaseConnection->query()
 5 SYSTEMPATH/Model.php(326): CodeIgniter\Database\BaseBuilder->insert()
 6 SYSTEMPATH/BaseModel.php(802): CodeIgniter\Model->doInsert()
 7 SYSTEMPATH/Model.php(744): CodeIgniter\BaseModel->insert()
 8 SYSTEMPATH/BaseModel.php(713): CodeIgniter\Model->insert()
 9 APPPATH/Controllers/Livro.php(30): CodeIgniter\BaseModel->save()
10 SYSTEMPATH/CodeIgniter.php(941): App\Controllers\Livro->cadastrar()
11 SYSTEMPATH/CodeIgniter.php(502): CodeIgniter\CodeIgniter->runController()
12 SYSTEMPATH/CodeIgniter.php(361): CodeIgniter\CodeIgniter->handleRequest()
13 FCPATH/index.php(79): CodeIgniter\CodeIgniter->run()
14 SYSTEMPATH/Commands/Server/rewrite.php(47): require_once('/opt/lampp/htdocs/ci4_biblioteca/public/index.php')
ERROR - 2024-06-04 18:33:00 --> mysqli_sql_exception: Cannot add or update a child row: a foreign key constraint fails (`biblioteca`.`livro`, CONSTRAINT `livro_ibfk_1` FOREIGN KEY (`id_obra`) REFERENCES `obra` (`id`)) in /opt/lampp/htdocs/ci4_biblioteca/system/Database/MySQLi/Connection.php:306
Stack trace:
#0 /opt/lampp/htdocs/ci4_biblioteca/system/Database/MySQLi/Connection.php(306): mysqli->query()
#1 /opt/lampp/htdocs/ci4_biblioteca/system/Database/BaseConnection.php(693): CodeIgniter\Database\MySQLi\Connection->execute()
#2 /opt/lampp/htdocs/ci4_biblioteca/system/Database/BaseConnection.php(607): CodeIgniter\Database\BaseConnection->simpleQuery()
#3 /opt/lampp/htdocs/ci4_biblioteca/system/Database/BaseBuilder.php(2307): CodeIgniter\Database\BaseConnection->query()
#4 /opt/lampp/htdocs/ci4_biblioteca/system/Model.php(326): CodeIgniter\Database\BaseBuilder->insert()
#5 /opt/lampp/htdocs/ci4_biblioteca/system/BaseModel.php(802): CodeIgniter\Model->doInsert()
#6 /opt/lampp/htdocs/ci4_biblioteca/system/Model.php(744): CodeIgniter\BaseModel->insert()
#7 /opt/lampp/htdocs/ci4_biblioteca/system/BaseModel.php(713): CodeIgniter\Model->insert()
#8 /opt/lampp/htdocs/ci4_biblioteca/app/Controllers/Livro.php(30): CodeIgniter\BaseModel->save()
#9 /opt/lampp/htdocs/ci4_biblioteca/system/CodeIgniter.php(941): App\Controllers\Livro->cadastrar()
#10 /opt/lampp/htdocs/ci4_biblioteca/system/CodeIgniter.php(502): CodeIgniter\CodeIgniter->runController()
#11 /opt/lampp/htdocs/ci4_biblioteca/system/CodeIgniter.php(361): CodeIgniter\CodeIgniter->handleRequest()
#12 /opt/lampp/htdocs/ci4_biblioteca/public/index.php(79): CodeIgniter\CodeIgniter->run()
#13 /opt/lampp/htdocs/ci4_biblioteca/system/Commands/Server/rewrite.php(47): require_once('...')
#14 {main}
CRITICAL - 2024-06-04 18:33:00 --> CodeIgniter\Database\Exceptions\DatabaseException: Cannot add or update a child row: a foreign key constraint fails (`biblioteca`.`livro`, CONSTRAINT `livro_ibfk_1` FOREIGN KEY (`id_obra`) REFERENCES `obra` (`id`))
in SYSTEMPATH/Database/BaseConnection.php on line 647.
 1 SYSTEMPATH/Database/BaseBuilder.php(2307): CodeIgniter\Database\BaseConnection->query()
 2 SYSTEMPATH/Model.php(326): CodeIgniter\Database\BaseBuilder->insert()
 3 SYSTEMPATH/BaseModel.php(802): CodeIgniter\Model->doInsert()
 4 SYSTEMPATH/Model.php(744): CodeIgniter\BaseModel->insert()
 5 SYSTEMPATH/BaseModel.php(713): CodeIgniter\Model->insert()
 6 APPPATH/Controllers/Livro.php(30): CodeIgniter\BaseModel->save()
 7 SYSTEMPATH/CodeIgniter.php(941): App\Controllers\Livro->cadastrar()
 8 SYSTEMPATH/CodeIgniter.php(502): CodeIgniter\CodeIgniter->runController()
 9 SYSTEMPATH/CodeIgniter.php(361): CodeIgniter\CodeIgniter->handleRequest()
10 FCPATH/index.php(79): CodeIgniter\CodeIgniter->run()
11 SYSTEMPATH/Commands/Server/rewrite.php(47): require_once('/opt/lampp/htdocs/ci4_biblioteca/public/index.php')
CRITICAL - 2024-06-04 18:33:00 --> [Caused by] CodeIgniter\Database\Exceptions\DatabaseException: Cannot add or update a child row: a foreign key constraint fails (`biblioteca`.`livro`, CONSTRAINT `livro_ibfk_1` FOREIGN KEY (`id_obra`) REFERENCES `obra` (`id`))
in SYSTEMPATH/Database/MySQLi/Connection.php on line 311.
 1 SYSTEMPATH/Database/BaseConnection.php(693): CodeIgniter\Database\MySQLi\Connection->execute()
 2 SYSTEMPATH/Database/BaseConnection.php(607): CodeIgniter\Database\BaseConnection->simpleQuery()
 3 SYSTEMPATH/Database/BaseBuilder.php(2307): CodeIgniter\Database\BaseConnection->query()
 4 SYSTEMPATH/Model.php(326): CodeIgniter\Database\BaseBuilder->insert()
 5 SYSTEMPATH/BaseModel.php(802): CodeIgniter\Model->doInsert()
 6 SYSTEMPATH/Model.php(744): CodeIgniter\BaseModel->insert()
 7 SYSTEMPATH/BaseModel.php(713): CodeIgniter\Model->insert()
 8 APPPATH/Controllers/Livro.php(30): CodeIgniter\BaseModel->save()
 9 SYSTEMPATH/CodeIgniter.php(941): App\Controllers\Livro->cadastrar()
10 SYSTEMPATH/CodeIgniter.php(502): CodeIgniter\CodeIgniter->runController()
11 SYSTEMPATH/CodeIgniter.php(361): CodeIgniter\CodeIgniter->handleRequest()
12 FCPATH/index.php(79): CodeIgniter\CodeIgniter->run()
13 SYSTEMPATH/Commands/Server/rewrite.php(47): require_once('/opt/lampp/htdocs/ci4_biblioteca/public/index.php')
CRITICAL - 2024-06-04 18:33:00 --> [Caused by] mysqli_sql_exception: Cannot add or update a child row: a foreign key constraint fails (`biblioteca`.`livro`, CONSTRAINT `livro_ibfk_1` FOREIGN KEY (`id_obra`) REFERENCES `obra` (`id`))
in SYSTEMPATH/Database/MySQLi/Connection.php on line 306.
 1 SYSTEMPATH/Database/MySQLi/Connection.php(306): mysqli->query()
 2 SYSTEMPATH/Database/BaseConnection.php(693): CodeIgniter\Database\MySQLi\Connection->execute()
 3 SYSTEMPATH/Database/BaseConnection.php(607): CodeIgniter\Database\BaseConnection->simpleQuery()
 4 SYSTEMPATH/Database/BaseBuilder.php(2307): CodeIgniter\Database\BaseConnection->query()
 5 SYSTEMPATH/Model.php(326): CodeIgniter\Database\BaseBuilder->insert()
 6 SYSTEMPATH/BaseModel.php(802): CodeIgniter\Model->doInsert()
 7 SYSTEMPATH/Model.php(744): CodeIgniter\BaseModel->insert()
 8 SYSTEMPATH/BaseModel.php(713): CodeIgniter\Model->insert()
 9 APPPATH/Controllers/Livro.php(30): CodeIgniter\BaseModel->save()
10 SYSTEMPATH/CodeIgniter.php(941): App\Controllers\Livro->cadastrar()
11 SYSTEMPATH/CodeIgniter.php(502): CodeIgniter\CodeIgniter->runController()
12 SYSTEMPATH/CodeIgniter.php(361): CodeIgniter\CodeIgniter->handleRequest()
13 FCPATH/index.php(79): CodeIgniter\CodeIgniter->run()
14 SYSTEMPATH/Commands/Server/rewrite.php(47): require_once('/opt/lampp/htdocs/ci4_biblioteca/public/index.php')
ERROR - 2024-06-04 18:34:13 --> mysqli_sql_exception: Cannot add or update a child row: a foreign key constraint fails (`biblioteca`.`livro`, CONSTRAINT `livro_ibfk_1` FOREIGN KEY (`id_obra`) REFERENCES `obra` (`id`)) in /opt/lampp/htdocs/ci4_biblioteca/system/Database/MySQLi/Connection.php:306
Stack trace:
#0 /opt/lampp/htdocs/ci4_biblioteca/system/Database/MySQLi/Connection.php(306): mysqli->query()
#1 /opt/lampp/htdocs/ci4_biblioteca/system/Database/BaseConnection.php(693): CodeIgniter\Database\MySQLi\Connection->execute()
#2 /opt/lampp/htdocs/ci4_biblioteca/system/Database/BaseConnection.php(607): CodeIgniter\Database\BaseConnection->simpleQuery()
#3 /opt/lampp/htdocs/ci4_biblioteca/system/Database/BaseBuilder.php(2307): CodeIgniter\Database\BaseConnection->query()
#4 /opt/lampp/htdocs/ci4_biblioteca/system/Model.php(326): CodeIgniter\Database\BaseBuilder->insert()
#5 /opt/lampp/htdocs/ci4_biblioteca/system/BaseModel.php(802): CodeIgniter\Model->doInsert()
#6 /opt/lampp/htdocs/ci4_biblioteca/system/Model.php(744): CodeIgniter\BaseModel->insert()
#7 /opt/lampp/htdocs/ci4_biblioteca/system/BaseModel.php(713): CodeIgniter\Model->insert()
#8 /opt/lampp/htdocs/ci4_biblioteca/app/Controllers/Livro.php(30): CodeIgniter\BaseModel->save()
#9 /opt/lampp/htdocs/ci4_biblioteca/system/CodeIgniter.php(941): App\Controllers\Livro->cadastrar()
#10 /opt/lampp/htdocs/ci4_biblioteca/system/CodeIgniter.php(502): CodeIgniter\CodeIgniter->runController()
#11 /opt/lampp/htdocs/ci4_biblioteca/system/CodeIgniter.php(361): CodeIgniter\CodeIgniter->handleRequest()
#12 /opt/lampp/htdocs/ci4_biblioteca/public/index.php(79): CodeIgniter\CodeIgniter->run()
#13 /opt/lampp/htdocs/ci4_biblioteca/system/Commands/Server/rewrite.php(47): require_once('...')
#14 {main}
CRITICAL - 2024-06-04 18:34:13 --> CodeIgniter\Database\Exceptions\DatabaseException: Cannot add or update a child row: a foreign key constraint fails (`biblioteca`.`livro`, CONSTRAINT `livro_ibfk_1` FOREIGN KEY (`id_obra`) REFERENCES `obra` (`id`))
in SYSTEMPATH/Database/BaseConnection.php on line 647.
 1 SYSTEMPATH/Database/BaseBuilder.php(2307): CodeIgniter\Database\BaseConnection->query()
 2 SYSTEMPATH/Model.php(326): CodeIgniter\Database\BaseBuilder->insert()
 3 SYSTEMPATH/BaseModel.php(802): CodeIgniter\Model->doInsert()
 4 SYSTEMPATH/Model.php(744): CodeIgniter\BaseModel->insert()
 5 SYSTEMPATH/BaseModel.php(713): CodeIgniter\Model->insert()
 6 APPPATH/Controllers/Livro.php(30): CodeIgniter\BaseModel->save()
 7 SYSTEMPATH/CodeIgniter.php(941): App\Controllers\Livro->cadastrar()
 8 SYSTEMPATH/CodeIgniter.php(502): CodeIgniter\CodeIgniter->runController()
 9 SYSTEMPATH/CodeIgniter.php(361): CodeIgniter\CodeIgniter->handleRequest()
10 FCPATH/index.php(79): CodeIgniter\CodeIgniter->run()
11 SYSTEMPATH/Commands/Server/rewrite.php(47): require_once('/opt/lampp/htdocs/ci4_biblioteca/public/index.php')
CRITICAL - 2024-06-04 18:34:13 --> [Caused by] CodeIgniter\Database\Exceptions\DatabaseException: Cannot add or update a child row: a foreign key constraint fails (`biblioteca`.`livro`, CONSTRAINT `livro_ibfk_1` FOREIGN KEY (`id_obra`) REFERENCES `obra` (`id`))
in SYSTEMPATH/Database/MySQLi/Connection.php on line 311.
 1 SYSTEMPATH/Database/BaseConnection.php(693): CodeIgniter\Database\MySQLi\Connection->execute()
 2 SYSTEMPATH/Database/BaseConnection.php(607): CodeIgniter\Database\BaseConnection->simpleQuery()
 3 SYSTEMPATH/Database/BaseBuilder.php(2307): CodeIgniter\Database\BaseConnection->query()
 4 SYSTEMPATH/Model.php(326): CodeIgniter\Database\BaseBuilder->insert()
 5 SYSTEMPATH/BaseModel.php(802): CodeIgniter\Model->doInsert()
 6 SYSTEMPATH/Model.php(744): CodeIgniter\BaseModel->insert()
 7 SYSTEMPATH/BaseModel.php(713): CodeIgniter\Model->insert()
 8 APPPATH/Controllers/Livro.php(30): CodeIgniter\BaseModel->save()
 9 SYSTEMPATH/CodeIgniter.php(941): App\Controllers\Livro->cadastrar()
10 SYSTEMPATH/CodeIgniter.php(502): CodeIgniter\CodeIgniter->runController()
11 SYSTEMPATH/CodeIgniter.php(361): CodeIgniter\CodeIgniter->handleRequest()
12 FCPATH/index.php(79): CodeIgniter\CodeIgniter->run()
13 SYSTEMPATH/Commands/Server/rewrite.php(47): require_once('/opt/lampp/htdocs/ci4_biblioteca/public/index.php')
CRITICAL - 2024-06-04 18:34:13 --> [Caused by] mysqli_sql_exception: Cannot add or update a child row: a foreign key constraint fails (`biblioteca`.`livro`, CONSTRAINT `livro_ibfk_1` FOREIGN KEY (`id_obra`) REFERENCES `obra` (`id`))
in SYSTEMPATH/Database/MySQLi/Connection.php on line 306.
 1 SYSTEMPATH/Database/MySQLi/Connection.php(306): mysqli->query()
 2 SYSTEMPATH/Database/BaseConnection.php(693): CodeIgniter\Database\MySQLi\Connection->execute()
 3 SYSTEMPATH/Database/BaseConnection.php(607): CodeIgniter\Database\BaseConnection->simpleQuery()
 4 SYSTEMPATH/Database/BaseBuilder.php(2307): CodeIgniter\Database\BaseConnection->query()
 5 SYSTEMPATH/Model.php(326): CodeIgniter\Database\BaseBuilder->insert()
 6 SYSTEMPATH/BaseModel.php(802): CodeIgniter\Model->doInsert()
 7 SYSTEMPATH/Model.php(744): CodeIgniter\BaseModel->insert()
 8 SYSTEMPATH/BaseModel.php(713): CodeIgniter\Model->insert()
 9 APPPATH/Controllers/Livro.php(30): CodeIgniter\BaseModel->save()
10 SYSTEMPATH/CodeIgniter.php(941): App\Controllers\Livro->cadastrar()
11 SYSTEMPATH/CodeIgniter.php(502): CodeIgniter\CodeIgniter->runController()
12 SYSTEMPATH/CodeIgniter.php(361): CodeIgniter\CodeIgniter->handleRequest()
13 FCPATH/index.php(79): CodeIgniter\CodeIgniter->run()
14 SYSTEMPATH/Commands/Server/rewrite.php(47): require_once('/opt/lampp/htdocs/ci4_biblioteca/public/index.php')
CRITICAL - 2024-06-04 18:46:34 --> CodeIgniter\View\Exceptions\ViewException: Invalid file: "livro/edit_editora.php"
in SYSTEMPATH/Exceptions/FrameworkException.php on line 39.
 1 SYSTEMPATH/View/View.php(216): CodeIgniter\Exceptions\FrameworkException::forInvalidFile()
 2 SYSTEMPATH/Common.php(1178): CodeIgniter\View\View->render()
 3 APPPATH/Controllers/Livro.php(37): view()
 4 SYSTEMPATH/CodeIgniter.php(941): App\Controllers\Livro->editar()
 5 SYSTEMPATH/CodeIgniter.php(502): CodeIgniter\CodeIgniter->runController()
 6 SYSTEMPATH/CodeIgniter.php(361): CodeIgniter\CodeIgniter->handleRequest()
 7 FCPATH/index.php(79): CodeIgniter\CodeIgniter->run()
 8 SYSTEMPATH/Commands/Server/rewrite.php(47): require_once('/opt/lampp/htdocs/ci4_biblioteca/public/index.php')
CRITICAL - 2024-06-04 18:47:09 --> ErrorException: Undefined variable $obra
in APPPATH/Views/livro/edit.php on line 28.
 1 APPPATH/Views/livro/edit.php(28): CodeIgniter\Debug\Exceptions->errorHandler()
 2 SYSTEMPATH/View/View.php(228): include('/opt/lampp/htdocs/ci4_biblioteca/app/Views/livro/edit.php')
 3 SYSTEMPATH/View/View.php(231): CodeIgniter\View\View->CodeIgniter\View\{closure}()
 4 SYSTEMPATH/Common.php(1178): CodeIgniter\View\View->render()
 5 APPPATH/Controllers/Livro.php(37): view()
 6 SYSTEMPATH/CodeIgniter.php(941): App\Controllers\Livro->editar()
 7 SYSTEMPATH/CodeIgniter.php(502): CodeIgniter\CodeIgniter->runController()
 8 SYSTEMPATH/CodeIgniter.php(361): CodeIgniter\CodeIgniter->handleRequest()
 9 FCPATH/index.php(79): CodeIgniter\CodeIgniter->run()
10 SYSTEMPATH/Commands/Server/rewrite.php(47): require_once('/opt/lampp/htdocs/ci4_biblioteca/public/index.php')
